<?xml version="1.0" encoding="UTF-8"?>
<!-- Generated by org.testng.reporters.JUnitXMLReporter -->
<testsuite ignored="0" hostname="akhilessharma01" failures="0" tests="1" name="Default test" time="0.04" errors="0" timestamp="23 Mar 2021 06:19:07 GMT">
  <testcase classname="com.MSIL.Setup.BaseSetup" name="@BeforeTest beforeTest" time="0.0">
    <failure type="org.testng.TestNGException" message="
Parameter &amp;apos;env&amp;apos; is required by BeforeTest on method beforeTest but has not been marked @Optional or defined
in C:\Users\akhileshsharma01\AppData\Local\Temp\testng-eclipse--2103991331\testng-customsuite.xml">
      <![CDATA[org.testng.TestNGException: 
Parameter 'env' is required by BeforeTest on method beforeTest but has not been marked @Optional or defined
in C:\Users\akhileshsharma01\AppData\Local\Temp\testng-eclipse--2103991331\testng-customsuite.xml
	at org.testng.internal.Parameters.createParameters(Parameters.java:199)
	at org.testng.internal.Parameters.createParameters(Parameters.java:443)
	at org.testng.internal.Parameters.createConfigurationParameters(Parameters.java:118)
	at org.testng.internal.Invoker.invokeConfigurations(Invoker.java:206)
	at org.testng.internal.Invoker.invokeConfigurations(Invoker.java:146)
	at org.testng.TestRunner.beforeRun(TestRunner.java:626)
	at org.testng.TestRunner.run(TestRunner.java:594)
	at org.testng.SuiteRunner.runTest(SuiteRunner.java:380)
	at org.testng.SuiteRunner.runSequentially(SuiteRunner.java:375)
	at org.testng.SuiteRunner.privateRun(SuiteRunner.java:340)
	at org.testng.SuiteRunner.run(SuiteRunner.java:289)
	at org.testng.SuiteRunnerWorker.runSuite(SuiteRunnerWorker.java:52)
	at org.testng.SuiteRunnerWorker.run(SuiteRunnerWorker.java:86)
	at org.testng.TestNG.runSuitesSequentially(TestNG.java:1301)
	at org.testng.TestNG.runSuitesLocally(TestNG.java:1226)
	at org.testng.TestNG.runSuites(TestNG.java:1144)
	at org.testng.TestNG.run(TestNG.java:1115)
	at org.testng.remote.AbstractRemoteTestNG.run(AbstractRemoteTestNG.java:115)
	at org.testng.remote.RemoteTestNG.initAndRun(RemoteTestNG.java:251)
	at org.testng.remote.RemoteTestNG.main(RemoteTestNG.java:77)
]]>
    </failure>
  </testcase> <!-- @BeforeTest beforeTest -->
  <testcase classname="com.MSIL.Setup.BaseSetup" name="@BeforeClass beforClass" time="0.0">
    <skipped/>
  </testcase> <!-- @BeforeClass beforClass -->
  <testcase classname="com.MSIL.Setup.BaseSetup" name="@BeforeMethod beforeMethod" time="0.0">
    <skipped/>
  </testcase> <!-- @BeforeMethod beforeMethod -->
  <testcase classname="TestCases.Get_Whitelist_TC" name="Get_Whitelist" time="0.0">
    <skipped/>
  </testcase> <!-- Get_Whitelist -->
</testsuite> <!-- Default test -->
