<?xml version="1.0" encoding="UTF-8"?>
<!-- Generated by org.testng.reporters.JUnitXMLReporter -->
<testsuite hostname="gurenderkush" ignored="20" name="API Test" tests="9" failures="1" timestamp="09 Mar 2021 09:49:58 GMT" time="163.615" errors="0">
  <testcase name="s_otp" time="2.971" classname="TestCases.Send_OTP"/>
  <testcase name="gen_auth_token" time="4.855" classname="TestCases.generateToken"/>
  <testcase name="customer_regsiter_send_otp" time="1.201" classname="TestCases.Customer_Register_Send_Otp"/>
  <testcase name="invalid_mobile_send_otp" time="0.843" classname="TestCases.Customer_Register_Send_Otp"/>
  <testcase name="customer_verify_otp" time="0.92" classname="TestCases.Common_Cust_Verify_Otp"/>
  <testcase name="customer_register_cognito" time="150.254" classname="TestCases.Customer_Register_Cognito">
    <skipped/>
  </testcase> <!-- customer_register_cognito -->
  <testcase name="customer_register_cognito" time="0.002" classname="TestCases.Customer_Register_Cognito">
    <skipped/>
  </testcase> <!-- customer_register_cognito -->
  <testcase name="customer_register_cognito" time="0.001" classname="TestCases.Customer_Register_Cognito">
    <failure type="java.lang.IllegalArgumentException" message="wrong number of arguments">
      <![CDATA[java.lang.IllegalArgumentException: wrong number of arguments
... Removed 25 stack frames]]>
    </failure>
  </testcase> <!-- customer_register_cognito -->
  <testcase name="leasing_ranking" time="1.699" classname="TestCases.Leasing_Partner_Ranking"/>
  <testcase name="@AfterSuite afterSuite" time="0.0" classname="com.MSIL.Setup.BaseSetup">
    <ignored/>
  </testcase> <!-- @AfterSuite afterSuite -->
  <testcase name="@AfterSuite afterSuite" time="0.0" classname="com.MSIL.Setup.BaseSetup">
    <ignored/>
  </testcase> <!-- @AfterSuite afterSuite -->
  <testcase name="@AfterSuite afterSuite" time="0.0" classname="com.MSIL.Setup.BaseSetup">
    <ignored/>
  </testcase> <!-- @AfterSuite afterSuite -->
  <testcase name="@AfterSuite afterSuite" time="0.0" classname="com.MSIL.Setup.BaseSetup">
    <ignored/>
  </testcase> <!-- @AfterSuite afterSuite -->
  <testcase name="@AfterSuite afterSuite" time="0.0" classname="com.MSIL.Setup.BaseSetup">
    <ignored/>
  </testcase> <!-- @AfterSuite afterSuite -->
  <testcase name="@BeforeTest beforeTest" time="0.0" classname="com.MSIL.Setup.BaseSetup">
    <ignored/>
  </testcase> <!-- @BeforeTest beforeTest -->
  <testcase name="@BeforeTest beforeTest" time="0.0" classname="com.MSIL.Setup.BaseSetup">
    <ignored/>
  </testcase> <!-- @BeforeTest beforeTest -->
  <testcase name="@BeforeTest beforeTest" time="0.0" classname="com.MSIL.Setup.BaseSetup">
    <ignored/>
  </testcase> <!-- @BeforeTest beforeTest -->
  <testcase name="@BeforeTest beforeTest" time="0.0" classname="com.MSIL.Setup.BaseSetup">
    <ignored/>
  </testcase> <!-- @BeforeTest beforeTest -->
  <testcase name="@BeforeTest beforeTest" time="0.0" classname="com.MSIL.Setup.BaseSetup">
    <ignored/>
  </testcase> <!-- @BeforeTest beforeTest -->
  <testcase name="@BeforeSuite configure" time="0.0" classname="com.MSIL.Setup.RestAssuredSetup">
    <ignored/>
  </testcase> <!-- @BeforeSuite configure -->
  <testcase name="@BeforeSuite configure" time="0.0" classname="com.MSIL.Setup.RestAssuredSetup">
    <ignored/>
  </testcase> <!-- @BeforeSuite configure -->
  <testcase name="@BeforeSuite configure" time="0.0" classname="com.MSIL.Setup.RestAssuredSetup">
    <ignored/>
  </testcase> <!-- @BeforeSuite configure -->
  <testcase name="@BeforeSuite configure" time="0.0" classname="com.MSIL.Setup.RestAssuredSetup">
    <ignored/>
  </testcase> <!-- @BeforeSuite configure -->
  <testcase name="@BeforeSuite configure" time="0.0" classname="com.MSIL.Setup.RestAssuredSetup">
    <ignored/>
  </testcase> <!-- @BeforeSuite configure -->
  <testcase name="@BeforeSuite setup" time="0.0" classname="com.MSIL.Setup.BaseSetup">
    <ignored/>
  </testcase> <!-- @BeforeSuite setup -->
  <testcase name="@BeforeSuite setup" time="0.0" classname="com.MSIL.Setup.BaseSetup">
    <ignored/>
  </testcase> <!-- @BeforeSuite setup -->
  <testcase name="@BeforeSuite setup" time="0.0" classname="com.MSIL.Setup.BaseSetup">
    <ignored/>
  </testcase> <!-- @BeforeSuite setup -->
  <testcase name="@BeforeSuite setup" time="0.0" classname="com.MSIL.Setup.BaseSetup">
    <ignored/>
  </testcase> <!-- @BeforeSuite setup -->
  <testcase name="@BeforeSuite setup" time="0.0" classname="com.MSIL.Setup.BaseSetup">
    <ignored/>
  </testcase> <!-- @BeforeSuite setup -->
</testsuite> <!-- API Test -->
