<?xml version="1.0" encoding="UTF-8"?>
<!-- Generated by org.testng.reporters.JUnitXMLReporter -->
<testsuite ignored="20" hostname="nehajha" failures="0" tests="7" name="API Test" time="23.692" errors="0" timestamp="16 Mar 2021 10:32:50 GMT">
  <testcase classname="TestCases.Send_OTP" name="s_otp" time="2.395"/>
  <testcase classname="TestCases.generateToken" name="gen_auth_token" time="2.26"/>
  <testcase classname="TestCases.Customer_Register_Send_Otp" name="customer_regsiter_send_otp" time="0.785"/>
  <testcase classname="TestCases.Customer_Register_Send_Otp" name="invalid_mobile_send_otp" time="0.288"/>
  <testcase classname="TestCases.Common_Cust_Verify_Otp" name="customer_verify_otp" time="0.434"/>
  <testcase classname="TestCases.Customer_Register_Cognito" name="customer_register_cognito" time="16.501"/>
  <testcase classname="TestCases.Model_Hero_Image_API_TC" name="car_basison_ranking" time="0.386"/>
  <testcase classname="com.MSIL.Setup.BaseSetup" name="@AfterSuite afterSuite" time="0.0">
    <ignored/>
  </testcase> <!-- @AfterSuite afterSuite -->
  <testcase classname="com.MSIL.Setup.BaseSetup" name="@AfterSuite afterSuite" time="0.0">
    <ignored/>
  </testcase> <!-- @AfterSuite afterSuite -->
  <testcase classname="com.MSIL.Setup.BaseSetup" name="@AfterSuite afterSuite" time="0.0">
    <ignored/>
  </testcase> <!-- @AfterSuite afterSuite -->
  <testcase classname="com.MSIL.Setup.BaseSetup" name="@AfterSuite afterSuite" time="0.0">
    <ignored/>
  </testcase> <!-- @AfterSuite afterSuite -->
  <testcase classname="com.MSIL.Setup.BaseSetup" name="@AfterSuite afterSuite" time="0.0">
    <ignored/>
  </testcase> <!-- @AfterSuite afterSuite -->
  <testcase classname="com.MSIL.Setup.BaseSetup" name="@BeforeTest beforeTest" time="0.0">
    <ignored/>
  </testcase> <!-- @BeforeTest beforeTest -->
  <testcase classname="com.MSIL.Setup.BaseSetup" name="@BeforeTest beforeTest" time="0.0">
    <ignored/>
  </testcase> <!-- @BeforeTest beforeTest -->
  <testcase classname="com.MSIL.Setup.BaseSetup" name="@BeforeTest beforeTest" time="0.0">
    <ignored/>
  </testcase> <!-- @BeforeTest beforeTest -->
  <testcase classname="com.MSIL.Setup.BaseSetup" name="@BeforeTest beforeTest" time="0.0">
    <ignored/>
  </testcase> <!-- @BeforeTest beforeTest -->
  <testcase classname="com.MSIL.Setup.BaseSetup" name="@BeforeTest beforeTest" time="0.0">
    <ignored/>
  </testcase> <!-- @BeforeTest beforeTest -->
  <testcase classname="com.MSIL.Setup.RestAssuredSetup" name="@BeforeSuite configure" time="0.0">
    <ignored/>
  </testcase> <!-- @BeforeSuite configure -->
  <testcase classname="com.MSIL.Setup.RestAssuredSetup" name="@BeforeSuite configure" time="0.0">
    <ignored/>
  </testcase> <!-- @BeforeSuite configure -->
  <testcase classname="com.MSIL.Setup.RestAssuredSetup" name="@BeforeSuite configure" time="0.0">
    <ignored/>
  </testcase> <!-- @BeforeSuite configure -->
  <testcase classname="com.MSIL.Setup.RestAssuredSetup" name="@BeforeSuite configure" time="0.0">
    <ignored/>
  </testcase> <!-- @BeforeSuite configure -->
  <testcase classname="com.MSIL.Setup.RestAssuredSetup" name="@BeforeSuite configure" time="0.0">
    <ignored/>
  </testcase> <!-- @BeforeSuite configure -->
  <testcase classname="com.MSIL.Setup.BaseSetup" name="@BeforeSuite setup" time="0.0">
    <ignored/>
  </testcase> <!-- @BeforeSuite setup -->
  <testcase classname="com.MSIL.Setup.BaseSetup" name="@BeforeSuite setup" time="0.0">
    <ignored/>
  </testcase> <!-- @BeforeSuite setup -->
  <testcase classname="com.MSIL.Setup.BaseSetup" name="@BeforeSuite setup" time="0.0">
    <ignored/>
  </testcase> <!-- @BeforeSuite setup -->
  <testcase classname="com.MSIL.Setup.BaseSetup" name="@BeforeSuite setup" time="0.0">
    <ignored/>
  </testcase> <!-- @BeforeSuite setup -->
  <testcase classname="com.MSIL.Setup.BaseSetup" name="@BeforeSuite setup" time="0.0">
    <ignored/>
  </testcase> <!-- @BeforeSuite setup -->
</testsuite> <!-- API Test -->
