<?xml version="1.0" encoding="UTF-8"?>
<testng-results skipped="0" failed="0" ignored="100" total="279" passed="179">
  <reporter-output>
  </reporter-output>
  <suite name="Suite" duration-ms="151881" started-at="2021-08-09T07:43:58Z" finished-at="2021-08-09T07:46:30Z">
    <groups>
      <group name="Sanity">
        <method signature="All_Master_Generic_API.all_master_generic_api(java.util.Hashtable, org.testng.ITestContext)[pri:0, instance:TestCases.All_Master_Generic_API@bcec361]" name="all_master_generic_api" class="TestCases.All_Master_Generic_API"/>
        <method signature="City_Master_API_TC.city_master(java.util.Hashtable, org.testng.ITestContext)[pri:0, instance:TestCases.City_Master_API_TC@26794848]" name="city_master" class="TestCases.City_Master_API_TC"/>
        <method signature="City_Master_Number_Plate_TC.city_master(java.util.Hashtable, org.testng.ITestContext)[pri:0, instance:TestCases.City_Master_Number_Plate_TC@1ce24091]" name="city_master" class="TestCases.City_Master_Number_Plate_TC"/>
        <method signature="Common_Cust_Verify_Otp.customer_verify_otp(java.util.Hashtable, org.testng.ITestContext)[pri:0, instance:TestCases.Common_Cust_Verify_Otp@3c9754d8]" name="customer_verify_otp" class="TestCases.Common_Cust_Verify_Otp"/>
        <method signature="CustomerAddressGet.get_customer_address(java.util.Hashtable, org.testng.ITestContext)[pri:0, instance:TestCases.CustomerAddressGet@49438269]" name="get_customer_address" class="TestCases.CustomerAddressGet"/>
        <method signature="Customer_Registartion.customer_registration(java.util.Hashtable, org.testng.ITestContext)[pri:0, instance:TestCases.Customer_Registartion@79079097]" name="customer_registration" class="TestCases.Customer_Registartion"/>
        <method signature="Customer_Register_Cognito.customer_register_cognito(java.util.Hashtable, org.testng.ITestContext)[pri:0, instance:TestCases.Customer_Register_Cognito@3bf7ca37]" name="customer_register_cognito" class="TestCases.Customer_Register_Cognito"/>
        <method signature="Customer_Register_Send_Otp.customer_regsiter_send_otp(java.util.Hashtable, org.testng.ITestContext)[pri:0, instance:TestCases.Customer_Register_Send_Otp@198b6731]" name="customer_regsiter_send_otp" class="TestCases.Customer_Register_Send_Otp"/>
        <method signature="Fectch_Nearest_Dealer.fetch_nearest_dealer(java.util.Hashtable, org.testng.ITestContext)[pri:0, instance:TestCases.Fectch_Nearest_Dealer@40005471]" name="fetch_nearest_dealer" class="TestCases.Fectch_Nearest_Dealer"/>
        <method signature="Subscription_Tenure_TC.Subscription_tenure(java.util.Hashtable, org.testng.ITestContext)[pri:0, instance:TestCases.Subscription_Tenure_TC@2aceadd4]" name="Subscription_tenure" class="TestCases.Subscription_Tenure_TC"/>
        <method signature="Vehicle_Configure_TC.Vehicle_configure(java.util.Hashtable, org.testng.ITestContext)[pri:0, instance:TestCases.Vehicle_Configure_TC@24aed80c]" name="Vehicle_configure" class="TestCases.Vehicle_Configure_TC"/>
        <method signature="Vehicle_Details_TC.Vehicle_details(java.util.Hashtable, org.testng.ITestContext)[pri:0, instance:TestCases.Vehicle_Details_TC@3a52dba3]" name="Vehicle_details" class="TestCases.Vehicle_Details_TC"/>
        <method signature="WhiteList_Ref_isHybrid_TC.Whitelist_Ref_ishybrid(java.util.Hashtable, org.testng.ITestContext)[pri:0, instance:TestCases.WhiteList_Ref_isHybrid_TC@5dda768f]" name="Whitelist_Ref_ishybrid" class="TestCases.WhiteList_Ref_isHybrid_TC"/>
        <method signature="verify_vehicle_List_TC.verify_list(java.util.Hashtable, org.testng.ITestContext)[pri:0, instance:TestCases.verify_vehicle_List_TC@7a8c8dcf]" name="verify_list" class="TestCases.verify_vehicle_List_TC"/>
      </group> <!-- Sanity -->
      <group name="Regression">
        <method signature="Add_Customer_Address.add_customer_address(java.util.Hashtable, org.testng.ITestContext)[pri:0, instance:TestCases.Add_Customer_Address@367ffa75]" name="add_customer_address" class="TestCases.Add_Customer_Address"/>
        <method signature="All_Master_Generic_API.all_master_generic_api(java.util.Hashtable, org.testng.ITestContext)[pri:0, instance:TestCases.All_Master_Generic_API@bcec361]" name="all_master_generic_api" class="TestCases.All_Master_Generic_API"/>
        <method signature="Car_Model_Ranking.car_basison_ranking(java.util.Hashtable, org.testng.ITestContext)[pri:0, instance:TestCases.Car_Model_Ranking@302552ec]" name="car_basison_ranking" class="TestCases.Car_Model_Ranking"/>
        <method signature="City_Master_API_TC.city_master(java.util.Hashtable, org.testng.ITestContext)[pri:0, instance:TestCases.City_Master_API_TC@26794848]" name="city_master" class="TestCases.City_Master_API_TC"/>
        <method signature="City_Master_Number_Plate_TC.city_master(java.util.Hashtable, org.testng.ITestContext)[pri:0, instance:TestCases.City_Master_Number_Plate_TC@1ce24091]" name="city_master" class="TestCases.City_Master_Number_Plate_TC"/>
        <method signature="Common_Cust_Verify_Otp.customer_verify_otp(java.util.Hashtable, org.testng.ITestContext)[pri:0, instance:TestCases.Common_Cust_Verify_Otp@3c9754d8]" name="customer_verify_otp" class="TestCases.Common_Cust_Verify_Otp"/>
        <method signature="CustomerAddressGet.get_customer_address(java.util.Hashtable, org.testng.ITestContext)[pri:0, instance:TestCases.CustomerAddressGet@49438269]" name="get_customer_address" class="TestCases.CustomerAddressGet"/>
        <method signature="Customer_Exists.customer_exists(java.util.Hashtable, org.testng.ITestContext)[pri:0, instance:TestCases.Customer_Exists@4b2bac3f]" name="customer_exists" class="TestCases.Customer_Exists"/>
        <method signature="Customer_Registartion.customer_registration(java.util.Hashtable, org.testng.ITestContext)[pri:0, instance:TestCases.Customer_Registartion@79079097]" name="customer_registration" class="TestCases.Customer_Registartion"/>
        <method signature="Customer_Register_Cognito.customer_register_cognito(java.util.Hashtable, org.testng.ITestContext)[pri:0, instance:TestCases.Customer_Register_Cognito@3bf7ca37]" name="customer_register_cognito" class="TestCases.Customer_Register_Cognito"/>
        <method signature="Customer_Register_Send_Otp.customer_regsiter_send_otp(java.util.Hashtable, org.testng.ITestContext)[pri:0, instance:TestCases.Customer_Register_Send_Otp@198b6731]" name="customer_regsiter_send_otp" class="TestCases.Customer_Register_Send_Otp"/>
        <method signature="Customer_Register_Send_Otp.invalid_mobile_send_otp(java.util.Hashtable, org.testng.ITestContext)[pri:0, instance:TestCases.Customer_Register_Send_Otp@198b6731]" name="invalid_mobile_send_otp" class="TestCases.Customer_Register_Send_Otp"/>
        <method signature="Customer_Update.customer_Update(java.util.Hashtable, org.testng.ITestContext)[pri:0, instance:TestCases.Customer_Update@4d1c00d0]" name="customer_Update" class="TestCases.Customer_Update"/>
        <method signature="Fectch_Nearest_Dealer.fetch_nearest_dealer(java.util.Hashtable, org.testng.ITestContext)[pri:0, instance:TestCases.Fectch_Nearest_Dealer@40005471]" name="fetch_nearest_dealer" class="TestCases.Fectch_Nearest_Dealer"/>
        <method signature="GetCustomerByUUIDAndOccupationId.get_customer_occupation_UUID_ID(java.util.Hashtable, org.testng.ITestContext)[pri:0, instance:TestCases.GetCustomerByUUIDAndOccupationId@fbd1f6]" name="get_customer_occupation_UUID_ID" class="TestCases.GetCustomerByUUIDAndOccupationId"/>
        <method signature="GetCustomerOccupationById.get_customer_occupation(java.util.Hashtable, org.testng.ITestContext)[pri:0, instance:TestCases.GetCustomerOccupationById@55fe41ea]" name="get_customer_occupation" class="TestCases.GetCustomerOccupationById"/>
        <method signature="Get_Customer_Details.get_customer_details(java.util.Hashtable, org.testng.ITestContext)[pri:0, instance:TestCases.Get_Customer_Details@4e08711f]" name="get_customer_details" class="TestCases.Get_Customer_Details"/>
        <method signature="Get_Whitelist_TC.Get_Whitelist(java.util.Hashtable, org.testng.ITestContext)[pri:0, instance:TestCases.Get_Whitelist_TC@24269709]" name="Get_Whitelist" class="TestCases.Get_Whitelist_TC"/>
        <method signature="Leasing_Partner_Ranking.leasing_ranking(java.util.Hashtable, org.testng.ITestContext)[pri:0, instance:TestCases.Leasing_Partner_Ranking@3d285d7e]" name="leasing_ranking" class="TestCases.Leasing_Partner_Ranking"/>
        <method signature="Model_Hero_Image_API_TC.car_basison_ranking(java.util.Hashtable, org.testng.ITestContext)[pri:0, instance:TestCases.Model_Hero_Image_API_TC@2cd76f31]" name="car_basison_ranking" class="TestCases.Model_Hero_Image_API_TC"/>
        <method signature="SaveCustomerOccupation.save_customer_occupation(java.util.Hashtable, org.testng.ITestContext)[pri:0, instance:TestCases.SaveCustomerOccupation@1c1bbc4e]" name="save_customer_occupation" class="TestCases.SaveCustomerOccupation"/>
        <method signature="Subscription_Tenure_TC.Subscription_tenure(java.util.Hashtable, org.testng.ITestContext)[pri:0, instance:TestCases.Subscription_Tenure_TC@2aceadd4]" name="Subscription_tenure" class="TestCases.Subscription_Tenure_TC"/>
        <method signature="UpdateCustomerAddress.update_customer_address(java.util.Hashtable, org.testng.ITestContext)[pri:0, instance:TestCases.UpdateCustomerAddress@ba2f4ec]" name="update_customer_address" class="TestCases.UpdateCustomerAddress"/>
        <method signature="Vehicle_Configure_TC.Vehicle_configure(java.util.Hashtable, org.testng.ITestContext)[pri:0, instance:TestCases.Vehicle_Configure_TC@24aed80c]" name="Vehicle_configure" class="TestCases.Vehicle_Configure_TC"/>
        <method signature="Vehicle_Details_TC.Vehicle_details(java.util.Hashtable, org.testng.ITestContext)[pri:0, instance:TestCases.Vehicle_Details_TC@3a52dba3]" name="Vehicle_details" class="TestCases.Vehicle_Details_TC"/>
        <method signature="WhiteList_Ref_isHybrid_TC.Whitelist_Ref_ishybrid(java.util.Hashtable, org.testng.ITestContext)[pri:0, instance:TestCases.WhiteList_Ref_isHybrid_TC@5dda768f]" name="Whitelist_Ref_ishybrid" class="TestCases.WhiteList_Ref_isHybrid_TC"/>
        <method signature="verify_vehicle_List_TC.verify_list(java.util.Hashtable, org.testng.ITestContext)[pri:0, instance:TestCases.verify_vehicle_List_TC@7a8c8dcf]" name="verify_list" class="TestCases.verify_vehicle_List_TC"/>
      </group> <!-- Regression -->
      <group name="Smoke">
        <method signature="All_Master_Generic_API.all_master_generic_api(java.util.Hashtable, org.testng.ITestContext)[pri:0, instance:TestCases.All_Master_Generic_API@bcec361]" name="all_master_generic_api" class="TestCases.All_Master_Generic_API"/>
        <method signature="City_Master_API_TC.city_master(java.util.Hashtable, org.testng.ITestContext)[pri:0, instance:TestCases.City_Master_API_TC@26794848]" name="city_master" class="TestCases.City_Master_API_TC"/>
        <method signature="City_Master_Number_Plate_TC.city_master(java.util.Hashtable, org.testng.ITestContext)[pri:0, instance:TestCases.City_Master_Number_Plate_TC@1ce24091]" name="city_master" class="TestCases.City_Master_Number_Plate_TC"/>
        <method signature="Common_Cust_Verify_Otp.customer_verify_otp(java.util.Hashtable, org.testng.ITestContext)[pri:0, instance:TestCases.Common_Cust_Verify_Otp@3c9754d8]" name="customer_verify_otp" class="TestCases.Common_Cust_Verify_Otp"/>
        <method signature="CustomerAddressGet.get_customer_address(java.util.Hashtable, org.testng.ITestContext)[pri:0, instance:TestCases.CustomerAddressGet@49438269]" name="get_customer_address" class="TestCases.CustomerAddressGet"/>
        <method signature="Customer_Registartion.customer_registration(java.util.Hashtable, org.testng.ITestContext)[pri:0, instance:TestCases.Customer_Registartion@79079097]" name="customer_registration" class="TestCases.Customer_Registartion"/>
        <method signature="Customer_Register_Cognito.customer_register_cognito(java.util.Hashtable, org.testng.ITestContext)[pri:0, instance:TestCases.Customer_Register_Cognito@3bf7ca37]" name="customer_register_cognito" class="TestCases.Customer_Register_Cognito"/>
        <method signature="Customer_Register_Send_Otp.customer_regsiter_send_otp(java.util.Hashtable, org.testng.ITestContext)[pri:0, instance:TestCases.Customer_Register_Send_Otp@198b6731]" name="customer_regsiter_send_otp" class="TestCases.Customer_Register_Send_Otp"/>
        <method signature="Fectch_Nearest_Dealer.fetch_nearest_dealer(java.util.Hashtable, org.testng.ITestContext)[pri:0, instance:TestCases.Fectch_Nearest_Dealer@40005471]" name="fetch_nearest_dealer" class="TestCases.Fectch_Nearest_Dealer"/>
        <method signature="Get_Whitelist_TC.Get_Whitelist(java.util.Hashtable, org.testng.ITestContext)[pri:0, instance:TestCases.Get_Whitelist_TC@24269709]" name="Get_Whitelist" class="TestCases.Get_Whitelist_TC"/>
        <method signature="Subscription_Tenure_TC.Subscription_tenure(java.util.Hashtable, org.testng.ITestContext)[pri:0, instance:TestCases.Subscription_Tenure_TC@2aceadd4]" name="Subscription_tenure" class="TestCases.Subscription_Tenure_TC"/>
        <method signature="Vehicle_Configure_TC.Vehicle_configure(java.util.Hashtable, org.testng.ITestContext)[pri:0, instance:TestCases.Vehicle_Configure_TC@24aed80c]" name="Vehicle_configure" class="TestCases.Vehicle_Configure_TC"/>
        <method signature="Vehicle_Details_TC.Vehicle_details(java.util.Hashtable, org.testng.ITestContext)[pri:0, instance:TestCases.Vehicle_Details_TC@3a52dba3]" name="Vehicle_details" class="TestCases.Vehicle_Details_TC"/>
        <method signature="WhiteList_Ref_isHybrid_TC.Whitelist_Ref_ishybrid(java.util.Hashtable, org.testng.ITestContext)[pri:0, instance:TestCases.WhiteList_Ref_isHybrid_TC@5dda768f]" name="Whitelist_Ref_ishybrid" class="TestCases.WhiteList_Ref_isHybrid_TC"/>
        <method signature="verify_vehicle_List_TC.verify_list(java.util.Hashtable, org.testng.ITestContext)[pri:0, instance:TestCases.verify_vehicle_List_TC@7a8c8dcf]" name="verify_list" class="TestCases.verify_vehicle_List_TC"/>
      </group> <!-- Smoke -->
    </groups>
    <test name="API Test" duration-ms="151881" started-at="2021-08-09T07:43:58Z" finished-at="2021-08-09T07:46:30Z">
      <class name="TestCases.Customer_Exists">
        <test-method status="PASS" signature="beforeMethod()[pri:0, instance:TestCases.Customer_Exists@4b2bac3f]" name="beforeMethod" is-config="true" duration-ms="0" started-at="2021-08-09T13:14:29Z" finished-at="2021-08-09T13:14:29Z">
          <reporter-output>
          </reporter-output>
        </test-method> <!-- beforeMethod -->
        <test-method status="PASS" signature="customer_exists(java.util.Hashtable, org.testng.ITestContext)[pri:0, instance:TestCases.Customer_Exists@4b2bac3f]" name="customer_exists" duration-ms="527" started-at="2021-08-09T13:14:29Z" data-provider="dp" finished-at="2021-08-09T13:14:30Z">
          <params>
            <param index="0">
              <value>
                <![CDATA[{mobile=1, expectedMessage=, expectedErrorCode=200, endpoint=/customer/api/v1/exists}]]>
              </value>
            </param>
            <param index="1">
              <value>
                <![CDATA[org.testng.TestRunner@35d08e6c]]>
              </value>
            </param>
          </params>
          <reporter-output>
          </reporter-output>
        </test-method> <!-- customer_exists -->
        <test-method status="PASS" signature="beforClass()[pri:0, instance:TestCases.Customer_Exists@4b2bac3f]" name="beforClass" is-config="true" duration-ms="0" started-at="2021-08-09T13:14:29Z" finished-at="2021-08-09T13:14:29Z">
          <reporter-output>
          </reporter-output>
        </test-method> <!-- beforClass -->
        <test-method status="PASS" signature="afterMethod()[pri:0, instance:TestCases.Customer_Exists@4b2bac3f]" name="afterMethod" is-config="true" duration-ms="36" started-at="2021-08-09T13:14:30Z" finished-at="2021-08-09T13:14:30Z">
          <reporter-output>
          </reporter-output>
        </test-method> <!-- afterMethod -->
        <test-method status="PASS" signature="beforeMethod()[pri:0, instance:TestCases.Customer_Exists@4b2bac3f]" name="beforeMethod" is-config="true" duration-ms="0" started-at="2021-08-09T13:14:30Z" finished-at="2021-08-09T13:14:30Z">
          <reporter-output>
          </reporter-output>
        </test-method> <!-- beforeMethod -->
        <test-method status="PASS" signature="invalid_customer_exists(java.util.Hashtable, org.testng.ITestContext)[pri:0, instance:TestCases.Customer_Exists@4b2bac3f]" name="invalid_customer_exists" duration-ms="426" started-at="2021-08-09T13:14:30Z" data-provider="dp" finished-at="2021-08-09T13:14:30Z">
          <params>
            <param index="0">
              <value>
                <![CDATA[{mobile=, expectedMessage=Please provide valid mobile, expectedErrorCode=400, endpoint=/customer/api/v1/exists}]]>
              </value>
            </param>
            <param index="1">
              <value>
                <![CDATA[org.testng.TestRunner@35d08e6c]]>
              </value>
            </param>
          </params>
          <reporter-output>
          </reporter-output>
        </test-method> <!-- invalid_customer_exists -->
        <test-method status="PASS" signature="afterMethod()[pri:0, instance:TestCases.Customer_Exists@4b2bac3f]" name="afterMethod" is-config="true" duration-ms="31" started-at="2021-08-09T13:14:30Z" finished-at="2021-08-09T13:14:30Z">
          <reporter-output>
          </reporter-output>
        </test-method> <!-- afterMethod -->
        <test-method status="PASS" signature="invalid_customer_exists(java.util.Hashtable, org.testng.ITestContext)[pri:0, instance:TestCases.Customer_Exists@4b2bac3f]" name="invalid_customer_exists" duration-ms="447" started-at="2021-08-09T13:14:30Z" data-provider="dp" finished-at="2021-08-09T13:14:31Z">
          <params>
            <param index="0">
              <value>
                <![CDATA[{mobile=12345, expectedMessage=Please provide valid mobile, expectedErrorCode=400, endpoint=/customer/api/v1/exists}]]>
              </value>
            </param>
            <param index="1">
              <value>
                <![CDATA[org.testng.TestRunner@35d08e6c]]>
              </value>
            </param>
          </params>
          <reporter-output>
          </reporter-output>
        </test-method> <!-- invalid_customer_exists -->
        <test-method status="PASS" signature="beforeMethod()[pri:0, instance:TestCases.Customer_Exists@4b2bac3f]" name="beforeMethod" is-config="true" duration-ms="0" started-at="2021-08-09T13:14:30Z" finished-at="2021-08-09T13:14:30Z">
          <reporter-output>
          </reporter-output>
        </test-method> <!-- beforeMethod -->
        <test-method status="PASS" signature="afterMethod()[pri:0, instance:TestCases.Customer_Exists@4b2bac3f]" name="afterMethod" is-config="true" duration-ms="31" started-at="2021-08-09T13:14:31Z" finished-at="2021-08-09T13:14:31Z">
          <reporter-output>
          </reporter-output>
        </test-method> <!-- afterMethod -->
        <test-method status="PASS" signature="beforeMethod()[pri:0, instance:TestCases.Customer_Exists@4b2bac3f]" name="beforeMethod" is-config="true" duration-ms="0" started-at="2021-08-09T13:14:31Z" finished-at="2021-08-09T13:14:31Z">
          <reporter-output>
          </reporter-output>
        </test-method> <!-- beforeMethod -->
        <test-method status="PASS" signature="invalid_customer_exists(java.util.Hashtable, org.testng.ITestContext)[pri:0, instance:TestCases.Customer_Exists@4b2bac3f]" name="invalid_customer_exists" duration-ms="500" started-at="2021-08-09T13:14:31Z" data-provider="dp" finished-at="2021-08-09T13:14:31Z">
          <params>
            <param index="0">
              <value>
                <![CDATA[{mobile=9111111111, expectedMessage=Customer not exists., expectedErrorCode=400, endpoint=/customer/api/v1/exists}]]>
              </value>
            </param>
            <param index="1">
              <value>
                <![CDATA[org.testng.TestRunner@35d08e6c]]>
              </value>
            </param>
          </params>
          <reporter-output>
          </reporter-output>
        </test-method> <!-- invalid_customer_exists -->
        <test-method status="PASS" signature="afterMethod()[pri:0, instance:TestCases.Customer_Exists@4b2bac3f]" name="afterMethod" is-config="true" duration-ms="45" started-at="2021-08-09T13:14:31Z" finished-at="2021-08-09T13:14:31Z">
          <reporter-output>
          </reporter-output>
        </test-method> <!-- afterMethod -->
      </class> <!-- TestCases.Customer_Exists -->
      <class name="TestCases.All_Master_Generic_API">
        <test-method status="PASS" signature="all_master_generic_api(java.util.Hashtable, org.testng.ITestContext)[pri:0, instance:TestCases.All_Master_Generic_API@bcec361]" name="all_master_generic_api" duration-ms="417" started-at="2021-08-09T13:14:34Z" data-provider="dp" finished-at="2021-08-09T13:14:34Z">
          <params>
            <param index="0">
              <value>
                <![CDATA[{transmissionCategory=true, expectedErrorCode=200, variant=true, color=true, transmissionType=true, channelType=true, mileage=true, model=true, registrationType=true, expectedMessage=, bodyType=true, fuelType=true, endpoint=/api/subscribe/vehicle/vehicle-attributes-master}]]>
              </value>
            </param>
            <param index="1">
              <value>
                <![CDATA[org.testng.TestRunner@35d08e6c]]>
              </value>
            </param>
          </params>
          <reporter-output>
          </reporter-output>
        </test-method> <!-- all_master_generic_api -->
        <test-method status="PASS" signature="beforeMethod()[pri:0, instance:TestCases.All_Master_Generic_API@bcec361]" name="beforeMethod" is-config="true" duration-ms="0" started-at="2021-08-09T13:14:34Z" finished-at="2021-08-09T13:14:34Z">
          <reporter-output>
          </reporter-output>
        </test-method> <!-- beforeMethod -->
        <test-method status="PASS" signature="beforClass()[pri:0, instance:TestCases.All_Master_Generic_API@bcec361]" name="beforClass" is-config="true" duration-ms="0" started-at="2021-08-09T13:14:34Z" finished-at="2021-08-09T13:14:34Z">
          <reporter-output>
          </reporter-output>
        </test-method> <!-- beforClass -->
        <test-method status="PASS" signature="afterMethod()[pri:0, instance:TestCases.All_Master_Generic_API@bcec361]" name="afterMethod" is-config="true" duration-ms="35" started-at="2021-08-09T13:14:34Z" finished-at="2021-08-09T13:14:34Z">
          <reporter-output>
          </reporter-output>
        </test-method> <!-- afterMethod -->
        <test-method status="PASS" signature="all_master_generic_api(java.util.Hashtable, org.testng.ITestContext)[pri:0, instance:TestCases.All_Master_Generic_API@bcec361]" name="all_master_generic_api" duration-ms="311" started-at="2021-08-09T13:14:34Z" data-provider="dp" finished-at="2021-08-09T13:14:34Z">
          <params>
            <param index="0">
              <value>
                <![CDATA[{transmissionCategory=true, expectedErrorCode=200, variant=true, color=true, transmissionType=true, channelType=true, mileage=true, model=true, registrationType=true, expectedMessage=, bodyType=true, fuelType=false, endpoint=/api/subscribe/vehicle/vehicle-attributes-master}]]>
              </value>
            </param>
            <param index="1">
              <value>
                <![CDATA[org.testng.TestRunner@35d08e6c]]>
              </value>
            </param>
          </params>
          <reporter-output>
          </reporter-output>
        </test-method> <!-- all_master_generic_api -->
        <test-method status="PASS" signature="beforeMethod()[pri:0, instance:TestCases.All_Master_Generic_API@bcec361]" name="beforeMethod" is-config="true" duration-ms="0" started-at="2021-08-09T13:14:34Z" finished-at="2021-08-09T13:14:34Z">
          <reporter-output>
          </reporter-output>
        </test-method> <!-- beforeMethod -->
        <test-method status="PASS" signature="afterMethod()[pri:0, instance:TestCases.All_Master_Generic_API@bcec361]" name="afterMethod" is-config="true" duration-ms="48" started-at="2021-08-09T13:14:34Z" finished-at="2021-08-09T13:14:34Z">
          <reporter-output>
          </reporter-output>
        </test-method> <!-- afterMethod -->
        <test-method status="PASS" signature="beforeMethod()[pri:0, instance:TestCases.All_Master_Generic_API@bcec361]" name="beforeMethod" is-config="true" duration-ms="0" started-at="2021-08-09T13:14:34Z" finished-at="2021-08-09T13:14:34Z">
          <reporter-output>
          </reporter-output>
        </test-method> <!-- beforeMethod -->
        <test-method status="PASS" signature="all_master_generic_api(java.util.Hashtable, org.testng.ITestContext)[pri:0, instance:TestCases.All_Master_Generic_API@bcec361]" name="all_master_generic_api" duration-ms="457" started-at="2021-08-09T13:14:34Z" data-provider="dp" finished-at="2021-08-09T13:14:35Z">
          <params>
            <param index="0">
              <value>
                <![CDATA[{transmissionCategory=false, expectedErrorCode=200, variant=true, color=true, transmissionType=true, channelType=true, mileage=true, model=true, registrationType=true, expectedMessage=, bodyType=true, fuelType=true, endpoint=/api/subscribe/vehicle/vehicle-attributes-master}]]>
              </value>
            </param>
            <param index="1">
              <value>
                <![CDATA[org.testng.TestRunner@35d08e6c]]>
              </value>
            </param>
          </params>
          <reporter-output>
          </reporter-output>
        </test-method> <!-- all_master_generic_api -->
        <test-method status="PASS" signature="afterMethod()[pri:0, instance:TestCases.All_Master_Generic_API@bcec361]" name="afterMethod" is-config="true" duration-ms="40" started-at="2021-08-09T13:14:35Z" finished-at="2021-08-09T13:14:35Z">
          <reporter-output>
          </reporter-output>
        </test-method> <!-- afterMethod -->
      </class> <!-- TestCases.All_Master_Generic_API -->
      <class name="TestCases.WhiteList_Ref_isHybrid_TC">
        <test-method status="PASS" signature="beforeMethod()[pri:0, instance:TestCases.WhiteList_Ref_isHybrid_TC@5dda768f]" name="beforeMethod" is-config="true" duration-ms="0" started-at="2021-08-09T13:15:38Z" finished-at="2021-08-09T13:15:38Z">
          <reporter-output>
          </reporter-output>
        </test-method> <!-- beforeMethod -->
        <test-method status="PASS" signature="beforClass()[pri:0, instance:TestCases.WhiteList_Ref_isHybrid_TC@5dda768f]" name="beforClass" is-config="true" duration-ms="0" started-at="2021-08-09T13:15:38Z" finished-at="2021-08-09T13:15:38Z">
          <reporter-output>
          </reporter-output>
        </test-method> <!-- beforClass -->
        <test-method status="PASS" signature="Whitelist_Ref_ishybrid(java.util.Hashtable, org.testng.ITestContext)[pri:0, instance:TestCases.WhiteList_Ref_isHybrid_TC@5dda768f]" name="Whitelist_Ref_ishybrid" duration-ms="1187" started-at="2021-08-09T13:15:38Z" data-provider="dp" finished-at="2021-08-09T13:15:39Z">
          <params>
            <param index="0">
              <value>
                <![CDATA[{colorsRequired=true, bodyTypes=, expectedErrorCode=200, channelTypesRequired=false, channelTypes=, resolution=xxhdpi, colorCodes=, enginTypesRequired=false, transmissionTypesRequired=false, modelCodes=BA, enginTypes=, expectedMessage=, fuelTypesRequired=false, variantCodes=BAA4CZ1, endpoint=/api/subscribe/vehicle/whitelists/model-variant, bodyTypesRequired=false}]]>
              </value>
            </param>
            <param index="1">
              <value>
                <![CDATA[org.testng.TestRunner@35d08e6c]]>
              </value>
            </param>
          </params>
          <reporter-output>
          </reporter-output>
        </test-method> <!-- Whitelist_Ref_ishybrid -->
        <test-method status="PASS" signature="afterMethod()[pri:0, instance:TestCases.WhiteList_Ref_isHybrid_TC@5dda768f]" name="afterMethod" is-config="true" duration-ms="41" started-at="2021-08-09T13:15:39Z" finished-at="2021-08-09T13:15:39Z">
          <reporter-output>
          </reporter-output>
        </test-method> <!-- afterMethod -->
        <test-method status="PASS" signature="Whitelist_Ref_ishybrid(java.util.Hashtable, org.testng.ITestContext)[pri:0, instance:TestCases.WhiteList_Ref_isHybrid_TC@5dda768f]" name="Whitelist_Ref_ishybrid" duration-ms="668" started-at="2021-08-09T13:15:39Z" data-provider="dp" finished-at="2021-08-09T13:15:40Z">
          <params>
            <param index="0">
              <value>
                <![CDATA[{colorsRequired=true, bodyTypes=, expectedErrorCode=200, channelTypesRequired=true, channelTypes=, resolution=xxhdpi, colorCodes=, enginTypesRequired=true, transmissionTypesRequired=true, modelCodes=BA, enginTypes=, expectedMessage=, fuelTypesRequired=true, variantCodes=BAA4CZ1, endpoint=/api/subscribe/vehicle/whitelists/model-variant, bodyTypesRequired=true}]]>
              </value>
            </param>
            <param index="1">
              <value>
                <![CDATA[org.testng.TestRunner@35d08e6c]]>
              </value>
            </param>
          </params>
          <reporter-output>
          </reporter-output>
        </test-method> <!-- Whitelist_Ref_ishybrid -->
        <test-method status="PASS" signature="beforeMethod()[pri:0, instance:TestCases.WhiteList_Ref_isHybrid_TC@5dda768f]" name="beforeMethod" is-config="true" duration-ms="0" started-at="2021-08-09T13:15:39Z" finished-at="2021-08-09T13:15:39Z">
          <reporter-output>
          </reporter-output>
        </test-method> <!-- beforeMethod -->
        <test-method status="PASS" signature="afterMethod()[pri:0, instance:TestCases.WhiteList_Ref_isHybrid_TC@5dda768f]" name="afterMethod" is-config="true" duration-ms="31" started-at="2021-08-09T13:15:40Z" finished-at="2021-08-09T13:15:40Z">
          <reporter-output>
          </reporter-output>
        </test-method> <!-- afterMethod -->
      </class> <!-- TestCases.WhiteList_Ref_isHybrid_TC -->
      <class name="TestCases.Add_Customer_Address">
        <test-method status="PASS" signature="beforClass()[pri:0, instance:TestCases.Add_Customer_Address@367ffa75]" name="beforClass" is-config="true" duration-ms="1" started-at="2021-08-09T13:15:19Z" finished-at="2021-08-09T13:15:19Z">
          <reporter-output>
          </reporter-output>
        </test-method> <!-- beforClass -->
        <test-method status="PASS" signature="beforeMethod()[pri:0, instance:TestCases.Add_Customer_Address@367ffa75]" name="beforeMethod" is-config="true" duration-ms="0" started-at="2021-08-09T13:15:19Z" finished-at="2021-08-09T13:15:19Z">
          <reporter-output>
          </reporter-output>
        </test-method> <!-- beforeMethod -->
        <test-method status="PASS" signature="add_customer_address(java.util.Hashtable, org.testng.ITestContext)[pri:0, instance:TestCases.Add_Customer_Address@367ffa75]" name="add_customer_address" duration-ms="406" started-at="2021-08-09T13:15:19Z" data-provider="dp" finished-at="2021-08-09T13:15:20Z">
          <params>
            <param index="0">
              <value>
                <![CDATA[{addressLine3=behind batta, addressLine2=vikranth shastri marg1, addressLine1=H.no-1, addressType=WORK, addressCategory=BILLING, state=UP, endpoint=/customer/api/v1/customer-address, expectedMessage=Addresses added successfully, gstNumber=gst09875456789, longitude=76.3, pincode=767, expectedErrorCode=201, dmsCityCode=ND, latitude=23.90, city=Noida, area=gandhi road, standard=true, cibilStateCode=CUP}]]>
              </value>
            </param>
            <param index="1">
              <value>
                <![CDATA[org.testng.TestRunner@35d08e6c]]>
              </value>
            </param>
          </params>
          <reporter-output>
          </reporter-output>
        </test-method> <!-- add_customer_address -->
        <test-method status="PASS" signature="afterMethod()[pri:0, instance:TestCases.Add_Customer_Address@367ffa75]" name="afterMethod" is-config="true" duration-ms="47" started-at="2021-08-09T13:15:20Z" finished-at="2021-08-09T13:15:20Z">
          <reporter-output>
          </reporter-output>
        </test-method> <!-- afterMethod -->
      </class> <!-- TestCases.Add_Customer_Address -->
      <class name="TestCases.City_Master_Number_Plate_TC">
        <test-method status="PASS" signature="beforClass()[pri:0, instance:TestCases.City_Master_Number_Plate_TC@1ce24091]" name="beforClass" is-config="true" duration-ms="0" started-at="2021-08-09T13:15:24Z" finished-at="2021-08-09T13:15:24Z">
          <reporter-output>
          </reporter-output>
        </test-method> <!-- beforClass -->
        <test-method status="PASS" signature="city_master(java.util.Hashtable, org.testng.ITestContext)[pri:0, instance:TestCases.City_Master_Number_Plate_TC@1ce24091]" name="city_master" duration-ms="472" started-at="2021-08-09T13:15:24Z" data-provider="dp" finished-at="2021-08-09T13:15:24Z">
          <params>
            <param index="0">
              <value>
                <![CDATA[{isNew=true, currentDate=, expectedMessage=, expectedErrorCode=200, regType=WHITE_PLATE, isFuture=false, endpoint=/api/common/city-list, cityId=1}]]>
              </value>
            </param>
            <param index="1">
              <value>
                <![CDATA[org.testng.TestRunner@35d08e6c]]>
              </value>
            </param>
          </params>
          <reporter-output>
          </reporter-output>
        </test-method> <!-- city_master -->
        <test-method status="PASS" signature="beforeMethod()[pri:0, instance:TestCases.City_Master_Number_Plate_TC@1ce24091]" name="beforeMethod" is-config="true" duration-ms="0" started-at="2021-08-09T13:15:24Z" finished-at="2021-08-09T13:15:24Z">
          <reporter-output>
          </reporter-output>
        </test-method> <!-- beforeMethod -->
        <test-method status="PASS" signature="afterMethod()[pri:0, instance:TestCases.City_Master_Number_Plate_TC@1ce24091]" name="afterMethod" is-config="true" duration-ms="35" started-at="2021-08-09T13:15:24Z" finished-at="2021-08-09T13:15:24Z">
          <reporter-output>
          </reporter-output>
        </test-method> <!-- afterMethod -->
        <test-method status="PASS" signature="city_master(java.util.Hashtable, org.testng.ITestContext)[pri:0, instance:TestCases.City_Master_Number_Plate_TC@1ce24091]" name="city_master" duration-ms="501" started-at="2021-08-09T13:15:24Z" data-provider="dp" finished-at="2021-08-09T13:15:25Z">
          <params>
            <param index="0">
              <value>
                <![CDATA[{isNew=true, currentDate=, expectedMessage=, expectedErrorCode=200, regType=WHITE_PLATE, isFuture=false, endpoint=/api/common/city-list, cityId=2}]]>
              </value>
            </param>
            <param index="1">
              <value>
                <![CDATA[org.testng.TestRunner@35d08e6c]]>
              </value>
            </param>
          </params>
          <reporter-output>
          </reporter-output>
        </test-method> <!-- city_master -->
        <test-method status="PASS" signature="beforeMethod()[pri:0, instance:TestCases.City_Master_Number_Plate_TC@1ce24091]" name="beforeMethod" is-config="true" duration-ms="0" started-at="2021-08-09T13:15:24Z" finished-at="2021-08-09T13:15:24Z">
          <reporter-output>
          </reporter-output>
        </test-method> <!-- beforeMethod -->
        <test-method status="PASS" signature="afterMethod()[pri:0, instance:TestCases.City_Master_Number_Plate_TC@1ce24091]" name="afterMethod" is-config="true" duration-ms="46" started-at="2021-08-09T13:15:25Z" finished-at="2021-08-09T13:15:25Z">
          <reporter-output>
          </reporter-output>
        </test-method> <!-- afterMethod -->
        <test-method status="PASS" signature="city_master(java.util.Hashtable, org.testng.ITestContext)[pri:0, instance:TestCases.City_Master_Number_Plate_TC@1ce24091]" name="city_master" duration-ms="556" started-at="2021-08-09T13:15:25Z" data-provider="dp" finished-at="2021-08-09T13:15:25Z">
          <params>
            <param index="0">
              <value>
                <![CDATA[{isNew=true, currentDate=, expectedMessage=, expectedErrorCode=200, regType=WHITE_PLATE, isFuture=false, endpoint=/api/common/city-list, cityId=3}]]>
              </value>
            </param>
            <param index="1">
              <value>
                <![CDATA[org.testng.TestRunner@35d08e6c]]>
              </value>
            </param>
          </params>
          <reporter-output>
          </reporter-output>
        </test-method> <!-- city_master -->
        <test-method status="PASS" signature="beforeMethod()[pri:0, instance:TestCases.City_Master_Number_Plate_TC@1ce24091]" name="beforeMethod" is-config="true" duration-ms="0" started-at="2021-08-09T13:15:25Z" finished-at="2021-08-09T13:15:25Z">
          <reporter-output>
          </reporter-output>
        </test-method> <!-- beforeMethod -->
        <test-method status="PASS" signature="afterMethod()[pri:0, instance:TestCases.City_Master_Number_Plate_TC@1ce24091]" name="afterMethod" is-config="true" duration-ms="16" started-at="2021-08-09T13:15:25Z" finished-at="2021-08-09T13:15:25Z">
          <reporter-output>
          </reporter-output>
        </test-method> <!-- afterMethod -->
        <test-method status="PASS" signature="beforeMethod()[pri:0, instance:TestCases.City_Master_Number_Plate_TC@1ce24091]" name="beforeMethod" is-config="true" duration-ms="0" started-at="2021-08-09T13:15:25Z" finished-at="2021-08-09T13:15:25Z">
          <reporter-output>
          </reporter-output>
        </test-method> <!-- beforeMethod -->
        <test-method status="PASS" signature="city_master(java.util.Hashtable, org.testng.ITestContext)[pri:0, instance:TestCases.City_Master_Number_Plate_TC@1ce24091]" name="city_master" duration-ms="517" started-at="2021-08-09T13:15:25Z" data-provider="dp" finished-at="2021-08-09T13:15:26Z">
          <params>
            <param index="0">
              <value>
                <![CDATA[{isNew=true, currentDate=, expectedMessage=, expectedErrorCode=200, regType=WHITE_PLATE, isFuture=false, endpoint=/api/common/city-list, cityId=4}]]>
              </value>
            </param>
            <param index="1">
              <value>
                <![CDATA[org.testng.TestRunner@35d08e6c]]>
              </value>
            </param>
          </params>
          <reporter-output>
          </reporter-output>
        </test-method> <!-- city_master -->
        <test-method status="PASS" signature="afterMethod()[pri:0, instance:TestCases.City_Master_Number_Plate_TC@1ce24091]" name="afterMethod" is-config="true" duration-ms="35" started-at="2021-08-09T13:15:26Z" finished-at="2021-08-09T13:15:26Z">
          <reporter-output>
          </reporter-output>
        </test-method> <!-- afterMethod -->
        <test-method status="PASS" signature="beforeMethod()[pri:0, instance:TestCases.City_Master_Number_Plate_TC@1ce24091]" name="beforeMethod" is-config="true" duration-ms="0" started-at="2021-08-09T13:15:26Z" finished-at="2021-08-09T13:15:26Z">
          <reporter-output>
          </reporter-output>
        </test-method> <!-- beforeMethod -->
        <test-method status="PASS" signature="city_master(java.util.Hashtable, org.testng.ITestContext)[pri:0, instance:TestCases.City_Master_Number_Plate_TC@1ce24091]" name="city_master" duration-ms="457" started-at="2021-08-09T13:15:26Z" data-provider="dp" finished-at="2021-08-09T13:15:26Z">
          <params>
            <param index="0">
              <value>
                <![CDATA[{isNew=true, currentDate=, expectedMessage=, expectedErrorCode=200, regType=WHITE_PLATE, isFuture=false, endpoint=/api/common/city-list, cityId=5}]]>
              </value>
            </param>
            <param index="1">
              <value>
                <![CDATA[org.testng.TestRunner@35d08e6c]]>
              </value>
            </param>
          </params>
          <reporter-output>
          </reporter-output>
        </test-method> <!-- city_master -->
        <test-method status="PASS" signature="afterMethod()[pri:0, instance:TestCases.City_Master_Number_Plate_TC@1ce24091]" name="afterMethod" is-config="true" duration-ms="51" started-at="2021-08-09T13:15:26Z" finished-at="2021-08-09T13:15:26Z">
          <reporter-output>
          </reporter-output>
        </test-method> <!-- afterMethod -->
        <test-method status="PASS" signature="beforeMethod()[pri:0, instance:TestCases.City_Master_Number_Plate_TC@1ce24091]" name="beforeMethod" is-config="true" duration-ms="1" started-at="2021-08-09T13:15:26Z" finished-at="2021-08-09T13:15:26Z">
          <reporter-output>
          </reporter-output>
        </test-method> <!-- beforeMethod -->
        <test-method status="PASS" signature="city_master(java.util.Hashtable, org.testng.ITestContext)[pri:0, instance:TestCases.City_Master_Number_Plate_TC@1ce24091]" name="city_master" duration-ms="479" started-at="2021-08-09T13:15:26Z" data-provider="dp" finished-at="2021-08-09T13:15:27Z">
          <params>
            <param index="0">
              <value>
                <![CDATA[{isNew=true, currentDate=, expectedMessage=, expectedErrorCode=200, regType=WHITE_PLATE, isFuture=false, endpoint=/api/common/city-list, cityId=6}]]>
              </value>
            </param>
            <param index="1">
              <value>
                <![CDATA[org.testng.TestRunner@35d08e6c]]>
              </value>
            </param>
          </params>
          <reporter-output>
          </reporter-output>
        </test-method> <!-- city_master -->
        <test-method status="PASS" signature="afterMethod()[pri:0, instance:TestCases.City_Master_Number_Plate_TC@1ce24091]" name="afterMethod" is-config="true" duration-ms="50" started-at="2021-08-09T13:15:27Z" finished-at="2021-08-09T13:15:27Z">
          <reporter-output>
          </reporter-output>
        </test-method> <!-- afterMethod -->
        <test-method status="PASS" signature="city_master(java.util.Hashtable, org.testng.ITestContext)[pri:0, instance:TestCases.City_Master_Number_Plate_TC@1ce24091]" name="city_master" duration-ms="814" started-at="2021-08-09T13:15:27Z" data-provider="dp" finished-at="2021-08-09T13:15:28Z">
          <params>
            <param index="0">
              <value>
                <![CDATA[{isNew=true, currentDate=, expectedMessage=, expectedErrorCode=200, regType=WHITE_PLATE, isFuture=false, endpoint=/api/common/city-list, cityId=7}]]>
              </value>
            </param>
            <param index="1">
              <value>
                <![CDATA[org.testng.TestRunner@35d08e6c]]>
              </value>
            </param>
          </params>
          <reporter-output>
          </reporter-output>
        </test-method> <!-- city_master -->
        <test-method status="PASS" signature="beforeMethod()[pri:0, instance:TestCases.City_Master_Number_Plate_TC@1ce24091]" name="beforeMethod" is-config="true" duration-ms="0" started-at="2021-08-09T13:15:27Z" finished-at="2021-08-09T13:15:27Z">
          <reporter-output>
          </reporter-output>
        </test-method> <!-- beforeMethod -->
        <test-method status="PASS" signature="afterMethod()[pri:0, instance:TestCases.City_Master_Number_Plate_TC@1ce24091]" name="afterMethod" is-config="true" duration-ms="47" started-at="2021-08-09T13:15:28Z" finished-at="2021-08-09T13:15:28Z">
          <reporter-output>
          </reporter-output>
        </test-method> <!-- afterMethod -->
        <test-method status="PASS" signature="beforeMethod()[pri:0, instance:TestCases.City_Master_Number_Plate_TC@1ce24091]" name="beforeMethod" is-config="true" duration-ms="0" started-at="2021-08-09T13:15:28Z" finished-at="2021-08-09T13:15:28Z">
          <reporter-output>
          </reporter-output>
        </test-method> <!-- beforeMethod -->
        <test-method status="PASS" signature="city_master(java.util.Hashtable, org.testng.ITestContext)[pri:0, instance:TestCases.City_Master_Number_Plate_TC@1ce24091]" name="city_master" duration-ms="897" started-at="2021-08-09T13:15:28Z" data-provider="dp" finished-at="2021-08-09T13:15:29Z">
          <params>
            <param index="0">
              <value>
                <![CDATA[{isNew=true, currentDate=, expectedMessage=, expectedErrorCode=200, regType=WHITE_PLATE, isFuture=false, endpoint=/api/common/city-list, cityId=8}]]>
              </value>
            </param>
            <param index="1">
              <value>
                <![CDATA[org.testng.TestRunner@35d08e6c]]>
              </value>
            </param>
          </params>
          <reporter-output>
          </reporter-output>
        </test-method> <!-- city_master -->
        <test-method status="PASS" signature="afterMethod()[pri:0, instance:TestCases.City_Master_Number_Plate_TC@1ce24091]" name="afterMethod" is-config="true" duration-ms="35" started-at="2021-08-09T13:15:29Z" finished-at="2021-08-09T13:15:29Z">
          <reporter-output>
          </reporter-output>
        </test-method> <!-- afterMethod -->
        <test-method status="PASS" signature="beforeMethod()[pri:0, instance:TestCases.City_Master_Number_Plate_TC@1ce24091]" name="beforeMethod" is-config="true" duration-ms="0" started-at="2021-08-09T13:15:29Z" finished-at="2021-08-09T13:15:29Z">
          <reporter-output>
          </reporter-output>
        </test-method> <!-- beforeMethod -->
        <test-method status="PASS" signature="city_master(java.util.Hashtable, org.testng.ITestContext)[pri:0, instance:TestCases.City_Master_Number_Plate_TC@1ce24091]" name="city_master" duration-ms="409" started-at="2021-08-09T13:15:29Z" data-provider="dp" finished-at="2021-08-09T13:15:29Z">
          <params>
            <param index="0">
              <value>
                <![CDATA[{isNew=true, currentDate=, expectedMessage=, expectedErrorCode=200, regType=WHITE_PLATE, isFuture=false, endpoint=/api/common/city-list, cityId=9}]]>
              </value>
            </param>
            <param index="1">
              <value>
                <![CDATA[org.testng.TestRunner@35d08e6c]]>
              </value>
            </param>
          </params>
          <reporter-output>
          </reporter-output>
        </test-method> <!-- city_master -->
        <test-method status="PASS" signature="afterMethod()[pri:0, instance:TestCases.City_Master_Number_Plate_TC@1ce24091]" name="afterMethod" is-config="true" duration-ms="32" started-at="2021-08-09T13:15:29Z" finished-at="2021-08-09T13:15:29Z">
          <reporter-output>
          </reporter-output>
        </test-method> <!-- afterMethod -->
        <test-method status="PASS" signature="city_master(java.util.Hashtable, org.testng.ITestContext)[pri:0, instance:TestCases.City_Master_Number_Plate_TC@1ce24091]" name="city_master" duration-ms="617" started-at="2021-08-09T13:15:29Z" data-provider="dp" finished-at="2021-08-09T13:15:30Z">
          <params>
            <param index="0">
              <value>
                <![CDATA[{isNew=true, currentDate=, expectedMessage=, expectedErrorCode=200, regType=WHITE_PLATE, isFuture=false, endpoint=/api/common/city-list, cityId=10}]]>
              </value>
            </param>
            <param index="1">
              <value>
                <![CDATA[org.testng.TestRunner@35d08e6c]]>
              </value>
            </param>
          </params>
          <reporter-output>
          </reporter-output>
        </test-method> <!-- city_master -->
        <test-method status="PASS" signature="beforeMethod()[pri:0, instance:TestCases.City_Master_Number_Plate_TC@1ce24091]" name="beforeMethod" is-config="true" duration-ms="0" started-at="2021-08-09T13:15:29Z" finished-at="2021-08-09T13:15:29Z">
          <reporter-output>
          </reporter-output>
        </test-method> <!-- beforeMethod -->
        <test-method status="PASS" signature="afterMethod()[pri:0, instance:TestCases.City_Master_Number_Plate_TC@1ce24091]" name="afterMethod" is-config="true" duration-ms="37" started-at="2021-08-09T13:15:30Z" finished-at="2021-08-09T13:15:30Z">
          <reporter-output>
          </reporter-output>
        </test-method> <!-- afterMethod -->
        <test-method status="PASS" signature="beforeMethod()[pri:0, instance:TestCases.City_Master_Number_Plate_TC@1ce24091]" name="beforeMethod" is-config="true" duration-ms="0" started-at="2021-08-09T13:15:30Z" finished-at="2021-08-09T13:15:30Z">
          <reporter-output>
          </reporter-output>
        </test-method> <!-- beforeMethod -->
        <test-method status="PASS" signature="city_master(java.util.Hashtable, org.testng.ITestContext)[pri:0, instance:TestCases.City_Master_Number_Plate_TC@1ce24091]" name="city_master" duration-ms="432" started-at="2021-08-09T13:15:30Z" data-provider="dp" finished-at="2021-08-09T13:15:30Z">
          <params>
            <param index="0">
              <value>
                <![CDATA[{isNew=true, currentDate=, expectedMessage=, expectedErrorCode=200, regType=WHITE_PLATE, isFuture=false, endpoint=/api/common/city-list, cityId=11}]]>
              </value>
            </param>
            <param index="1">
              <value>
                <![CDATA[org.testng.TestRunner@35d08e6c]]>
              </value>
            </param>
          </params>
          <reporter-output>
          </reporter-output>
        </test-method> <!-- city_master -->
        <test-method status="PASS" signature="afterMethod()[pri:0, instance:TestCases.City_Master_Number_Plate_TC@1ce24091]" name="afterMethod" is-config="true" duration-ms="47" started-at="2021-08-09T13:15:30Z" finished-at="2021-08-09T13:15:30Z">
          <reporter-output>
          </reporter-output>
        </test-method> <!-- afterMethod -->
        <test-method status="PASS" signature="city_master(java.util.Hashtable, org.testng.ITestContext)[pri:0, instance:TestCases.City_Master_Number_Plate_TC@1ce24091]" name="city_master" duration-ms="485" started-at="2021-08-09T13:15:30Z" data-provider="dp" finished-at="2021-08-09T13:15:31Z">
          <params>
            <param index="0">
              <value>
                <![CDATA[{isNew=true, currentDate=, expectedMessage=, expectedErrorCode=200, regType=WHITE_PLATE, isFuture=false, endpoint=/api/common/city-list, cityId=12}]]>
              </value>
            </param>
            <param index="1">
              <value>
                <![CDATA[org.testng.TestRunner@35d08e6c]]>
              </value>
            </param>
          </params>
          <reporter-output>
          </reporter-output>
        </test-method> <!-- city_master -->
        <test-method status="PASS" signature="beforeMethod()[pri:0, instance:TestCases.City_Master_Number_Plate_TC@1ce24091]" name="beforeMethod" is-config="true" duration-ms="0" started-at="2021-08-09T13:15:30Z" finished-at="2021-08-09T13:15:30Z">
          <reporter-output>
          </reporter-output>
        </test-method> <!-- beforeMethod -->
        <test-method status="PASS" signature="afterMethod()[pri:0, instance:TestCases.City_Master_Number_Plate_TC@1ce24091]" name="afterMethod" is-config="true" duration-ms="45" started-at="2021-08-09T13:15:31Z" finished-at="2021-08-09T13:15:31Z">
          <reporter-output>
          </reporter-output>
        </test-method> <!-- afterMethod -->
        <test-method status="PASS" signature="beforeMethod()[pri:0, instance:TestCases.City_Master_Number_Plate_TC@1ce24091]" name="beforeMethod" is-config="true" duration-ms="0" started-at="2021-08-09T13:15:31Z" finished-at="2021-08-09T13:15:31Z">
          <reporter-output>
          </reporter-output>
        </test-method> <!-- beforeMethod -->
        <test-method status="PASS" signature="city_master(java.util.Hashtable, org.testng.ITestContext)[pri:0, instance:TestCases.City_Master_Number_Plate_TC@1ce24091]" name="city_master" duration-ms="672" started-at="2021-08-09T13:15:31Z" data-provider="dp" finished-at="2021-08-09T13:15:31Z">
          <params>
            <param index="0">
              <value>
                <![CDATA[{isNew=true, currentDate=, expectedMessage=, expectedErrorCode=200, regType=WHITE_PLATE, isFuture=false, endpoint=/api/common/city-list, cityId=13}]]>
              </value>
            </param>
            <param index="1">
              <value>
                <![CDATA[org.testng.TestRunner@35d08e6c]]>
              </value>
            </param>
          </params>
          <reporter-output>
          </reporter-output>
        </test-method> <!-- city_master -->
        <test-method status="PASS" signature="afterMethod()[pri:0, instance:TestCases.City_Master_Number_Plate_TC@1ce24091]" name="afterMethod" is-config="true" duration-ms="38" started-at="2021-08-09T13:15:31Z" finished-at="2021-08-09T13:15:32Z">
          <reporter-output>
          </reporter-output>
        </test-method> <!-- afterMethod -->
        <test-method status="PASS" signature="beforeMethod()[pri:0, instance:TestCases.City_Master_Number_Plate_TC@1ce24091]" name="beforeMethod" is-config="true" duration-ms="0" started-at="2021-08-09T13:15:32Z" finished-at="2021-08-09T13:15:32Z">
          <reporter-output>
          </reporter-output>
        </test-method> <!-- beforeMethod -->
        <test-method status="PASS" signature="city_master(java.util.Hashtable, org.testng.ITestContext)[pri:0, instance:TestCases.City_Master_Number_Plate_TC@1ce24091]" name="city_master" duration-ms="633" started-at="2021-08-09T13:15:32Z" data-provider="dp" finished-at="2021-08-09T13:15:32Z">
          <params>
            <param index="0">
              <value>
                <![CDATA[{isNew=true, currentDate=, expectedMessage=, expectedErrorCode=200, regType=WHITE_PLATE, isFuture=false, endpoint=/api/common/city-list, cityId=14}]]>
              </value>
            </param>
            <param index="1">
              <value>
                <![CDATA[org.testng.TestRunner@35d08e6c]]>
              </value>
            </param>
          </params>
          <reporter-output>
          </reporter-output>
        </test-method> <!-- city_master -->
        <test-method status="PASS" signature="afterMethod()[pri:0, instance:TestCases.City_Master_Number_Plate_TC@1ce24091]" name="afterMethod" is-config="true" duration-ms="27" started-at="2021-08-09T13:15:32Z" finished-at="2021-08-09T13:15:32Z">
          <reporter-output>
          </reporter-output>
        </test-method> <!-- afterMethod -->
        <test-method status="PASS" signature="city_master(java.util.Hashtable, org.testng.ITestContext)[pri:0, instance:TestCases.City_Master_Number_Plate_TC@1ce24091]" name="city_master" duration-ms="527" started-at="2021-08-09T13:15:32Z" data-provider="dp" finished-at="2021-08-09T13:15:33Z">
          <params>
            <param index="0">
              <value>
                <![CDATA[{isNew=true, currentDate=, expectedMessage=, expectedErrorCode=200, regType=WHITE_PLATE, isFuture=false, endpoint=/api/common/city-list, cityId=14}]]>
              </value>
            </param>
            <param index="1">
              <value>
                <![CDATA[org.testng.TestRunner@35d08e6c]]>
              </value>
            </param>
          </params>
          <reporter-output>
          </reporter-output>
        </test-method> <!-- city_master -->
        <test-method status="PASS" signature="beforeMethod()[pri:0, instance:TestCases.City_Master_Number_Plate_TC@1ce24091]" name="beforeMethod" is-config="true" duration-ms="0" started-at="2021-08-09T13:15:32Z" finished-at="2021-08-09T13:15:32Z">
          <reporter-output>
          </reporter-output>
        </test-method> <!-- beforeMethod -->
        <test-method status="PASS" signature="afterMethod()[pri:0, instance:TestCases.City_Master_Number_Plate_TC@1ce24091]" name="afterMethod" is-config="true" duration-ms="32" started-at="2021-08-09T13:15:33Z" finished-at="2021-08-09T13:15:33Z">
          <reporter-output>
          </reporter-output>
        </test-method> <!-- afterMethod -->
        <test-method status="PASS" signature="beforeMethod()[pri:0, instance:TestCases.City_Master_Number_Plate_TC@1ce24091]" name="beforeMethod" is-config="true" duration-ms="0" started-at="2021-08-09T13:15:33Z" finished-at="2021-08-09T13:15:33Z">
          <reporter-output>
          </reporter-output>
        </test-method> <!-- beforeMethod -->
        <test-method status="PASS" signature="city_master(java.util.Hashtable, org.testng.ITestContext)[pri:0, instance:TestCases.City_Master_Number_Plate_TC@1ce24091]" name="city_master" duration-ms="871" started-at="2021-08-09T13:15:33Z" data-provider="dp" finished-at="2021-08-09T13:15:34Z">
          <params>
            <param index="0">
              <value>
                <![CDATA[{isNew=true, currentDate=, expectedMessage=, expectedErrorCode=200, regType=BLACK_PLATE, isFuture=false, endpoint=/api/common/city-list, cityId=1}]]>
              </value>
            </param>
            <param index="1">
              <value>
                <![CDATA[org.testng.TestRunner@35d08e6c]]>
              </value>
            </param>
          </params>
          <reporter-output>
          </reporter-output>
        </test-method> <!-- city_master -->
        <test-method status="PASS" signature="afterMethod()[pri:0, instance:TestCases.City_Master_Number_Plate_TC@1ce24091]" name="afterMethod" is-config="true" duration-ms="39" started-at="2021-08-09T13:15:34Z" finished-at="2021-08-09T13:15:34Z">
          <reporter-output>
          </reporter-output>
        </test-method> <!-- afterMethod -->
        <test-method status="PASS" signature="city_master(java.util.Hashtable, org.testng.ITestContext)[pri:0, instance:TestCases.City_Master_Number_Plate_TC@1ce24091]" name="city_master" duration-ms="735" started-at="2021-08-09T13:15:34Z" data-provider="dp" finished-at="2021-08-09T13:15:34Z">
          <params>
            <param index="0">
              <value>
                <![CDATA[{isNew=true, currentDate=, expectedMessage=, expectedErrorCode=200, regType=BLACK_PLATE, isFuture=false, endpoint=/api/common/city-list, cityId=2}]]>
              </value>
            </param>
            <param index="1">
              <value>
                <![CDATA[org.testng.TestRunner@35d08e6c]]>
              </value>
            </param>
          </params>
          <reporter-output>
          </reporter-output>
        </test-method> <!-- city_master -->
        <test-method status="PASS" signature="beforeMethod()[pri:0, instance:TestCases.City_Master_Number_Plate_TC@1ce24091]" name="beforeMethod" is-config="true" duration-ms="0" started-at="2021-08-09T13:15:34Z" finished-at="2021-08-09T13:15:34Z">
          <reporter-output>
          </reporter-output>
        </test-method> <!-- beforeMethod -->
        <test-method status="PASS" signature="afterMethod()[pri:0, instance:TestCases.City_Master_Number_Plate_TC@1ce24091]" name="afterMethod" is-config="true" duration-ms="37" started-at="2021-08-09T13:15:34Z" finished-at="2021-08-09T13:15:34Z">
          <reporter-output>
          </reporter-output>
        </test-method> <!-- afterMethod -->
        <test-method status="PASS" signature="beforeMethod()[pri:0, instance:TestCases.City_Master_Number_Plate_TC@1ce24091]" name="beforeMethod" is-config="true" duration-ms="0" started-at="2021-08-09T13:15:34Z" finished-at="2021-08-09T13:15:34Z">
          <reporter-output>
          </reporter-output>
        </test-method> <!-- beforeMethod -->
        <test-method status="PASS" signature="city_master(java.util.Hashtable, org.testng.ITestContext)[pri:0, instance:TestCases.City_Master_Number_Plate_TC@1ce24091]" name="city_master" duration-ms="514" started-at="2021-08-09T13:15:34Z" data-provider="dp" finished-at="2021-08-09T13:15:35Z">
          <params>
            <param index="0">
              <value>
                <![CDATA[{isNew=true, currentDate=, expectedMessage=, expectedErrorCode=200, regType=BLACK_PLATE, isFuture=false, endpoint=/api/common/city-list, cityId=3}]]>
              </value>
            </param>
            <param index="1">
              <value>
                <![CDATA[org.testng.TestRunner@35d08e6c]]>
              </value>
            </param>
          </params>
          <reporter-output>
          </reporter-output>
        </test-method> <!-- city_master -->
        <test-method status="PASS" signature="afterMethod()[pri:0, instance:TestCases.City_Master_Number_Plate_TC@1ce24091]" name="afterMethod" is-config="true" duration-ms="31" started-at="2021-08-09T13:15:35Z" finished-at="2021-08-09T13:15:35Z">
          <reporter-output>
          </reporter-output>
        </test-method> <!-- afterMethod -->
        <test-method status="PASS" signature="city_master(java.util.Hashtable, org.testng.ITestContext)[pri:0, instance:TestCases.City_Master_Number_Plate_TC@1ce24091]" name="city_master" duration-ms="425" started-at="2021-08-09T13:15:35Z" data-provider="dp" finished-at="2021-08-09T13:15:35Z">
          <params>
            <param index="0">
              <value>
                <![CDATA[{isNew=true, currentDate=, expectedMessage=, expectedErrorCode=200, regType=BLACK_PLATE, isFuture=false, endpoint=/api/common/city-list, cityId=4}]]>
              </value>
            </param>
            <param index="1">
              <value>
                <![CDATA[org.testng.TestRunner@35d08e6c]]>
              </value>
            </param>
          </params>
          <reporter-output>
          </reporter-output>
        </test-method> <!-- city_master -->
        <test-method status="PASS" signature="beforeMethod()[pri:0, instance:TestCases.City_Master_Number_Plate_TC@1ce24091]" name="beforeMethod" is-config="true" duration-ms="0" started-at="2021-08-09T13:15:35Z" finished-at="2021-08-09T13:15:35Z">
          <reporter-output>
          </reporter-output>
        </test-method> <!-- beforeMethod -->
        <test-method status="PASS" signature="afterMethod()[pri:0, instance:TestCases.City_Master_Number_Plate_TC@1ce24091]" name="afterMethod" is-config="true" duration-ms="22" started-at="2021-08-09T13:15:35Z" finished-at="2021-08-09T13:15:35Z">
          <reporter-output>
          </reporter-output>
        </test-method> <!-- afterMethod -->
        <test-method status="PASS" signature="city_master(java.util.Hashtable, org.testng.ITestContext)[pri:0, instance:TestCases.City_Master_Number_Plate_TC@1ce24091]" name="city_master" duration-ms="602" started-at="2021-08-09T13:15:35Z" data-provider="dp" finished-at="2021-08-09T13:15:36Z">
          <params>
            <param index="0">
              <value>
                <![CDATA[{isNew=true, currentDate=, expectedMessage=, expectedErrorCode=200, regType=BLACK_PLATE, isFuture=false, endpoint=/api/common/city-list, cityId=5}]]>
              </value>
            </param>
            <param index="1">
              <value>
                <![CDATA[org.testng.TestRunner@35d08e6c]]>
              </value>
            </param>
          </params>
          <reporter-output>
          </reporter-output>
        </test-method> <!-- city_master -->
        <test-method status="PASS" signature="beforeMethod()[pri:0, instance:TestCases.City_Master_Number_Plate_TC@1ce24091]" name="beforeMethod" is-config="true" duration-ms="0" started-at="2021-08-09T13:15:35Z" finished-at="2021-08-09T13:15:35Z">
          <reporter-output>
          </reporter-output>
        </test-method> <!-- beforeMethod -->
        <test-method status="PASS" signature="afterMethod()[pri:0, instance:TestCases.City_Master_Number_Plate_TC@1ce24091]" name="afterMethod" is-config="true" duration-ms="43" started-at="2021-08-09T13:15:36Z" finished-at="2021-08-09T13:15:36Z">
          <reporter-output>
          </reporter-output>
        </test-method> <!-- afterMethod -->
        <test-method status="PASS" signature="beforeMethod()[pri:0, instance:TestCases.City_Master_Number_Plate_TC@1ce24091]" name="beforeMethod" is-config="true" duration-ms="0" started-at="2021-08-09T13:15:36Z" finished-at="2021-08-09T13:15:36Z">
          <reporter-output>
          </reporter-output>
        </test-method> <!-- beforeMethod -->
        <test-method status="PASS" signature="city_master(java.util.Hashtable, org.testng.ITestContext)[pri:0, instance:TestCases.City_Master_Number_Plate_TC@1ce24091]" name="city_master" duration-ms="472" started-at="2021-08-09T13:15:36Z" data-provider="dp" finished-at="2021-08-09T13:15:37Z">
          <params>
            <param index="0">
              <value>
                <![CDATA[{isNew=true, currentDate=, expectedMessage=, expectedErrorCode=200, regType=BLACK_PLATE, isFuture=false, endpoint=/api/common/city-list, cityId=6}]]>
              </value>
            </param>
            <param index="1">
              <value>
                <![CDATA[org.testng.TestRunner@35d08e6c]]>
              </value>
            </param>
          </params>
          <reporter-output>
          </reporter-output>
        </test-method> <!-- city_master -->
        <test-method status="PASS" signature="afterMethod()[pri:0, instance:TestCases.City_Master_Number_Plate_TC@1ce24091]" name="afterMethod" is-config="true" duration-ms="34" started-at="2021-08-09T13:15:37Z" finished-at="2021-08-09T13:15:37Z">
          <reporter-output>
          </reporter-output>
        </test-method> <!-- afterMethod -->
        <test-method status="PASS" signature="beforeMethod()[pri:0, instance:TestCases.City_Master_Number_Plate_TC@1ce24091]" name="beforeMethod" is-config="true" duration-ms="0" started-at="2021-08-09T13:15:37Z" finished-at="2021-08-09T13:15:37Z">
          <reporter-output>
          </reporter-output>
        </test-method> <!-- beforeMethod -->
        <test-method status="PASS" signature="city_master(java.util.Hashtable, org.testng.ITestContext)[pri:0, instance:TestCases.City_Master_Number_Plate_TC@1ce24091]" name="city_master" duration-ms="636" started-at="2021-08-09T13:15:37Z" data-provider="dp" finished-at="2021-08-09T13:15:37Z">
          <params>
            <param index="0">
              <value>
                <![CDATA[{isNew=true, currentDate=, expectedMessage=, expectedErrorCode=200, regType=BLACK_PLATE, isFuture=false, endpoint=/api/common/city-list, cityId=7}]]>
              </value>
            </param>
            <param index="1">
              <value>
                <![CDATA[org.testng.TestRunner@35d08e6c]]>
              </value>
            </param>
          </params>
          <reporter-output>
          </reporter-output>
        </test-method> <!-- city_master -->
        <test-method status="PASS" signature="afterMethod()[pri:0, instance:TestCases.City_Master_Number_Plate_TC@1ce24091]" name="afterMethod" is-config="true" duration-ms="31" started-at="2021-08-09T13:15:37Z" finished-at="2021-08-09T13:15:37Z">
          <reporter-output>
          </reporter-output>
        </test-method> <!-- afterMethod -->
        <test-method status="PASS" signature="beforeMethod()[pri:0, instance:TestCases.City_Master_Number_Plate_TC@1ce24091]" name="beforeMethod" is-config="true" duration-ms="0" started-at="2021-08-09T13:15:37Z" finished-at="2021-08-09T13:15:37Z">
          <reporter-output>
          </reporter-output>
        </test-method> <!-- beforeMethod -->
        <test-method status="PASS" signature="city_master(java.util.Hashtable, org.testng.ITestContext)[pri:0, instance:TestCases.City_Master_Number_Plate_TC@1ce24091]" name="city_master" duration-ms="617" started-at="2021-08-09T13:15:37Z" data-provider="dp" finished-at="2021-08-09T13:15:38Z">
          <params>
            <param index="0">
              <value>
                <![CDATA[{isNew=true, currentDate=, expectedMessage=, expectedErrorCode=200, regType=BLACK_PLATE, isFuture=false, endpoint=/api/common/city-list, cityId=8}]]>
              </value>
            </param>
            <param index="1">
              <value>
                <![CDATA[org.testng.TestRunner@35d08e6c]]>
              </value>
            </param>
          </params>
          <reporter-output>
          </reporter-output>
        </test-method> <!-- city_master -->
        <test-method status="PASS" signature="afterMethod()[pri:0, instance:TestCases.City_Master_Number_Plate_TC@1ce24091]" name="afterMethod" is-config="true" duration-ms="31" started-at="2021-08-09T13:15:38Z" finished-at="2021-08-09T13:15:38Z">
          <reporter-output>
          </reporter-output>
        </test-method> <!-- afterMethod -->
      </class> <!-- TestCases.City_Master_Number_Plate_TC -->
      <class name="TestCases.Common_Cust_Verify_Otp">
        <test-method status="PASS" signature="beforeMethod()[pri:0, instance:TestCases.Common_Cust_Verify_Otp@3c9754d8]" name="beforeMethod" is-config="true" duration-ms="0" started-at="2021-08-09T13:14:01Z" finished-at="2021-08-09T13:14:01Z">
          <reporter-output>
          </reporter-output>
        </test-method> <!-- beforeMethod -->
        <test-method status="PASS" signature="beforClass()[pri:0, instance:TestCases.Common_Cust_Verify_Otp@3c9754d8]" name="beforClass" is-config="true" duration-ms="0" started-at="2021-08-09T13:14:01Z" finished-at="2021-08-09T13:14:01Z">
          <reporter-output>
          </reporter-output>
        </test-method> <!-- beforClass -->
        <test-method status="PASS" signature="customer_verify_otp(java.util.Hashtable, org.testng.ITestContext)[pri:0, instance:TestCases.Common_Cust_Verify_Otp@3c9754d8]" name="customer_verify_otp" duration-ms="992" started-at="2021-08-09T13:14:01Z" data-provider="dp" finished-at="2021-08-09T13:14:02Z">
          <params>
            <param index="0">
              <value>
                <![CDATA[{contactInfo=1, expectedMessage=null, otp=1, expectedErrorCode=200, endpoint=/customer/api/v1/otp/verify}]]>
              </value>
            </param>
            <param index="1">
              <value>
                <![CDATA[org.testng.TestRunner@35d08e6c]]>
              </value>
            </param>
          </params>
          <reporter-output>
          </reporter-output>
        </test-method> <!-- customer_verify_otp -->
        <test-method status="PASS" signature="afterMethod()[pri:0, instance:TestCases.Common_Cust_Verify_Otp@3c9754d8]" name="afterMethod" is-config="true" duration-ms="31" started-at="2021-08-09T13:14:02Z" finished-at="2021-08-09T13:14:03Z">
          <reporter-output>
          </reporter-output>
        </test-method> <!-- afterMethod -->
      </class> <!-- TestCases.Common_Cust_Verify_Otp -->
      <class name="TestCases.Subscription_Tenure_TC">
        <test-method status="PASS" signature="beforClass()[pri:0, instance:TestCases.Subscription_Tenure_TC@2aceadd4]" name="beforClass" is-config="true" duration-ms="0" started-at="2021-08-09T13:16:04Z" finished-at="2021-08-09T13:16:04Z">
          <reporter-output>
          </reporter-output>
        </test-method> <!-- beforClass -->
        <test-method status="PASS" signature="Subscription_tenure(java.util.Hashtable, org.testng.ITestContext)[pri:0, instance:TestCases.Subscription_Tenure_TC@2aceadd4]" name="Subscription_tenure" duration-ms="523" started-at="2021-08-09T13:16:04Z" data-provider="dp" finished-at="2021-08-09T13:16:05Z">
          <params>
            <param index="0">
              <value>
                <![CDATA[{expectedMessage=, expectedErrorCode=200, endpoint=/payment/possible-tenure, cityId=1}]]>
              </value>
            </param>
            <param index="1">
              <value>
                <![CDATA[org.testng.TestRunner@35d08e6c]]>
              </value>
            </param>
          </params>
          <reporter-output>
          </reporter-output>
        </test-method> <!-- Subscription_tenure -->
        <test-method status="PASS" signature="beforeMethod()[pri:0, instance:TestCases.Subscription_Tenure_TC@2aceadd4]" name="beforeMethod" is-config="true" duration-ms="0" started-at="2021-08-09T13:16:04Z" finished-at="2021-08-09T13:16:04Z">
          <reporter-output>
          </reporter-output>
        </test-method> <!-- beforeMethod -->
        <test-method status="PASS" signature="afterMethod()[pri:0, instance:TestCases.Subscription_Tenure_TC@2aceadd4]" name="afterMethod" is-config="true" duration-ms="39" started-at="2021-08-09T13:16:05Z" finished-at="2021-08-09T13:16:05Z">
          <reporter-output>
          </reporter-output>
        </test-method> <!-- afterMethod -->
        <test-method status="PASS" signature="Subscription_tenure(java.util.Hashtable, org.testng.ITestContext)[pri:0, instance:TestCases.Subscription_Tenure_TC@2aceadd4]" name="Subscription_tenure" duration-ms="562" started-at="2021-08-09T13:16:05Z" data-provider="dp" finished-at="2021-08-09T13:16:05Z">
          <params>
            <param index="0">
              <value>
                <![CDATA[{expectedMessage=, expectedErrorCode=200, endpoint=/payment/possible-tenure, cityId=2}]]>
              </value>
            </param>
            <param index="1">
              <value>
                <![CDATA[org.testng.TestRunner@35d08e6c]]>
              </value>
            </param>
          </params>
          <reporter-output>
          </reporter-output>
        </test-method> <!-- Subscription_tenure -->
        <test-method status="PASS" signature="beforeMethod()[pri:0, instance:TestCases.Subscription_Tenure_TC@2aceadd4]" name="beforeMethod" is-config="true" duration-ms="0" started-at="2021-08-09T13:16:05Z" finished-at="2021-08-09T13:16:05Z">
          <reporter-output>
          </reporter-output>
        </test-method> <!-- beforeMethod -->
        <test-method status="PASS" signature="afterMethod()[pri:0, instance:TestCases.Subscription_Tenure_TC@2aceadd4]" name="afterMethod" is-config="true" duration-ms="47" started-at="2021-08-09T13:16:05Z" finished-at="2021-08-09T13:16:06Z">
          <reporter-output>
          </reporter-output>
        </test-method> <!-- afterMethod -->
        <test-method status="PASS" signature="beforeMethod()[pri:0, instance:TestCases.Subscription_Tenure_TC@2aceadd4]" name="beforeMethod" is-config="true" duration-ms="0" started-at="2021-08-09T13:16:06Z" finished-at="2021-08-09T13:16:06Z">
          <reporter-output>
          </reporter-output>
        </test-method> <!-- beforeMethod -->
        <test-method status="PASS" signature="Subscription_tenure(java.util.Hashtable, org.testng.ITestContext)[pri:0, instance:TestCases.Subscription_Tenure_TC@2aceadd4]" name="Subscription_tenure" duration-ms="555" started-at="2021-08-09T13:16:06Z" data-provider="dp" finished-at="2021-08-09T13:16:06Z">
          <params>
            <param index="0">
              <value>
                <![CDATA[{expectedMessage=, expectedErrorCode=200, endpoint=/payment/possible-tenure, cityId=3}]]>
              </value>
            </param>
            <param index="1">
              <value>
                <![CDATA[org.testng.TestRunner@35d08e6c]]>
              </value>
            </param>
          </params>
          <reporter-output>
          </reporter-output>
        </test-method> <!-- Subscription_tenure -->
        <test-method status="PASS" signature="afterMethod()[pri:0, instance:TestCases.Subscription_Tenure_TC@2aceadd4]" name="afterMethod" is-config="true" duration-ms="46" started-at="2021-08-09T13:16:06Z" finished-at="2021-08-09T13:16:06Z">
          <reporter-output>
          </reporter-output>
        </test-method> <!-- afterMethod -->
        <test-method status="PASS" signature="beforeMethod()[pri:0, instance:TestCases.Subscription_Tenure_TC@2aceadd4]" name="beforeMethod" is-config="true" duration-ms="0" started-at="2021-08-09T13:16:06Z" finished-at="2021-08-09T13:16:06Z">
          <reporter-output>
          </reporter-output>
        </test-method> <!-- beforeMethod -->
        <test-method status="PASS" signature="Subscription_tenure(java.util.Hashtable, org.testng.ITestContext)[pri:0, instance:TestCases.Subscription_Tenure_TC@2aceadd4]" name="Subscription_tenure" duration-ms="617" started-at="2021-08-09T13:16:06Z" data-provider="dp" finished-at="2021-08-09T13:16:07Z">
          <params>
            <param index="0">
              <value>
                <![CDATA[{expectedMessage=, expectedErrorCode=200, endpoint=/payment/possible-tenure, cityId=4}]]>
              </value>
            </param>
            <param index="1">
              <value>
                <![CDATA[org.testng.TestRunner@35d08e6c]]>
              </value>
            </param>
          </params>
          <reporter-output>
          </reporter-output>
        </test-method> <!-- Subscription_tenure -->
        <test-method status="PASS" signature="afterMethod()[pri:0, instance:TestCases.Subscription_Tenure_TC@2aceadd4]" name="afterMethod" is-config="true" duration-ms="28" started-at="2021-08-09T13:16:07Z" finished-at="2021-08-09T13:16:07Z">
          <reporter-output>
          </reporter-output>
        </test-method> <!-- afterMethod -->
        <test-method status="PASS" signature="beforeMethod()[pri:0, instance:TestCases.Subscription_Tenure_TC@2aceadd4]" name="beforeMethod" is-config="true" duration-ms="0" started-at="2021-08-09T13:16:07Z" finished-at="2021-08-09T13:16:07Z">
          <reporter-output>
          </reporter-output>
        </test-method> <!-- beforeMethod -->
        <test-method status="PASS" signature="Subscription_tenure(java.util.Hashtable, org.testng.ITestContext)[pri:0, instance:TestCases.Subscription_Tenure_TC@2aceadd4]" name="Subscription_tenure" duration-ms="526" started-at="2021-08-09T13:16:07Z" data-provider="dp" finished-at="2021-08-09T13:16:07Z">
          <params>
            <param index="0">
              <value>
                <![CDATA[{expectedMessage=, expectedErrorCode=200, endpoint=/payment/possible-tenure, cityId=5}]]>
              </value>
            </param>
            <param index="1">
              <value>
                <![CDATA[org.testng.TestRunner@35d08e6c]]>
              </value>
            </param>
          </params>
          <reporter-output>
          </reporter-output>
        </test-method> <!-- Subscription_tenure -->
        <test-method status="PASS" signature="afterMethod()[pri:0, instance:TestCases.Subscription_Tenure_TC@2aceadd4]" name="afterMethod" is-config="true" duration-ms="32" started-at="2021-08-09T13:16:07Z" finished-at="2021-08-09T13:16:07Z">
          <reporter-output>
          </reporter-output>
        </test-method> <!-- afterMethod -->
        <test-method status="PASS" signature="beforeMethod()[pri:0, instance:TestCases.Subscription_Tenure_TC@2aceadd4]" name="beforeMethod" is-config="true" duration-ms="0" started-at="2021-08-09T13:16:07Z" finished-at="2021-08-09T13:16:07Z">
          <reporter-output>
          </reporter-output>
        </test-method> <!-- beforeMethod -->
        <test-method status="PASS" signature="Subscription_tenure(java.util.Hashtable, org.testng.ITestContext)[pri:0, instance:TestCases.Subscription_Tenure_TC@2aceadd4]" name="Subscription_tenure" duration-ms="454" started-at="2021-08-09T13:16:07Z" data-provider="dp" finished-at="2021-08-09T13:16:08Z">
          <params>
            <param index="0">
              <value>
                <![CDATA[{expectedMessage=, expectedErrorCode=200, endpoint=/payment/possible-tenure, cityId=6}]]>
              </value>
            </param>
            <param index="1">
              <value>
                <![CDATA[org.testng.TestRunner@35d08e6c]]>
              </value>
[...]
          <params>
            <param index="0">
              <value>
                <![CDATA[{resolution=xhdpi, expectedMessage=, expectedErrorCode=200.0, city=3, endpoint=/api/subscribe/vehicle/model}]]>
              </value>
            </param>
            <param index="1">
              <value>
                <![CDATA[org.testng.TestRunner@35d08e6c]]>
              </value>
            </param>
          </params>
          <reporter-output>
          </reporter-output>
        </test-method> <!-- car_basison_ranking -->
        <test-method status="PASS" signature="afterMethod()[pri:0, instance:TestCases.Car_Model_Ranking@302552ec]" name="afterMethod" is-config="true" duration-ms="29" started-at="2021-08-09T13:14:51Z" finished-at="2021-08-09T13:14:51Z">
          <reporter-output>
          </reporter-output>
        </test-method> <!-- afterMethod -->
        <test-method status="PASS" signature="beforeMethod()[pri:0, instance:TestCases.Car_Model_Ranking@302552ec]" name="beforeMethod" is-config="true" duration-ms="0" started-at="2021-08-09T13:14:51Z" finished-at="2021-08-09T13:14:51Z">
          <reporter-output>
          </reporter-output>
        </test-method> <!-- beforeMethod -->
        <test-method status="PASS" signature="car_basison_ranking(java.util.Hashtable, org.testng.ITestContext)[pri:0, instance:TestCases.Car_Model_Ranking@302552ec]" name="car_basison_ranking" duration-ms="1501" started-at="2021-08-09T13:14:51Z" data-provider="dp" finished-at="2021-08-09T13:14:53Z">
          <params>
            <param index="0">
              <value>
                <![CDATA[{resolution=xhdpi, expectedMessage=, expectedErrorCode=200.0, city=4, endpoint=/api/subscribe/vehicle/model}]]>
              </value>
            </param>
            <param index="1">
              <value>
                <![CDATA[org.testng.TestRunner@35d08e6c]]>
              </value>
            </param>
          </params>
          <reporter-output>
          </reporter-output>
        </test-method> <!-- car_basison_ranking -->
        <test-method status="PASS" signature="afterMethod()[pri:0, instance:TestCases.Car_Model_Ranking@302552ec]" name="afterMethod" is-config="true" duration-ms="42" started-at="2021-08-09T13:14:53Z" finished-at="2021-08-09T13:14:53Z">
          <reporter-output>
          </reporter-output>
        </test-method> <!-- afterMethod -->
        <test-method status="PASS" signature="car_basison_ranking(java.util.Hashtable, org.testng.ITestContext)[pri:0, instance:TestCases.Car_Model_Ranking@302552ec]" name="car_basison_ranking" duration-ms="1579" started-at="2021-08-09T13:14:53Z" data-provider="dp" finished-at="2021-08-09T13:14:54Z">
          <params>
            <param index="0">
              <value>
                <![CDATA[{resolution=xhdpi, expectedMessage=, expectedErrorCode=200.0, city=5, endpoint=/api/subscribe/vehicle/model}]]>
              </value>
            </param>
            <param index="1">
              <value>
                <![CDATA[org.testng.TestRunner@35d08e6c]]>
              </value>
            </param>
          </params>
          <reporter-output>
          </reporter-output>
        </test-method> <!-- car_basison_ranking -->
        <test-method status="PASS" signature="beforeMethod()[pri:0, instance:TestCases.Car_Model_Ranking@302552ec]" name="beforeMethod" is-config="true" duration-ms="0" started-at="2021-08-09T13:14:53Z" finished-at="2021-08-09T13:14:53Z">
          <reporter-output>
          </reporter-output>
        </test-method> <!-- beforeMethod -->
        <test-method status="PASS" signature="afterMethod()[pri:0, instance:TestCases.Car_Model_Ranking@302552ec]" name="afterMethod" is-config="true" duration-ms="38" started-at="2021-08-09T13:14:54Z" finished-at="2021-08-09T13:14:55Z">
          <reporter-output>
          </reporter-output>
        </test-method> <!-- afterMethod -->
        <test-method status="PASS" signature="car_basison_ranking(java.util.Hashtable, org.testng.ITestContext)[pri:0, instance:TestCases.Car_Model_Ranking@302552ec]" name="car_basison_ranking" duration-ms="1495" started-at="2021-08-09T13:14:55Z" data-provider="dp" finished-at="2021-08-09T13:14:56Z">
          <params>
            <param index="0">
              <value>
                <![CDATA[{resolution=xhdpi, expectedMessage=, expectedErrorCode=200.0, city=6, endpoint=/api/subscribe/vehicle/model}]]>
              </value>
            </param>
            <param index="1">
              <value>
                <![CDATA[org.testng.TestRunner@35d08e6c]]>
              </value>
            </param>
          </params>
          <reporter-output>
          </reporter-output>
        </test-method> <!-- car_basison_ranking -->
        <test-method status="PASS" signature="beforeMethod()[pri:0, instance:TestCases.Car_Model_Ranking@302552ec]" name="beforeMethod" is-config="true" duration-ms="0" started-at="2021-08-09T13:14:55Z" finished-at="2021-08-09T13:14:55Z">
          <reporter-output>
          </reporter-output>
        </test-method> <!-- beforeMethod -->
        <test-method status="PASS" signature="afterMethod()[pri:0, instance:TestCases.Car_Model_Ranking@302552ec]" name="afterMethod" is-config="true" duration-ms="35" started-at="2021-08-09T13:14:56Z" finished-at="2021-08-09T13:14:56Z">
          <reporter-output>
          </reporter-output>
        </test-method> <!-- afterMethod -->
        <test-method status="PASS" signature="car_basison_ranking(java.util.Hashtable, org.testng.ITestContext)[pri:0, instance:TestCases.Car_Model_Ranking@302552ec]" name="car_basison_ranking" duration-ms="1553" started-at="2021-08-09T13:14:56Z" data-provider="dp" finished-at="2021-08-09T13:14:58Z">
          <params>
            <param index="0">
              <value>
                <![CDATA[{resolution=xhdpi, expectedMessage=, expectedErrorCode=200.0, city=7, endpoint=/api/subscribe/vehicle/model}]]>
              </value>
            </param>
            <param index="1">
              <value>
                <![CDATA[org.testng.TestRunner@35d08e6c]]>
              </value>
            </param>
          </params>
          <reporter-output>
          </reporter-output>
        </test-method> <!-- car_basison_ranking -->
        <test-method status="PASS" signature="beforeMethod()[pri:0, instance:TestCases.Car_Model_Ranking@302552ec]" name="beforeMethod" is-config="true" duration-ms="0" started-at="2021-08-09T13:14:56Z" finished-at="2021-08-09T13:14:56Z">
          <reporter-output>
          </reporter-output>
        </test-method> <!-- beforeMethod -->
        <test-method status="PASS" signature="afterMethod()[pri:0, instance:TestCases.Car_Model_Ranking@302552ec]" name="afterMethod" is-config="true" duration-ms="47" started-at="2021-08-09T13:14:58Z" finished-at="2021-08-09T13:14:58Z">
          <reporter-output>
          </reporter-output>
        </test-method> <!-- afterMethod -->
        <test-method status="PASS" signature="beforeMethod()[pri:0, instance:TestCases.Car_Model_Ranking@302552ec]" name="beforeMethod" is-config="true" duration-ms="0" started-at="2021-08-09T13:14:58Z" finished-at="2021-08-09T13:14:58Z">
          <reporter-output>
          </reporter-output>
        </test-method> <!-- beforeMethod -->
        <test-method status="PASS" signature="car_basison_ranking(java.util.Hashtable, org.testng.ITestContext)[pri:0, instance:TestCases.Car_Model_Ranking@302552ec]" name="car_basison_ranking" duration-ms="1804" started-at="2021-08-09T13:14:58Z" data-provider="dp" finished-at="2021-08-09T13:14:59Z">
          <params>
            <param index="0">
              <value>
                <![CDATA[{resolution=xhdpi, expectedMessage=, expectedErrorCode=200.0, city=8, endpoint=/api/subscribe/vehicle/model}]]>
              </value>
            </param>
            <param index="1">
              <value>
                <![CDATA[org.testng.TestRunner@35d08e6c]]>
              </value>
            </param>
          </params>
          <reporter-output>
          </reporter-output>
        </test-method> <!-- car_basison_ranking -->
        <test-method status="PASS" signature="afterMethod()[pri:0, instance:TestCases.Car_Model_Ranking@302552ec]" name="afterMethod" is-config="true" duration-ms="37" started-at="2021-08-09T13:14:59Z" finished-at="2021-08-09T13:15:00Z">
          <reporter-output>
          </reporter-output>
        </test-method> <!-- afterMethod -->
        <test-method status="PASS" signature="car_basison_ranking(java.util.Hashtable, org.testng.ITestContext)[pri:0, instance:TestCases.Car_Model_Ranking@302552ec]" name="car_basison_ranking" duration-ms="1828" started-at="2021-08-09T13:15:00Z" data-provider="dp" finished-at="2021-08-09T13:15:01Z">
          <params>
            <param index="0">
              <value>
                <![CDATA[{resolution=xhdpi, expectedMessage=, expectedErrorCode=200.0, city=9, endpoint=/api/subscribe/vehicle/model}]]>
              </value>
            </param>
            <param index="1">
              <value>
                <![CDATA[org.testng.TestRunner@35d08e6c]]>
              </value>
            </param>
          </params>
          <reporter-output>
          </reporter-output>
        </test-method> <!-- car_basison_ranking -->
        <test-method status="PASS" signature="beforeMethod()[pri:0, instance:TestCases.Car_Model_Ranking@302552ec]" name="beforeMethod" is-config="true" duration-ms="0" started-at="2021-08-09T13:15:00Z" finished-at="2021-08-09T13:15:00Z">
          <reporter-output>
          </reporter-output>
        </test-method> <!-- beforeMethod -->
        <test-method status="PASS" signature="afterMethod()[pri:0, instance:TestCases.Car_Model_Ranking@302552ec]" name="afterMethod" is-config="true" duration-ms="21" started-at="2021-08-09T13:15:01Z" finished-at="2021-08-09T13:15:01Z">
          <reporter-output>
          </reporter-output>
        </test-method> <!-- afterMethod -->
        <test-method status="PASS" signature="car_basison_ranking(java.util.Hashtable, org.testng.ITestContext)[pri:0, instance:TestCases.Car_Model_Ranking@302552ec]" name="car_basison_ranking" duration-ms="1951" started-at="2021-08-09T13:15:01Z" data-provider="dp" finished-at="2021-08-09T13:15:03Z">
          <params>
            <param index="0">
              <value>
                <![CDATA[{resolution=xhdpi, expectedMessage=, expectedErrorCode=200.0, city=10, endpoint=/api/subscribe/vehicle/model}]]>
              </value>
            </param>
            <param index="1">
              <value>
                <![CDATA[org.testng.TestRunner@35d08e6c]]>
              </value>
            </param>
          </params>
          <reporter-output>
          </reporter-output>
        </test-method> <!-- car_basison_ranking -->
        <test-method status="PASS" signature="beforeMethod()[pri:0, instance:TestCases.Car_Model_Ranking@302552ec]" name="beforeMethod" is-config="true" duration-ms="0" started-at="2021-08-09T13:15:01Z" finished-at="2021-08-09T13:15:01Z">
          <reporter-output>
          </reporter-output>
        </test-method> <!-- beforeMethod -->
        <test-method status="PASS" signature="afterMethod()[pri:0, instance:TestCases.Car_Model_Ranking@302552ec]" name="afterMethod" is-config="true" duration-ms="29" started-at="2021-08-09T13:15:03Z" finished-at="2021-08-09T13:15:03Z">
          <reporter-output>
          </reporter-output>
        </test-method> <!-- afterMethod -->
        <test-method status="PASS" signature="beforeMethod()[pri:0, instance:TestCases.Car_Model_Ranking@302552ec]" name="beforeMethod" is-config="true" duration-ms="0" started-at="2021-08-09T13:15:03Z" finished-at="2021-08-09T13:15:03Z">
          <reporter-output>
          </reporter-output>
        </test-method> <!-- beforeMethod -->
        <test-method status="PASS" signature="car_basison_ranking(java.util.Hashtable, org.testng.ITestContext)[pri:0, instance:TestCases.Car_Model_Ranking@302552ec]" name="car_basison_ranking" duration-ms="1589" started-at="2021-08-09T13:15:03Z" data-provider="dp" finished-at="2021-08-09T13:15:05Z">
          <params>
            <param index="0">
              <value>
                <![CDATA[{resolution=xhdpi, expectedMessage=, expectedErrorCode=200.0, city=11, endpoint=/api/subscribe/vehicle/model}]]>
              </value>
            </param>
            <param index="1">
              <value>
                <![CDATA[org.testng.TestRunner@35d08e6c]]>
              </value>
            </param>
          </params>
          <reporter-output>
          </reporter-output>
        </test-method> <!-- car_basison_ranking -->
        <test-method status="PASS" signature="afterMethod()[pri:0, instance:TestCases.Car_Model_Ranking@302552ec]" name="afterMethod" is-config="true" duration-ms="40" started-at="2021-08-09T13:15:05Z" finished-at="2021-08-09T13:15:05Z">
          <reporter-output>
          </reporter-output>
        </test-method> <!-- afterMethod -->
        <test-method status="PASS" signature="car_basison_ranking(java.util.Hashtable, org.testng.ITestContext)[pri:0, instance:TestCases.Car_Model_Ranking@302552ec]" name="car_basison_ranking" duration-ms="1967" started-at="2021-08-09T13:15:05Z" data-provider="dp" finished-at="2021-08-09T13:15:07Z">
          <params>
            <param index="0">
              <value>
                <![CDATA[{resolution=xhdpi, expectedMessage=, expectedErrorCode=200.0, city=12, endpoint=/api/subscribe/vehicle/model}]]>
              </value>
            </param>
            <param index="1">
              <value>
                <![CDATA[org.testng.TestRunner@35d08e6c]]>
              </value>
            </param>
          </params>
          <reporter-output>
          </reporter-output>
        </test-method> <!-- car_basison_ranking -->
        <test-method status="PASS" signature="beforeMethod()[pri:0, instance:TestCases.Car_Model_Ranking@302552ec]" name="beforeMethod" is-config="true" duration-ms="0" started-at="2021-08-09T13:15:05Z" finished-at="2021-08-09T13:15:05Z">
          <reporter-output>
          </reporter-output>
        </test-method> <!-- beforeMethod -->
        <test-method status="PASS" signature="afterMethod()[pri:0, instance:TestCases.Car_Model_Ranking@302552ec]" name="afterMethod" is-config="true" duration-ms="33" started-at="2021-08-09T13:15:07Z" finished-at="2021-08-09T13:15:07Z">
          <reporter-output>
          </reporter-output>
        </test-method> <!-- afterMethod -->
        <test-method status="PASS" signature="car_basison_ranking(java.util.Hashtable, org.testng.ITestContext)[pri:0, instance:TestCases.Car_Model_Ranking@302552ec]" name="car_basison_ranking" duration-ms="1599" started-at="2021-08-09T13:15:07Z" data-provider="dp" finished-at="2021-08-09T13:15:09Z">
          <params>
            <param index="0">
              <value>
                <![CDATA[{resolution=xhdpi, expectedMessage=, expectedErrorCode=200.0, city=13, endpoint=/api/subscribe/vehicle/model}]]>
              </value>
            </param>
            <param index="1">
              <value>
                <![CDATA[org.testng.TestRunner@35d08e6c]]>
              </value>
            </param>
          </params>
          <reporter-output>
          </reporter-output>
        </test-method> <!-- car_basison_ranking -->
        <test-method status="PASS" signature="beforeMethod()[pri:0, instance:TestCases.Car_Model_Ranking@302552ec]" name="beforeMethod" is-config="true" duration-ms="0" started-at="2021-08-09T13:15:07Z" finished-at="2021-08-09T13:15:07Z">
          <reporter-output>
          </reporter-output>
        </test-method> <!-- beforeMethod -->
        <test-method status="PASS" signature="afterMethod()[pri:0, instance:TestCases.Car_Model_Ranking@302552ec]" name="afterMethod" is-config="true" duration-ms="23" started-at="2021-08-09T13:15:09Z" finished-at="2021-08-09T13:15:09Z">
          <reporter-output>
          </reporter-output>
        </test-method> <!-- afterMethod -->
        <test-method status="PASS" signature="beforeMethod()[pri:0, instance:TestCases.Car_Model_Ranking@302552ec]" name="beforeMethod" is-config="true" duration-ms="0" started-at="2021-08-09T13:15:09Z" finished-at="2021-08-09T13:15:09Z">
          <reporter-output>
          </reporter-output>
        </test-method> <!-- beforeMethod -->
        <test-method status="PASS" signature="car_basison_ranking(java.util.Hashtable, org.testng.ITestContext)[pri:0, instance:TestCases.Car_Model_Ranking@302552ec]" name="car_basison_ranking" duration-ms="1674" started-at="2021-08-09T13:15:09Z" data-provider="dp" finished-at="2021-08-09T13:15:10Z">
          <params>
            <param index="0">
              <value>
                <![CDATA[{resolution=xhdpi, expectedMessage=, expectedErrorCode=200.0, city=14, endpoint=/api/subscribe/vehicle/model}]]>
              </value>
            </param>
            <param index="1">
              <value>
                <![CDATA[org.testng.TestRunner@35d08e6c]]>
              </value>
            </param>
          </params>
          <reporter-output>
          </reporter-output>
        </test-method> <!-- car_basison_ranking -->
        <test-method status="PASS" signature="afterMethod()[pri:0, instance:TestCases.Car_Model_Ranking@302552ec]" name="afterMethod" is-config="true" duration-ms="52" started-at="2021-08-09T13:15:10Z" finished-at="2021-08-09T13:15:10Z">
          <reporter-output>
          </reporter-output>
        </test-method> <!-- afterMethod -->
      </class> <!-- TestCases.Car_Model_Ranking -->
      <class name="TestCases.Customer_Register_Cognito">
        <test-method status="PASS" signature="beforClass()[pri:0, instance:TestCases.Customer_Register_Cognito@3bf7ca37]" name="beforClass" is-config="true" duration-ms="0" started-at="2021-08-09T13:14:03Z" finished-at="2021-08-09T13:14:03Z">
          <reporter-output>
          </reporter-output>
        </test-method> <!-- beforClass -->
        <test-method status="PASS" signature="beforeMethod()[pri:0, instance:TestCases.Customer_Register_Cognito@3bf7ca37]" name="beforeMethod" is-config="true" duration-ms="1" started-at="2021-08-09T13:14:03Z" finished-at="2021-08-09T13:14:03Z">
          <reporter-output>
          </reporter-output>
        </test-method> <!-- beforeMethod -->
        <test-method status="PASS" signature="customer_register_cognito(java.util.Hashtable, org.testng.ITestContext)[pri:0, instance:TestCases.Customer_Register_Cognito@3bf7ca37]" name="customer_register_cognito" duration-ms="18731" started-at="2021-08-09T13:14:03Z" data-provider="dp" finished-at="2021-08-09T13:14:21Z">
          <params>
            <param index="0">
              <value>
                <![CDATA[{uuid=, mobile=1, businessType=SUBSCRIBE, referralCode=, expectedErrorCode=200, referredBy=, occupationTypeCode=, middleName=Kumar, email=gurender.kush@nagarro.com, expectedMessage=Customer successfully registered, gender=M, dob=1983-10-26, firstName=Gurender, lastName=Kush, endpoint=/customer/api/v1/user/register}]]>
              </value>
            </param>
            <param index="1">
              <value>
                <![CDATA[org.testng.TestRunner@35d08e6c]]>
              </value>
            </param>
          </params>
          <reporter-output>
          </reporter-output>
        </test-method> <!-- customer_register_cognito -->
        <test-method status="PASS" signature="afterMethod()[pri:0, instance:TestCases.Customer_Register_Cognito@3bf7ca37]" name="afterMethod" is-config="true" duration-ms="49" started-at="2021-08-09T13:14:21Z" finished-at="2021-08-09T13:14:21Z">
          <reporter-output>
          </reporter-output>
        </test-method> <!-- afterMethod -->
      </class> <!-- TestCases.Customer_Register_Cognito -->
    </test> <!-- API Test -->
  </suite> <!-- Suite -->
</testng-results>
