<?xml version="1.0" encoding="UTF-8"?>
<testng-results ignored="8" total="12" passed="4" failed="0" skipped="0">
  <reporter-output>
  </reporter-output>
  <suite started-at="2021-03-31T07:55:19Z" name="Suite" finished-at="2021-03-31T07:55:27Z" duration-ms="7711">
    <groups>
    </groups>
    <test started-at="2021-03-31T07:55:19Z" name="API Test" finished-at="2021-03-31T07:55:27Z" duration-ms="7711">
      <class name="TestCases.Send_OTP">
        <test-method is-config="true" signature="setup()[pri:0, instance:TestCases.Send_OTP@2f17e30d]" started-at="2021-03-31T13:25:19Z" name="setup" finished-at="2021-03-31T13:25:19Z" duration-ms="137" status="PASS">
          <reporter-output>
          </reporter-output>
        </test-method> <!-- setup -->
        <test-method is-config="true" signature="configure()[pri:0, instance:TestCases.Send_OTP@2f17e30d]" started-at="2021-03-31T13:25:19Z" name="configure" finished-at="2021-03-31T13:25:19Z" depends-on-methods="com.MSIL.Setup.BaseSetup.setup" duration-ms="588" status="PASS">
          <reporter-output>
          </reporter-output>
        </test-method> <!-- configure -->
        <test-method is-config="true" signature="beforeTest(java.lang.String)[pri:0, instance:TestCases.Send_OTP@2f17e30d]" started-at="2021-03-31T13:25:19Z" name="beforeTest" finished-at="2021-03-31T13:25:19Z" duration-ms="6" status="PASS">
          <params>
            <param index="0">
              <value>
                <![CDATA[QA]]>
              </value>
            </param>
          </params>
          <reporter-output>
          </reporter-output>
        </test-method> <!-- beforeTest -->
        <test-method is-config="true" signature="beforClass()[pri:0, instance:TestCases.Send_OTP@2f17e30d]" started-at="2021-03-31T13:25:19Z" name="beforClass" finished-at="2021-03-31T13:25:19Z" duration-ms="3" status="PASS">
          <reporter-output>
          </reporter-output>
        </test-method> <!-- beforClass -->
        <test-method is-config="true" signature="beforeMethod()[pri:0, instance:TestCases.Send_OTP@2f17e30d]" started-at="2021-03-31T13:25:19Z" name="beforeMethod" finished-at="2021-03-31T13:25:19Z" duration-ms="0" status="PASS">
          <reporter-output>
          </reporter-output>
        </test-method> <!-- beforeMethod -->
        <test-method signature="s_otp(java.util.Hashtable)[pri:0, instance:TestCases.Send_OTP@2f17e30d]" started-at="2021-03-31T13:25:19Z" name="s_otp" data-provider="dp" finished-at="2021-03-31T13:25:22Z" duration-ms="2746" status="PASS">
          <params>
            <param index="0">
              <value>
                <![CDATA[{mobileNo=, appId=4.0, endpoint=qa/sendotp}]]>
              </value>
            </param>
          </params>
          <reporter-output>
          </reporter-output>
        </test-method> <!-- s_otp -->
        <test-method is-config="true" signature="afterMethod()[pri:0, instance:TestCases.Send_OTP@2f17e30d]" started-at="2021-03-31T13:25:22Z" name="afterMethod" finished-at="2021-03-31T13:25:22Z" duration-ms="288" status="PASS">
          <reporter-output>
          </reporter-output>
        </test-method> <!-- afterMethod -->
        <test-method is-config="true" signature="afterSuite()[pri:0, instance:TestCases.Send_OTP@2f17e30d]" started-at="2021-03-31T13:25:27Z" name="afterSuite" finished-at="2021-03-31T13:25:27Z" duration-ms="0" status="PASS">
          <reporter-output>
          </reporter-output>
        </test-method> <!-- afterSuite -->
      </class> <!-- TestCases.Send_OTP -->
      <class name="TestCases.generateToken">
        <test-method is-config="true" signature="beforClass()[pri:0, instance:TestCases.generateToken@1d131e1b]" started-at="2021-03-31T13:25:22Z" name="beforClass" finished-at="2021-03-31T13:25:22Z" duration-ms="0" status="PASS">
          <reporter-output>
          </reporter-output>
        </test-method> <!-- beforClass -->
        <test-method signature="gen_auth_token(java.util.Hashtable, org.testng.ITestContext)[pri:0, instance:TestCases.generateToken@1d131e1b]" started-at="2021-03-31T13:25:22Z" name="gen_auth_token" data-provider="dp" finished-at="2021-03-31T13:25:26Z" duration-ms="3691" status="PASS">
          <params>
            <param index="0">
              <value>
                <![CDATA[{mobileNo=9461190996, otp=, appId=4, endpoint=qa/api/account/otp/authtoken}]]>
              </value>
            </param>
            <param index="1">
              <value>
                <![CDATA[org.testng.TestRunner@637c840d]]>
              </value>
            </param>
          </params>
          <reporter-output>
          </reporter-output>
        </test-method> <!-- gen_auth_token -->
        <test-method is-config="true" signature="beforeMethod()[pri:0, instance:TestCases.generateToken@1d131e1b]" started-at="2021-03-31T13:25:22Z" name="beforeMethod" finished-at="2021-03-31T13:25:22Z" duration-ms="0" status="PASS">
          <reporter-output>
          </reporter-output>
        </test-method> <!-- beforeMethod -->
        <test-method is-config="true" signature="afterMethod()[pri:0, instance:TestCases.generateToken@1d131e1b]" started-at="2021-03-31T13:25:26Z" name="afterMethod" finished-at="2021-03-31T13:25:26Z" duration-ms="62" status="PASS">
          <reporter-output>
          </reporter-output>
        </test-method> <!-- afterMethod -->
      </class> <!-- TestCases.generateToken -->
      <class name="TestCases.verify_vehicle_List_TC">
        <test-method is-config="true" signature="beforClass()[pri:0, instance:TestCases.verify_vehicle_List_TC@71cf1b07]" started-at="2021-03-31T13:25:26Z" name="beforClass" finished-at="2021-03-31T13:25:26Z" duration-ms="0" status="PASS">
          <reporter-output>
          </reporter-output>
        </test-method> <!-- beforClass -->
        <test-method signature="verify_list(java.util.Hashtable, org.testng.ITestContext)[pri:0, instance:TestCases.verify_vehicle_List_TC@71cf1b07]" started-at="2021-03-31T13:25:26Z" name="verify_list" data-provider="dp" finished-at="2021-03-31T13:25:27Z" duration-ms="457" status="PASS">
          <params>
            <param index="0">
              <value>
                <![CDATA[{channelType=, filterSortOnPostGST=true, variantCode=, toPrice=null, popularity=ASC, startDate=null, mileageCode=null, leasingCompCode=null, endpoint=qa/api/subscribe/vehicle/v2/list, fuelType=, expectedErrorCode=200, bodyType=, fromPrice=null, modelCode=SR, forCode=null, tenureId=, resolution=xxhdpi, price=DESC, cityId=8, categoryIds=, transmissionType=, registrationType=BLACK_PLATE, isNew=true, newAddition=ASC, colorType=}]]>
              </value>
            </param>
            <param index="1">
              <value>
                <![CDATA[org.testng.TestRunner@637c840d]]>
              </value>
            </param>
          </params>
          <reporter-output>
          </reporter-output>
        </test-method> <!-- verify_list -->
        <test-method is-config="true" signature="beforeMethod()[pri:0, instance:TestCases.verify_vehicle_List_TC@71cf1b07]" started-at="2021-03-31T13:25:26Z" name="beforeMethod" finished-at="2021-03-31T13:25:26Z" duration-ms="0" status="PASS">
          <reporter-output>
          </reporter-output>
        </test-method> <!-- beforeMethod -->
        <test-method is-config="true" signature="afterMethod()[pri:0, instance:TestCases.verify_vehicle_List_TC@71cf1b07]" started-at="2021-03-31T13:25:27Z" name="afterMethod" finished-at="2021-03-31T13:25:27Z" duration-ms="55" status="PASS">
          <reporter-output>
          </reporter-output>
        </test-method> <!-- afterMethod -->
        <test-method is-config="true" signature="beforeMethod()[pri:0, instance:TestCases.verify_vehicle_List_TC@71cf1b07]" started-at="2021-03-31T13:25:27Z" name="beforeMethod" finished-at="2021-03-31T13:25:27Z" duration-ms="0" status="PASS">
          <reporter-output>
          </reporter-output>
        </test-method> <!-- beforeMethod -->
        <test-method signature="verify_list_city_invalid(java.util.Hashtable, org.testng.ITestContext)[pri:0, instance:TestCases.verify_vehicle_List_TC@71cf1b07]" started-at="2021-03-31T13:25:27Z" name="verify_list_city_invalid" data-provider="dp" finished-at="2021-03-31T13:25:27Z" duration-ms="300" status="PASS">
          <params>
            <param index="0">
              <value>
                <![CDATA[{channelType=, filterSortOnPostGST=true, variantCode=, toPrice=null, popularity=ASC, startDate=null, endpoint=qa/api/subscribe/vehicle/v2/list, fuelType=, expectedErrorCode=, bodyType=, fromPrice=null, modelCode=SR, tenureId=, resolution=xxhdpi, price=DESC, cityId=, categoryIds=5, transmissionType=, registrationType=BLACK_PLATE, isNew=true, newAddition=ASC, colorType=}]]>
              </value>
            </param>
            <param index="1">
              <value>
                <![CDATA[org.testng.TestRunner@637c840d]]>
              </value>
            </param>
          </params>
          <reporter-output>
          </reporter-output>
        </test-method> <!-- verify_list_city_invalid -->
        <test-method is-config="true" signature="afterMethod()[pri:0, instance:TestCases.verify_vehicle_List_TC@71cf1b07]" started-at="2021-03-31T13:25:27Z" name="afterMethod" finished-at="2021-03-31T13:25:27Z" duration-ms="61" status="PASS">
          <reporter-output>
          </reporter-output>
        </test-method> <!-- afterMethod -->
      </class> <!-- TestCases.verify_vehicle_List_TC -->
    </test> <!-- API Test -->
  </suite> <!-- Suite -->
</testng-results>
