<?xml version="1.0" encoding="UTF-8"?>
<testng-results ignored="16" total="22" passed="6" failed="0" skipped="0">
  <reporter-output>
  </reporter-output>
  <suite started-at="2021-03-15T07:02:12Z" name="Suite" finished-at="2021-03-15T07:03:03Z" duration-ms="50645">
    <groups>
    </groups>
    <test started-at="2021-03-15T07:02:12Z" name="API Test" finished-at="2021-03-15T07:03:03Z" duration-ms="50645">
      <class name="TestCases.Send_OTP">
        <test-method is-config="true" signature="setup()[pri:0, instance:TestCases.Send_OTP@65045a87]" started-at="2021-03-15T12:32:11Z" name="setup" finished-at="2021-03-15T12:32:11Z" duration-ms="146" status="PASS">
          <reporter-output>
          </reporter-output>
        </test-method> <!-- setup -->
        <test-method is-config="true" signature="configure()[pri:0, instance:TestCases.Send_OTP@65045a87]" started-at="2021-03-15T12:32:11Z" name="configure" finished-at="2021-03-15T12:32:12Z" depends-on-methods="com.MSIL.Setup.BaseSetup.setup" duration-ms="710" status="PASS">
          <reporter-output>
          </reporter-output>
        </test-method> <!-- configure -->
        <test-method is-config="true" signature="beforeTest(java.lang.String)[pri:0, instance:TestCases.Send_OTP@65045a87]" started-at="2021-03-15T12:32:12Z" name="beforeTest" finished-at="2021-03-15T12:32:12Z" duration-ms="6" status="PASS">
          <params>
            <param index="0">
              <value>
                <![CDATA[QA]]>
              </value>
            </param>
          </params>
          <reporter-output>
          </reporter-output>
        </test-method> <!-- beforeTest -->
        <test-method is-config="true" signature="beforClass()[pri:0, instance:TestCases.Send_OTP@65045a87]" started-at="2021-03-15T12:32:12Z" name="beforClass" finished-at="2021-03-15T12:32:12Z" duration-ms="6" status="PASS">
          <reporter-output>
          </reporter-output>
        </test-method> <!-- beforClass -->
        <test-method is-config="true" signature="beforeMethod()[pri:0, instance:TestCases.Send_OTP@65045a87]" started-at="2021-03-15T12:32:12Z" name="beforeMethod" finished-at="2021-03-15T12:32:12Z" duration-ms="0" status="PASS">
          <reporter-output>
          </reporter-output>
        </test-method> <!-- beforeMethod -->
        <test-method signature="s_otp(java.util.Hashtable)[pri:0, instance:TestCases.Send_OTP@65045a87]" started-at="2021-03-15T12:32:12Z" name="s_otp" data-provider="dp" finished-at="2021-03-15T12:32:15Z" duration-ms="3140" status="PASS">
          <params>
            <param index="0">
              <value>
                <![CDATA[{mobileNo=, appId=4.0, endpoint=qa/sendotp}]]>
              </value>
            </param>
          </params>
          <reporter-output>
          </reporter-output>
        </test-method> <!-- s_otp -->
        <test-method is-config="true" signature="afterMethod()[pri:0, instance:TestCases.Send_OTP@65045a87]" started-at="2021-03-15T12:32:15Z" name="afterMethod" finished-at="2021-03-15T12:32:16Z" duration-ms="474" status="PASS">
          <reporter-output>
          </reporter-output>
        </test-method> <!-- afterMethod -->
        <test-method is-config="true" signature="afterSuite()[pri:0, instance:TestCases.Send_OTP@65045a87]" started-at="2021-03-15T12:33:03Z" name="afterSuite" finished-at="2021-03-15T12:33:03Z" duration-ms="0" status="PASS">
          <reporter-output>
          </reporter-output>
        </test-method> <!-- afterSuite -->
      </class> <!-- TestCases.Send_OTP -->
      <class name="TestCases.generateToken">
        <test-method is-config="true" signature="beforClass()[pri:0, instance:TestCases.generateToken@2d1dee39]" started-at="2021-03-15T12:32:16Z" name="beforClass" finished-at="2021-03-15T12:32:16Z" duration-ms="0" status="PASS">
          <reporter-output>
          </reporter-output>
        </test-method> <!-- beforClass -->
        <test-method is-config="true" signature="beforeMethod()[pri:0, instance:TestCases.generateToken@2d1dee39]" started-at="2021-03-15T12:32:16Z" name="beforeMethod" finished-at="2021-03-15T12:32:16Z" duration-ms="1" status="PASS">
          <reporter-output>
          </reporter-output>
        </test-method> <!-- beforeMethod -->
        <test-method signature="gen_auth_token(java.util.Hashtable, org.testng.ITestContext)[pri:0, instance:TestCases.generateToken@2d1dee39]" started-at="2021-03-15T12:32:16Z" name="gen_auth_token" data-provider="dp" finished-at="2021-03-15T12:32:17Z" duration-ms="1627" status="PASS">
          <params>
            <param index="0">
              <value>
                <![CDATA[{mobileNo=9633435303, otp=, appId=4, endpoint=qa/api/account/otp/authtoken}]]>
              </value>
            </param>
            <param index="1">
              <value>
                <![CDATA[org.testng.TestRunner@6d69a0d3]]>
              </value>
            </param>
          </params>
          <reporter-output>
          </reporter-output>
        </test-method> <!-- gen_auth_token -->
        <test-method is-config="true" signature="afterMethod()[pri:0, instance:TestCases.generateToken@2d1dee39]" started-at="2021-03-15T12:32:17Z" name="afterMethod" finished-at="2021-03-15T12:32:18Z" duration-ms="81" status="PASS">
          <reporter-output>
          </reporter-output>
        </test-method> <!-- afterMethod -->
      </class> <!-- TestCases.generateToken -->
      <class name="TestCases.Customer_Register_Send_Otp">
        <test-method is-config="true" signature="beforClass()[pri:0, instance:TestCases.Customer_Register_Send_Otp@48d5f34e]" started-at="2021-03-15T12:32:18Z" name="beforClass" finished-at="2021-03-15T12:32:18Z" duration-ms="0" status="PASS">
          <reporter-output>
          </reporter-output>
        </test-method> <!-- beforClass -->
        <test-method is-config="true" signature="beforeMethod()[pri:0, instance:TestCases.Customer_Register_Send_Otp@48d5f34e]" started-at="2021-03-15T12:32:18Z" name="beforeMethod" finished-at="2021-03-15T12:32:18Z" duration-ms="1" status="PASS">
          <reporter-output>
          </reporter-output>
        </test-method> <!-- beforeMethod -->
        <test-method signature="customer_regsiter_send_otp(java.util.Hashtable, org.testng.ITestContext)[pri:0, instance:TestCases.Customer_Register_Send_Otp@48d5f34e]" started-at="2021-03-15T12:32:18Z" name="customer_regsiter_send_otp" data-provider="dp" finished-at="2021-03-15T12:32:19Z" duration-ms="1524" status="PASS">
          <params>
            <param index="0">
              <value>
                <![CDATA[{mobile=1, expectedMessage=Otp sent successfully, expectedErrorCode=200, endpoint=qa/customer/api/v1/otp/register/send}]]>
              </value>
            </param>
            <param index="1">
              <value>
                <![CDATA[org.testng.TestRunner@6d69a0d3]]>
              </value>
            </param>
          </params>
          <reporter-output>
          </reporter-output>
        </test-method> <!-- customer_regsiter_send_otp -->
        <test-method is-config="true" signature="afterMethod()[pri:0, instance:TestCases.Customer_Register_Send_Otp@48d5f34e]" started-at="2021-03-15T12:32:19Z" name="afterMethod" finished-at="2021-03-15T12:32:19Z" duration-ms="105" status="PASS">
          <reporter-output>
          </reporter-output>
        </test-method> <!-- afterMethod -->
        <test-method is-config="true" signature="beforeMethod()[pri:0, instance:TestCases.Customer_Register_Send_Otp@48d5f34e]" started-at="2021-03-15T12:32:19Z" name="beforeMethod" finished-at="2021-03-15T12:32:19Z" duration-ms="0" status="PASS">
          <reporter-output>
          </reporter-output>
        </test-method> <!-- beforeMethod -->
        <test-method signature="invalid_mobile_send_otp(java.util.Hashtable, org.testng.ITestContext)[pri:0, instance:TestCases.Customer_Register_Send_Otp@48d5f34e]" started-at="2021-03-15T12:32:19Z" name="invalid_mobile_send_otp" data-provider="dp" finished-at="2021-03-15T12:32:19Z" duration-ms="346" status="PASS">
          <params>
            <param index="0">
              <value>
                <![CDATA[{mobile=, expectedMessage=Please provide valid mobile, expectedErrorCode=400, endpoint=qa/customer/api/v1/otp/register/send}]]>
              </value>
            </param>
            <param index="1">
              <value>
                <![CDATA[org.testng.TestRunner@6d69a0d3]]>
              </value>
            </param>
          </params>
          <reporter-output>
          </reporter-output>
        </test-method> <!-- invalid_mobile_send_otp -->
        <test-method is-config="true" signature="afterMethod()[pri:0, instance:TestCases.Customer_Register_Send_Otp@48d5f34e]" started-at="2021-03-15T12:32:19Z" name="afterMethod" finished-at="2021-03-15T12:32:20Z" duration-ms="85" status="PASS">
          <reporter-output>
          </reporter-output>
        </test-method> <!-- afterMethod -->
      </class> <!-- TestCases.Customer_Register_Send_Otp -->
      <class name="TestCases.Car_Model_Ranking">
        <test-method is-config="true" signature="beforClass()[pri:0, instance:TestCases.Car_Model_Ranking@6ff65192]" started-at="2021-03-15T12:32:20Z" name="beforClass" finished-at="2021-03-15T12:32:20Z" duration-ms="0" status="PASS">
          <reporter-output>
          </reporter-output>
        </test-method> <!-- beforClass -->
        <test-method is-config="true" signature="beforeMethod()[pri:0, instance:TestCases.Car_Model_Ranking@6ff65192]" started-at="2021-03-15T12:32:20Z" name="beforeMethod" finished-at="2021-03-15T12:32:20Z" duration-ms="1" status="PASS">
          <reporter-output>
          </reporter-output>
        </test-method> <!-- beforeMethod -->
        <test-method signature="car_basison_ranking(java.util.Hashtable, org.testng.ITestContext)[pri:0, instance:TestCases.Car_Model_Ranking@6ff65192]" started-at="2021-03-15T12:32:20Z" name="car_basison_ranking" data-provider="dp" finished-at="2021-03-15T12:33:03Z" duration-ms="42591" status="PASS">
          <params>
            <param index="0">
              <value>
                <![CDATA[{expectedMessage=, expectedErrorCode=200.0, endpoint=qa/api/subscribe/vehicle/model/2?resolution=hdpi}]]>
              </value>
            </param>
            <param index="1">
              <value>
                <![CDATA[org.testng.TestRunner@6d69a0d3]]>
              </value>
            </param>
          </params>
          <reporter-output>
          </reporter-output>
        </test-method> <!-- car_basison_ranking -->
        <test-method is-config="true" signature="afterMethod()[pri:0, instance:TestCases.Car_Model_Ranking@6ff65192]" started-at="2021-03-15T12:33:03Z" name="afterMethod" finished-at="2021-03-15T12:33:03Z" duration-ms="43" status="PASS">
          <reporter-output>
          </reporter-output>
        </test-method> <!-- afterMethod -->
      </class> <!-- TestCases.Car_Model_Ranking -->
      <class name="TestCases.Common_Cust_Verify_Otp">
        <test-method is-config="true" signature="beforClass()[pri:0, instance:TestCases.Common_Cust_Verify_Otp@fc258b1]" started-at="2021-03-15T12:32:20Z" name="beforClass" finished-at="2021-03-15T12:32:20Z" duration-ms="1" status="PASS">
          <reporter-output>
          </reporter-output>
        </test-method> <!-- beforClass -->
        <test-method is-config="true" signature="beforeMethod()[pri:0, instance:TestCases.Common_Cust_Verify_Otp@fc258b1]" started-at="2021-03-15T12:32:20Z" name="beforeMethod" finished-at="2021-03-15T12:32:20Z" duration-ms="1" status="PASS">
          <reporter-output>
          </reporter-output>
        </test-method> <!-- beforeMethod -->
        <test-method signature="customer_verify_otp(java.util.Hashtable, org.testng.ITestContext)[pri:0, instance:TestCases.Common_Cust_Verify_Otp@fc258b1]" started-at="2021-03-15T12:32:20Z" name="customer_verify_otp" data-provider="dp" finished-at="2021-03-15T12:32:20Z" duration-ms="469" status="PASS">
          <params>
            <param index="0">
              <value>
                <![CDATA[{contactInfo=1, expectedMessage=null, otp=1, expectedErrorCode=200, endpoint=qa/customer/api/v1/otp/verify}]]>
              </value>
            </param>
            <param index="1">
              <value>
                <![CDATA[org.testng.TestRunner@6d69a0d3]]>
              </value>
            </param>
          </params>
          <reporter-output>
          </reporter-output>
        </test-method> <!-- customer_verify_otp -->
        <test-method is-config="true" signature="afterMethod()[pri:0, instance:TestCases.Common_Cust_Verify_Otp@fc258b1]" started-at="2021-03-15T12:32:20Z" name="afterMethod" finished-at="2021-03-15T12:32:20Z" duration-ms="79" status="PASS">
          <reporter-output>
          </reporter-output>
        </test-method> <!-- afterMethod -->
      </class> <!-- TestCases.Common_Cust_Verify_Otp -->
    </test> <!-- API Test -->
  </suite> <!-- Suite -->
</testng-results>
