<?xml version="1.0" encoding="UTF-8"?>
<testng-results ignored="0" total="3" passed="0" failed="0" skipped="3">
  <reporter-output>
  </reporter-output>
  <suite started-at="2023-11-08T12:01:42 IST" name="Suite" finished-at="2023-11-08T12:01:42 IST" duration-ms="138">
    <groups>
      <group name="Sanity">
        <method signature="Certi_RatingAndPricing_TC.Rating_And_Pricing(java.util.Hashtable,org.testng.ITestContext)[pri:0, instance:TestCases.Certification.Certi_RatingAndPricing_TC@3fa2213]" name="Rating_And_Pricing" class="TestCases.Certification.Certi_RatingAndPricing_TC"/>
      </group> <!-- Sanity -->
      <group name="Regression">
        <method signature="Certi_RatingAndPricing_TC.Rating_And_Pricing(java.util.Hashtable,org.testng.ITestContext)[pri:0, instance:TestCases.Certification.Certi_RatingAndPricing_TC@3fa2213]" name="Rating_And_Pricing" class="TestCases.Certification.Certi_RatingAndPricing_TC"/>
      </group> <!-- Regression -->
      <group name="Smoke">
        <method signature="Certi_RatingAndPricing_TC.Rating_And_Pricing(java.util.Hashtable,org.testng.ITestContext)[pri:0, instance:TestCases.Certification.Certi_RatingAndPricing_TC@3fa2213]" name="Rating_And_Pricing" class="TestCases.Certification.Certi_RatingAndPricing_TC"/>
      </group> <!-- Smoke -->
    </groups>
    <test started-at="2023-11-08T12:01:42 IST" name="API Test" finished-at="2023-11-08T12:01:42 IST" duration-ms="138">
      <class name="TestCases.Certification.Certi_RatingAndPricing_TC">
        <test-method is-config="true" signature="setup()[pri:0, instance:TestCases.Certification.Certi_RatingAndPricing_TC@3fa2213]" started-at="2023-11-08T12:01:41 IST" name="setup" finished-at="2023-11-08T12:01:42 IST" duration-ms="189" status="PASS">
          <reporter-output>
          </reporter-output>
        </test-method> <!-- setup -->
        <test-method is-config="true" signature="configure()[pri:0, instance:TestCases.Certification.Certi_RatingAndPricing_TC@3fa2213]" started-at="2023-11-08T12:01:42 IST" name="configure" finished-at="2023-11-08T12:01:42 IST" depends-on-methods="com.MSIL.Setup.BaseSetup.setup" duration-ms="234" status="FAIL">
          <exception class="java.lang.NoClassDefFoundError">
            <message>
              <![CDATA[io/restassured/path/xml/mapper/factory/JakartaEEObjectMapperFactory]]>
            </message>
            <full-stacktrace>
              <![CDATA[java.lang.NoClassDefFoundError: io/restassured/path/xml/mapper/factory/JakartaEEObjectMapperFactory
at io.restassured.config.RestAssuredConfig.<init>(RestAssuredConfig.java:41)
at io.restassured.RestAssured.<clinit>(RestAssured.java:422)
at com.MSIL.Setup.RestAssuredSetup.configure(RestAssuredSetup.java:23)
at java.base/jdk.internal.reflect.NativeMethodAccessorImpl.invoke0(Native Method)
at java.base/jdk.internal.reflect.NativeMethodAccessorImpl.invoke(NativeMethodAccessorImpl.java:77)
at java.base/jdk.internal.reflect.DelegatingMethodAccessorImpl.invoke(DelegatingMethodAccessorImpl.java:43)
at java.base/java.lang.reflect.Method.invoke(Method.java:568)
at org.testng.internal.MethodInvocationHelper.invokeMethod(MethodInvocationHelper.java:133)
at org.testng.internal.MethodInvocationHelper.invokeMethodConsideringTimeout(MethodInvocationHelper.java:62)
at org.testng.internal.ConfigInvoker.invokeConfigurationMethod(ConfigInvoker.java:385)
at org.testng.internal.ConfigInvoker.invokeConfigurations(ConfigInvoker.java:321)
at org.testng.SuiteRunner.privateRun(SuiteRunner.java:317)
at org.testng.SuiteRunner.run(SuiteRunner.java:276)
at org.testng.SuiteRunnerWorker.runSuite(SuiteRunnerWorker.java:53)
at org.testng.SuiteRunnerWorker.run(SuiteRunnerWorker.java:96)
at org.testng.TestNG.runSuitesSequentially(TestNG.java:1212)
at org.testng.TestNG.runSuitesLocally(TestNG.java:1134)
at org.testng.TestNG.runSuites(TestNG.java:1063)
at org.testng.TestNG.run(TestNG.java:1031)
at org.testng.remote.AbstractRemoteTestNG.run(AbstractRemoteTestNG.java:115)
at org.testng.remote.RemoteTestNG.initAndRun(RemoteTestNG.java:251)
at org.testng.remote.RemoteTestNG.main(RemoteTestNG.java:77)
Caused by: java.lang.ClassNotFoundException: io.restassured.path.xml.mapper.factory.JakartaEEObjectMapperFactory
at java.base/jdk.internal.loader.BuiltinClassLoader.loadClass(BuiltinClassLoader.java:641)
at java.base/jdk.internal.loader.ClassLoaders$AppClassLoader.loadClass(ClassLoaders.java:188)
at java.base/java.lang.ClassLoader.loadClass(ClassLoader.java:520)
... 22 more
]]>
            </full-stacktrace>
          </exception> <!-- java.lang.NoClassDefFoundError -->
          <reporter-output>
          </reporter-output>
        </test-method> <!-- configure -->
        <test-method is-config="true" signature="beforeTest(java.lang.String)[pri:0, instance:TestCases.Certification.Certi_RatingAndPricing_TC@3fa2213]" started-at="2023-11-08T12:01:42 IST" name="beforeTest" finished-at="2023-11-08T12:01:42 IST" duration-ms="6" status="PASS">
          <params>
            <param index="0">
              <value>
                <![CDATA[QA]]>
              </value>
            </param>
          </params>
          <reporter-output>
          </reporter-output>
        </test-method> <!-- beforeTest -->
        <test-method is-config="true" signature="beforClass()[pri:0, instance:TestCases.Certification.Certi_RatingAndPricing_TC@3fa2213]" started-at="2023-11-08T12:01:42 IST" name="beforClass" finished-at="2023-11-08T12:01:42 IST" duration-ms="6" status="PASS">
          <reporter-output>
          </reporter-output>
        </test-method> <!-- beforClass -->
        <test-method is-config="true" signature="beforeMethod()[pri:0, instance:TestCases.Certification.Certi_RatingAndPricing_TC@3fa2213]" started-at="2023-11-08T12:01:42 IST" name="beforeMethod" finished-at="1970-01-01T05:30:00 IST" duration-ms="-1699425102388" status="SKIP">
          <reporter-output>
          </reporter-output>
        </test-method> <!-- beforeMethod -->
        <test-method signature="Rating_And_Pricing(java.util.Hashtable,org.testng.ITestContext)[pri:0, instance:TestCases.Certification.Certi_RatingAndPricing_TC@3fa2213]" started-at="2023-11-08T12:01:42 IST" name="Rating_And_Pricing" data-provider="dp" finished-at="2023-11-08T12:01:42 IST" duration-ms="0" status="SKIP">
          <params>
            <param index="0">
              <value>
                <![CDATA[{API_Status=, certificationRating=string, evaluatedRfCost=0.0, exterior=0.0, stageCode=RATING_AND_SUBMISSION, nonTrueValue=true, vehicleCategoryInput=string, endpoint=/save/certification, trueValueChecklistDone=true, interior=0.0, trueValueChecklistImage=string, finalVehicleRating=0.0, actualRfCost=0.0, time_spent=0, message=, frames=0.0, functions=0.0, registrationNumber=JH02AP5039, vehicleOnRoadPrice=0.0, mspin=1051756, dmsStatus=, isFinalSubmission=, certificationId=CERT-06092023-000077MPN1051756, buyingPrice=0.0, engine=0.0, appStatus=}]]>
              </value>
            </param>
            <param index="1">
              <value>
                <![CDATA[org.testng.TestRunner@7c211fd0]]>
              </value>
            </param>
          </params>
          <exception class="java.lang.NoClassDefFoundError">
            <message>
              <![CDATA[io/restassured/path/xml/mapper/factory/JakartaEEObjectMapperFactory]]>
            </message>
            <full-stacktrace>
              <![CDATA[java.lang.NoClassDefFoundError: io/restassured/path/xml/mapper/factory/JakartaEEObjectMapperFactory
at io.restassured.config.RestAssuredConfig.<init>(RestAssuredConfig.java:41)
at io.restassured.RestAssured.<clinit>(RestAssured.java:422)
at com.MSIL.Setup.RestAssuredSetup.configure(RestAssuredSetup.java:23)
at java.base/jdk.internal.reflect.NativeMethodAccessorImpl.invoke0(Native Method)
at java.base/jdk.internal.reflect.NativeMethodAccessorImpl.invoke(NativeMethodAccessorImpl.java:77)
at java.base/jdk.internal.reflect.DelegatingMethodAccessorImpl.invoke(DelegatingMethodAccessorImpl.java:43)
at java.base/java.lang.reflect.Method.invoke(Method.java:568)
at org.testng.internal.MethodInvocationHelper.invokeMethod(MethodInvocationHelper.java:133)
at org.testng.internal.MethodInvocationHelper.invokeMethodConsideringTimeout(MethodInvocationHelper.java:62)
at org.testng.internal.ConfigInvoker.invokeConfigurationMethod(ConfigInvoker.java:385)
at org.testng.internal.ConfigInvoker.invokeConfigurations(ConfigInvoker.java:321)
at org.testng.SuiteRunner.privateRun(SuiteRunner.java:317)
at org.testng.SuiteRunner.run(SuiteRunner.java:276)
at org.testng.SuiteRunnerWorker.runSuite(SuiteRunnerWorker.java:53)
at org.testng.SuiteRunnerWorker.run(SuiteRunnerWorker.java:96)
at org.testng.TestNG.runSuitesSequentially(TestNG.java:1212)
at org.testng.TestNG.runSuitesLocally(TestNG.java:1134)
at org.testng.TestNG.runSuites(TestNG.java:1063)
at org.testng.TestNG.run(TestNG.java:1031)
at org.testng.remote.AbstractRemoteTestNG.run(AbstractRemoteTestNG.java:115)
at org.testng.remote.RemoteTestNG.initAndRun(RemoteTestNG.java:251)
at org.testng.remote.RemoteTestNG.main(RemoteTestNG.java:77)
Caused by: java.lang.ClassNotFoundException: io.restassured.path.xml.mapper.factory.JakartaEEObjectMapperFactory
at java.base/jdk.internal.loader.BuiltinClassLoader.loadClass(BuiltinClassLoader.java:641)
at java.base/jdk.internal.loader.ClassLoaders$AppClassLoader.loadClass(ClassLoaders.java:188)
at java.base/java.lang.ClassLoader.loadClass(ClassLoader.java:520)
... 22 more
]]>
            </full-stacktrace>
          </exception> <!-- java.lang.NoClassDefFoundError -->
          <reporter-output>
          </reporter-output>
        </test-method> <!-- Rating_And_Pricing -->
        <test-method is-config="true" signature="afterMethod()[pri:0, instance:TestCases.Certification.Certi_RatingAndPricing_TC@3fa2213]" started-at="2023-11-08T12:01:42 IST" name="afterMethod" finished-at="1970-01-01T05:30:00 IST" duration-ms="-1699425102412" status="SKIP">
          <reporter-output>
          </reporter-output>
        </test-method> <!-- afterMethod -->
        <test-method is-config="true" signature="beforeMethod()[pri:0, instance:TestCases.Certification.Certi_RatingAndPricing_TC@3fa2213]" started-at="2023-11-08T12:01:42 IST" name="beforeMethod" finished-at="1970-01-01T05:30:00 IST" duration-ms="-1699425102414" status="SKIP">
          <reporter-output>
          </reporter-output>
        </test-method> <!-- beforeMethod -->
        <test-method signature="Rating_And_Pricing(java.util.Hashtable,org.testng.ITestContext)[pri:0, instance:TestCases.Certification.Certi_RatingAndPricing_TC@3fa2213]" started-at="2023-11-08T12:01:42 IST" name="Rating_And_Pricing" data-provider="dp" finished-at="2023-11-08T12:01:42 IST" duration-ms="0" status="SKIP">
          <params>
            <param index="0">
              <value>
                <![CDATA[{API_Status=, certificationRating=, evaluatedRfCost=, exterior=, stageCode=, nonTrueValue=, vehicleCategoryInput=, endpoint=, trueValueChecklistDone=, interior=, trueValueChecklistImage=, finalVehicleRating=, actualRfCost=, time_spent=, message=, frames=, functions=, registrationNumber=, vehicleOnRoadPrice=, mspin=, dmsStatus=, isFinalSubmission=, certificationId=, buyingPrice=, engine=, appStatus=}]]>
              </value>
            </param>
            <param index="1">
              <value>
                <![CDATA[org.testng.TestRunner@7c211fd0]]>
              </value>
            </param>
          </params>
          <exception class="java.lang.NoClassDefFoundError">
            <message>
              <![CDATA[io/restassured/path/xml/mapper/factory/JakartaEEObjectMapperFactory]]>
            </message>
            <full-stacktrace>
              <![CDATA[java.lang.NoClassDefFoundError: io/restassured/path/xml/mapper/factory/JakartaEEObjectMapperFactory
at io.restassured.config.RestAssuredConfig.<init>(RestAssuredConfig.java:41)
at io.restassured.RestAssured.<clinit>(RestAssured.java:422)
at com.MSIL.Setup.RestAssuredSetup.configure(RestAssuredSetup.java:23)
at java.base/jdk.internal.reflect.NativeMethodAccessorImpl.invoke0(Native Method)
at java.base/jdk.internal.reflect.NativeMethodAccessorImpl.invoke(NativeMethodAccessorImpl.java:77)
at java.base/jdk.internal.reflect.DelegatingMethodAccessorImpl.invoke(DelegatingMethodAccessorImpl.java:43)
at java.base/java.lang.reflect.Method.invoke(Method.java:568)
at org.testng.internal.MethodInvocationHelper.invokeMethod(MethodInvocationHelper.java:133)
at org.testng.internal.MethodInvocationHelper.invokeMethodConsideringTimeout(MethodInvocationHelper.java:62)
at org.testng.internal.ConfigInvoker.invokeConfigurationMethod(ConfigInvoker.java:385)
at org.testng.internal.ConfigInvoker.invokeConfigurations(ConfigInvoker.java:321)
at org.testng.SuiteRunner.privateRun(SuiteRunner.java:317)
at org.testng.SuiteRunner.run(SuiteRunner.java:276)
at org.testng.SuiteRunnerWorker.runSuite(SuiteRunnerWorker.java:53)
at org.testng.SuiteRunnerWorker.run(SuiteRunnerWorker.java:96)
at org.testng.TestNG.runSuitesSequentially(TestNG.java:1212)
at org.testng.TestNG.runSuitesLocally(TestNG.java:1134)
at org.testng.TestNG.runSuites(TestNG.java:1063)
at org.testng.TestNG.run(TestNG.java:1031)
at org.testng.remote.AbstractRemoteTestNG.run(AbstractRemoteTestNG.java:115)
at org.testng.remote.RemoteTestNG.initAndRun(RemoteTestNG.java:251)
at org.testng.remote.RemoteTestNG.main(RemoteTestNG.java:77)
Caused by: java.lang.ClassNotFoundException: io.restassured.path.xml.mapper.factory.JakartaEEObjectMapperFactory
at java.base/jdk.internal.loader.BuiltinClassLoader.loadClass(BuiltinClassLoader.java:641)
at java.base/jdk.internal.loader.ClassLoaders$AppClassLoader.loadClass(ClassLoaders.java:188)
at java.base/java.lang.ClassLoader.loadClass(ClassLoader.java:520)
... 22 more
]]>
            </full-stacktrace>
          </exception> <!-- java.lang.NoClassDefFoundError -->
          <reporter-output>
          </reporter-output>
        </test-method> <!-- Rating_And_Pricing -->
        <test-method is-config="true" signature="afterMethod()[pri:0, instance:TestCases.Certification.Certi_RatingAndPricing_TC@3fa2213]" started-at="2023-11-08T12:01:42 IST" name="afterMethod" finished-at="1970-01-01T05:30:00 IST" duration-ms="-1699425102422" status="SKIP">
          <reporter-output>
          </reporter-output>
        </test-method> <!-- afterMethod -->
        <test-method is-config="true" signature="beforeMethod()[pri:0, instance:TestCases.Certification.Certi_RatingAndPricing_TC@3fa2213]" started-at="2023-11-08T12:01:42 IST" name="beforeMethod" finished-at="1970-01-01T05:30:00 IST" duration-ms="-1699425102425" status="SKIP">
          <reporter-output>
          </reporter-output>
        </test-method> <!-- beforeMethod -->
        <test-method signature="Rating_And_Pricing(java.util.Hashtable,org.testng.ITestContext)[pri:0, instance:TestCases.Certification.Certi_RatingAndPricing_TC@3fa2213]" started-at="2023-11-08T12:01:42 IST" name="Rating_And_Pricing" data-provider="dp" finished-at="2023-11-08T12:01:42 IST" duration-ms="0" status="SKIP">
          <params>
            <param index="0">
              <value>
                <![CDATA[{API_Status=, certificationRating=, evaluatedRfCost=, exterior=, stageCode=, nonTrueValue=, vehicleCategoryInput=, endpoint=, trueValueChecklistDone=, interior=, trueValueChecklistImage=, finalVehicleRating=, actualRfCost=, time_spent=, message=, frames=, functions=, registrationNumber=, vehicleOnRoadPrice=, mspin=, dmsStatus=, isFinalSubmission=, certificationId=, buyingPrice=, engine=, appStatus=}]]>
              </value>
            </param>
            <param index="1">
              <value>
                <![CDATA[org.testng.TestRunner@7c211fd0]]>
              </value>
            </param>
          </params>
          <exception class="java.lang.NoClassDefFoundError">
            <message>
              <![CDATA[io/restassured/path/xml/mapper/factory/JakartaEEObjectMapperFactory]]>
            </message>
            <full-stacktrace>
              <![CDATA[java.lang.NoClassDefFoundError: io/restassured/path/xml/mapper/factory/JakartaEEObjectMapperFactory
at io.restassured.config.RestAssuredConfig.<init>(RestAssuredConfig.java:41)
at io.restassured.RestAssured.<clinit>(RestAssured.java:422)
at com.MSIL.Setup.RestAssuredSetup.configure(RestAssuredSetup.java:23)
at java.base/jdk.internal.reflect.NativeMethodAccessorImpl.invoke0(Native Method)
at java.base/jdk.internal.reflect.NativeMethodAccessorImpl.invoke(NativeMethodAccessorImpl.java:77)
at java.base/jdk.internal.reflect.DelegatingMethodAccessorImpl.invoke(DelegatingMethodAccessorImpl.java:43)
at java.base/java.lang.reflect.Method.invoke(Method.java:568)
at org.testng.internal.MethodInvocationHelper.invokeMethod(MethodInvocationHelper.java:133)
at org.testng.internal.MethodInvocationHelper.invokeMethodConsideringTimeout(MethodInvocationHelper.java:62)
at org.testng.internal.ConfigInvoker.invokeConfigurationMethod(ConfigInvoker.java:385)
at org.testng.internal.ConfigInvoker.invokeConfigurations(ConfigInvoker.java:321)
at org.testng.SuiteRunner.privateRun(SuiteRunner.java:317)
at org.testng.SuiteRunner.run(SuiteRunner.java:276)
at org.testng.SuiteRunnerWorker.runSuite(SuiteRunnerWorker.java:53)
at org.testng.SuiteRunnerWorker.run(SuiteRunnerWorker.java:96)
at org.testng.TestNG.runSuitesSequentially(TestNG.java:1212)
at org.testng.TestNG.runSuitesLocally(TestNG.java:1134)
at org.testng.TestNG.runSuites(TestNG.java:1063)
at org.testng.TestNG.run(TestNG.java:1031)
at org.testng.remote.AbstractRemoteTestNG.run(AbstractRemoteTestNG.java:115)
at org.testng.remote.RemoteTestNG.initAndRun(RemoteTestNG.java:251)
at org.testng.remote.RemoteTestNG.main(RemoteTestNG.java:77)
Caused by: java.lang.ClassNotFoundException: io.restassured.path.xml.mapper.factory.JakartaEEObjectMapperFactory
at java.base/jdk.internal.loader.BuiltinClassLoader.loadClass(BuiltinClassLoader.java:641)
at java.base/jdk.internal.loader.ClassLoaders$AppClassLoader.loadClass(ClassLoaders.java:188)
at java.base/java.lang.ClassLoader.loadClass(ClassLoader.java:520)
... 22 more
]]>
            </full-stacktrace>
          </exception> <!-- java.lang.NoClassDefFoundError -->
          <reporter-output>
          </reporter-output>
        </test-method> <!-- Rating_And_Pricing -->
        <test-method is-config="true" signature="afterMethod()[pri:0, instance:TestCases.Certification.Certi_RatingAndPricing_TC@3fa2213]" started-at="2023-11-08T12:01:42 IST" name="afterMethod" finished-at="1970-01-01T05:30:00 IST" duration-ms="-1699425102435" status="SKIP">
          <reporter-output>
          </reporter-output>
        </test-method> <!-- afterMethod -->
        <test-method is-config="true" signature="afterSuite()[pri:0, instance:TestCases.Certification.Certi_RatingAndPricing_TC@3fa2213]" started-at="2023-11-08T12:01:42 IST" name="afterSuite" finished-at="1970-01-01T05:30:00 IST" duration-ms="-1699425102484" status="SKIP">
          <reporter-output>
          </reporter-output>
        </test-method> <!-- afterSuite -->
      </class> <!-- TestCases.Certification.Certi_RatingAndPricing_TC -->
    </test> <!-- API Test -->
  </suite> <!-- Suite -->
</testng-results>
