<?xml version="1.0" encoding="UTF-8"?>
<testng-results skipped="0" failed="0" ignored="16" total="22" passed="6">
  <reporter-output>
  </reporter-output>
  <suite name="Suite" duration-ms="14595" started-at="2021-03-04T07:05:34Z" finished-at="2021-03-04T07:05:48Z">
    <groups>
    </groups>
    <test name="API Test" duration-ms="14595" started-at="2021-03-04T07:05:34Z" finished-at="2021-03-04T07:05:48Z">
      <class name="TestCases.Send_OTP">
        <test-method status="PASS" signature="setup()[pri:0, instance:TestCases.Send_OTP@2b71e916]" name="setup" is-config="true" duration-ms="112" started-at="2021-03-04T12:35:33Z" finished-at="2021-03-04T12:35:33Z">
          <reporter-output>
          </reporter-output>
        </test-method> <!-- setup -->
        <test-method status="PASS" signature="configure()[pri:0, instance:TestCases.Send_OTP@2b71e916]" name="configure" is-config="true" duration-ms="360" started-at="2021-03-04T12:35:33Z" depends-on-methods="com.MSIL.Setup.BaseSetup.setup" finished-at="2021-03-04T12:35:34Z">
          <reporter-output>
          </reporter-output>
        </test-method> <!-- configure -->
        <test-method status="PASS" signature="beforeTest(java.lang.String)[pri:0, instance:TestCases.Send_OTP@2b71e916]" name="beforeTest" is-config="true" duration-ms="4" started-at="2021-03-04T12:35:34Z" finished-at="2021-03-04T12:35:34Z">
          <params>
            <param index="0">
              <value>
                <![CDATA[QA]]>
              </value>
            </param>
          </params>
          <reporter-output>
          </reporter-output>
        </test-method> <!-- beforeTest -->
        <test-method status="PASS" signature="beforClass()[pri:0, instance:TestCases.Send_OTP@2b71e916]" name="beforClass" is-config="true" duration-ms="3" started-at="2021-03-04T12:35:34Z" finished-at="2021-03-04T12:35:34Z">
          <reporter-output>
          </reporter-output>
        </test-method> <!-- beforClass -->
        <test-method status="PASS" signature="s_otp(java.util.Hashtable)[pri:0, instance:TestCases.Send_OTP@2b71e916]" name="s_otp" duration-ms="3164" started-at="2021-03-04T12:35:34Z" data-provider="dp" finished-at="2021-03-04T12:35:37Z">
          <params>
            <param index="0">
              <value>
                <![CDATA[{mobileNo=, appId=4.0, endpoint=qa/sendotp}]]>
              </value>
            </param>
          </params>
          <reporter-output>
          </reporter-output>
        </test-method> <!-- s_otp -->
        <test-method status="PASS" signature="beforeMethod()[pri:0, instance:TestCases.Send_OTP@2b71e916]" name="beforeMethod" is-config="true" duration-ms="0" started-at="2021-03-04T12:35:34Z" finished-at="2021-03-04T12:35:34Z">
          <reporter-output>
          </reporter-output>
        </test-method> <!-- beforeMethod -->
        <test-method status="PASS" signature="afterMethod()[pri:0, instance:TestCases.Send_OTP@2b71e916]" name="afterMethod" is-config="true" duration-ms="271" started-at="2021-03-04T12:35:37Z" finished-at="2021-03-04T12:35:37Z">
          <reporter-output>
          </reporter-output>
        </test-method> <!-- afterMethod -->
        <test-method status="PASS" signature="afterSuite()[pri:0, instance:TestCases.Send_OTP@2b71e916]" name="afterSuite" is-config="true" duration-ms="0" started-at="2021-03-04T12:35:48Z" finished-at="2021-03-04T12:35:48Z">
          <reporter-output>
          </reporter-output>
        </test-method> <!-- afterSuite -->
      </class> <!-- TestCases.Send_OTP -->
      <class name="TestCases.generateToken">
        <test-method status="PASS" signature="beforClass()[pri:0, instance:TestCases.generateToken@28701274]" name="beforClass" is-config="true" duration-ms="0" started-at="2021-03-04T12:35:37Z" finished-at="2021-03-04T12:35:37Z">
          <reporter-output>
          </reporter-output>
        </test-method> <!-- beforClass -->
        <test-method status="PASS" signature="beforeMethod()[pri:0, instance:TestCases.generateToken@28701274]" name="beforeMethod" is-config="true" duration-ms="0" started-at="2021-03-04T12:35:37Z" finished-at="2021-03-04T12:35:37Z">
          <reporter-output>
          </reporter-output>
        </test-method> <!-- beforeMethod -->
        <test-method status="PASS" signature="gen_auth_token(java.util.Hashtable, org.testng.ITestContext)[pri:0, instance:TestCases.generateToken@28701274]" name="gen_auth_token" duration-ms="2208" started-at="2021-03-04T12:35:37Z" data-provider="dp" finished-at="2021-03-04T12:35:39Z">
          <params>
            <param index="0">
              <value>
                <![CDATA[{mobileNo=9814209253, otp=, appId=4, endpoint=qa/api/account/otp/authtoken}]]>
              </value>
            </param>
            <param index="1">
              <value>
                <![CDATA[org.testng.TestRunner@65f58c6e]]>
              </value>
            </param>
          </params>
          <reporter-output>
          </reporter-output>
        </test-method> <!-- gen_auth_token -->
        <test-method status="PASS" signature="afterMethod()[pri:0, instance:TestCases.generateToken@28701274]" name="afterMethod" is-config="true" duration-ms="58" started-at="2021-03-04T12:35:39Z" finished-at="2021-03-04T12:35:39Z">
          <reporter-output>
          </reporter-output>
        </test-method> <!-- afterMethod -->
      </class> <!-- TestCases.generateToken -->
      <class name="TestCases.Leasing_Partner_Ranking">
        <test-method status="PASS" signature="beforClass()[pri:0, instance:TestCases.Leasing_Partner_Ranking@62379589]" name="beforClass" is-config="true" duration-ms="1" started-at="2021-03-04T12:35:46Z" finished-at="2021-03-04T12:35:46Z">
          <reporter-output>
          </reporter-output>
        </test-method> <!-- beforClass -->
        <test-method status="PASS" signature="beforeMethod()[pri:0, instance:TestCases.Leasing_Partner_Ranking@62379589]" name="beforeMethod" is-config="true" duration-ms="1" started-at="2021-03-04T12:35:46Z" finished-at="2021-03-04T12:35:46Z">
          <reporter-output>
          </reporter-output>
        </test-method> <!-- beforeMethod -->
        <test-method status="PASS" signature="leasing_ranking(java.util.Hashtable, org.testng.ITestContext)[pri:0, instance:TestCases.Leasing_Partner_Ranking@62379589]" name="leasing_ranking" duration-ms="2028" started-at="2021-03-04T12:35:46Z" data-provider="dp" finished-at="2021-03-04T12:35:48Z">
          <params>
            <param index="0">
              <value>
                <![CDATA[{expectedMessage=, expectedErrorCode=200.0, endpoint=qa/api/partner/leasing-company-rating}]]>
              </value>
            </param>
            <param index="1">
              <value>
                <![CDATA[org.testng.TestRunner@65f58c6e]]>
              </value>
            </param>
          </params>
          <reporter-output>
          </reporter-output>
        </test-method> <!-- leasing_ranking -->
        <test-method status="PASS" signature="afterMethod()[pri:0, instance:TestCases.Leasing_Partner_Ranking@62379589]" name="afterMethod" is-config="true" duration-ms="50" started-at="2021-03-04T12:35:48Z" finished-at="2021-03-04T12:35:48Z">
          <reporter-output>
          </reporter-output>
        </test-method> <!-- afterMethod -->
      </class> <!-- TestCases.Leasing_Partner_Ranking -->
      <class name="TestCases.Customer_Register_Send_Otp">
        <test-method status="PASS" signature="beforClass()[pri:0, instance:TestCases.Customer_Register_Send_Otp@13c9d689]" name="beforClass" is-config="true" duration-ms="0" started-at="2021-03-04T12:35:39Z" finished-at="2021-03-04T12:35:39Z">
          <reporter-output>
          </reporter-output>
        </test-method> <!-- beforClass -->
        <test-method status="PASS" signature="beforeMethod()[pri:0, instance:TestCases.Customer_Register_Send_Otp@13c9d689]" name="beforeMethod" is-config="true" duration-ms="1" started-at="2021-03-04T12:35:39Z" finished-at="2021-03-04T12:35:39Z">
          <reporter-output>
          </reporter-output>
        </test-method> <!-- beforeMethod -->
        <test-method status="PASS" signature="customer_regsiter_send_otp(java.util.Hashtable, org.testng.ITestContext)[pri:0, instance:TestCases.Customer_Register_Send_Otp@13c9d689]" name="customer_regsiter_send_otp" duration-ms="2822" started-at="2021-03-04T12:35:39Z" data-provider="dp" finished-at="2021-03-04T12:35:42Z">
          <params>
            <param index="0">
              <value>
                <![CDATA[{mobile=1, expectedMessage=Otp sent successfully, expectedErrorCode=200, endpoint=qa/customer/api/v1/otp/register/send}]]>
              </value>
            </param>
            <param index="1">
              <value>
                <![CDATA[org.testng.TestRunner@65f58c6e]]>
              </value>
            </param>
          </params>
          <reporter-output>
          </reporter-output>
        </test-method> <!-- customer_regsiter_send_otp -->
        <test-method status="PASS" signature="afterMethod()[pri:0, instance:TestCases.Customer_Register_Send_Otp@13c9d689]" name="afterMethod" is-config="true" duration-ms="49" started-at="2021-03-04T12:35:42Z" finished-at="2021-03-04T12:35:42Z">
          <reporter-output>
          </reporter-output>
        </test-method> <!-- afterMethod -->
        <test-method status="PASS" signature="beforeMethod()[pri:0, instance:TestCases.Customer_Register_Send_Otp@13c9d689]" name="beforeMethod" is-config="true" duration-ms="0" started-at="2021-03-04T12:35:42Z" finished-at="2021-03-04T12:35:42Z">
          <reporter-output>
          </reporter-output>
        </test-method> <!-- beforeMethod -->
        <test-method status="PASS" signature="invalid_mobile_send_otp(java.util.Hashtable, org.testng.ITestContext)[pri:0, instance:TestCases.Customer_Register_Send_Otp@13c9d689]" name="invalid_mobile_send_otp" duration-ms="583" started-at="2021-03-04T12:35:42Z" data-provider="dp" finished-at="2021-03-04T12:35:43Z">
          <params>
            <param index="0">
              <value>
                <![CDATA[{mobile=, expectedMessage=Please provide valid mobile, expectedErrorCode=400, endpoint=qa/customer/api/v1/otp/register/send}]]>
              </value>
            </param>
            <param index="1">
              <value>
                <![CDATA[org.testng.TestRunner@65f58c6e]]>
              </value>
            </param>
          </params>
          <reporter-output>
          </reporter-output>
        </test-method> <!-- invalid_mobile_send_otp -->
        <test-method status="PASS" signature="afterMethod()[pri:0, instance:TestCases.Customer_Register_Send_Otp@13c9d689]" name="afterMethod" is-config="true" duration-ms="40" started-at="2021-03-04T12:35:43Z" finished-at="2021-03-04T12:35:43Z">
          <reporter-output>
          </reporter-output>
        </test-method> <!-- afterMethod -->
      </class> <!-- TestCases.Customer_Register_Send_Otp -->
      <class name="TestCases.Common_Cust_Verify_Otp">
        <test-method status="PASS" signature="beforClass()[pri:0, instance:TestCases.Common_Cust_Verify_Otp@3754a4bf]" name="beforClass" is-config="true" duration-ms="0" started-at="2021-03-04T12:35:43Z" finished-at="2021-03-04T12:35:43Z">
          <reporter-output>
          </reporter-output>
        </test-method> <!-- beforClass -->
        <test-method status="PASS" signature="beforeMethod()[pri:0, instance:TestCases.Common_Cust_Verify_Otp@3754a4bf]" name="beforeMethod" is-config="true" duration-ms="0" started-at="2021-03-04T12:35:43Z" finished-at="2021-03-04T12:35:43Z">
          <reporter-output>
          </reporter-output>
        </test-method> <!-- beforeMethod -->
        <test-method status="PASS" signature="customer_verify_otp(java.util.Hashtable, org.testng.ITestContext)[pri:0, instance:TestCases.Common_Cust_Verify_Otp@3754a4bf]" name="customer_verify_otp" duration-ms="3219" started-at="2021-03-04T12:35:43Z" data-provider="dp" finished-at="2021-03-04T12:35:46Z">
          <params>
            <param index="0">
              <value>
                <![CDATA[{contactInfo=1, expectedMessage=null, otp=1, expectedErrorCode=200, endpoint=qa/customer/api/v1/otp/verify}]]>
              </value>
            </param>
            <param index="1">
              <value>
                <![CDATA[org.testng.TestRunner@65f58c6e]]>
              </value>
            </param>
          </params>
          <reporter-output>
          </reporter-output>
        </test-method> <!-- customer_verify_otp -->
        <test-method status="PASS" signature="afterMethod()[pri:0, instance:TestCases.Common_Cust_Verify_Otp@3754a4bf]" name="afterMethod" is-config="true" duration-ms="50" started-at="2021-03-04T12:35:46Z" finished-at="2021-03-04T12:35:46Z">
          <reporter-output>
          </reporter-output>
        </test-method> <!-- afterMethod -->
      </class> <!-- TestCases.Common_Cust_Verify_Otp -->
    </test> <!-- API Test -->
  </suite> <!-- Suite -->
</testng-results>
