<?xml version="1.0" encoding="UTF-8"?>
<testng-results skipped="0" failed="0" ignored="16" total="22" passed="6">
  <reporter-output>
  </reporter-output>
  <suite name="Suite" duration-ms="158564" started-at="2021-03-02T14:08:23Z" finished-at="2021-03-02T14:11:02Z">
    <groups>
    </groups>
    <test name="API Test" duration-ms="158564" started-at="2021-03-02T14:08:23Z" finished-at="2021-03-02T14:11:02Z">
      <class name="TestCases.Send_OTP">
        <test-method status="PASS" signature="setup()[pri:0, instance:TestCases.Send_OTP@1f53a5dc]" name="setup" is-config="true" duration-ms="137" started-at="2021-03-02T19:38:23Z" finished-at="2021-03-02T19:38:23Z">
          <reporter-output>
          </reporter-output>
        </test-method> <!-- setup -->
        <test-method status="PASS" signature="configure()[pri:0, instance:TestCases.Send_OTP@1f53a5dc]" name="configure" is-config="true" duration-ms="420" started-at="2021-03-02T19:38:23Z" depends-on-methods="com.MSIL.Setup.BaseSetup.setup" finished-at="2021-03-02T19:38:23Z">
          <reporter-output>
          </reporter-output>
        </test-method> <!-- configure -->
        <test-method status="PASS" signature="beforeTest(java.lang.String)[pri:0, instance:TestCases.Send_OTP@1f53a5dc]" name="beforeTest" is-config="true" duration-ms="5" started-at="2021-03-02T19:38:23Z" finished-at="2021-03-02T19:38:23Z">
          <params>
            <param index="0">
              <value>
                <![CDATA[QA]]>
              </value>
            </param>
          </params>
          <reporter-output>
          </reporter-output>
        </test-method> <!-- beforeTest -->
        <test-method status="PASS" signature="beforClass()[pri:0, instance:TestCases.Send_OTP@1f53a5dc]" name="beforClass" is-config="true" duration-ms="5" started-at="2021-03-02T19:38:23Z" finished-at="2021-03-02T19:38:23Z">
          <reporter-output>
          </reporter-output>
        </test-method> <!-- beforClass -->
        <test-method status="PASS" signature="beforeMethod()[pri:0, instance:TestCases.Send_OTP@1f53a5dc]" name="beforeMethod" is-config="true" duration-ms="1" started-at="2021-03-02T19:38:23Z" finished-at="2021-03-02T19:38:23Z">
          <reporter-output>
          </reporter-output>
        </test-method> <!-- beforeMethod -->
        <test-method status="PASS" signature="s_otp(java.util.Hashtable)[pri:0, instance:TestCases.Send_OTP@1f53a5dc]" name="s_otp" duration-ms="3572" started-at="2021-03-02T19:38:23Z" data-provider="dp" finished-at="2021-03-02T19:38:27Z">
          <params>
            <param index="0">
              <value>
                <![CDATA[{mobileNo=, appId=4.0, endpoint=qa/sendotp}]]>
              </value>
            </param>
          </params>
          <reporter-output>
          </reporter-output>
        </test-method> <!-- s_otp -->
        <test-method status="PASS" signature="afterMethod()[pri:0, instance:TestCases.Send_OTP@1f53a5dc]" name="afterMethod" is-config="true" duration-ms="348" started-at="2021-03-02T19:38:27Z" finished-at="2021-03-02T19:38:27Z">
          <reporter-output>
          </reporter-output>
        </test-method> <!-- afterMethod -->
        <test-method status="PASS" signature="afterSuite()[pri:0, instance:TestCases.Send_OTP@1f53a5dc]" name="afterSuite" is-config="true" duration-ms="0" started-at="2021-03-02T19:41:02Z" finished-at="2021-03-02T19:41:02Z">
          <reporter-output>
          </reporter-output>
        </test-method> <!-- afterSuite -->
      </class> <!-- TestCases.Send_OTP -->
      <class name="TestCases.generateToken">
        <test-method status="PASS" signature="beforClass()[pri:0, instance:TestCases.generateToken@1984b1f]" name="beforClass" is-config="true" duration-ms="0" started-at="2021-03-02T19:38:27Z" finished-at="2021-03-02T19:38:27Z">
          <reporter-output>
          </reporter-output>
        </test-method> <!-- beforClass -->
        <test-method status="PASS" signature="beforeMethod()[pri:0, instance:TestCases.generateToken@1984b1f]" name="beforeMethod" is-config="true" duration-ms="0" started-at="2021-03-02T19:38:27Z" finished-at="2021-03-02T19:38:27Z">
          <reporter-output>
          </reporter-output>
        </test-method> <!-- beforeMethod -->
        <test-method status="PASS" signature="gen_auth_token(java.util.Hashtable, org.testng.ITestContext)[pri:0, instance:TestCases.generateToken@1984b1f]" name="gen_auth_token" duration-ms="3096" started-at="2021-03-02T19:38:27Z" data-provider="dp" finished-at="2021-03-02T19:38:30Z">
          <params>
            <param index="0">
              <value>
                <![CDATA[{mobileNo=9913991811, otp=, appId=4, endpoint=qa/api/account/otp/authtoken}]]>
              </value>
            </param>
            <param index="1">
              <value>
                <![CDATA[org.testng.TestRunner@4538856f]]>
              </value>
            </param>
          </params>
          <reporter-output>
          </reporter-output>
        </test-method> <!-- gen_auth_token -->
        <test-method status="PASS" signature="afterMethod()[pri:0, instance:TestCases.generateToken@1984b1f]" name="afterMethod" is-config="true" duration-ms="52" started-at="2021-03-02T19:38:30Z" finished-at="2021-03-02T19:38:30Z">
          <reporter-output>
          </reporter-output>
        </test-method> <!-- afterMethod -->
      </class> <!-- TestCases.generateToken -->
      <class name="TestCases.Customer_Register_Send_Otp">
        <test-method status="PASS" signature="beforClass()[pri:0, instance:TestCases.Customer_Register_Send_Otp@3bd323e9]" name="beforClass" is-config="true" duration-ms="0" started-at="2021-03-02T19:38:30Z" finished-at="2021-03-02T19:38:30Z">
          <reporter-output>
          </reporter-output>
        </test-method> <!-- beforClass -->
        <test-method status="PASS" signature="beforeMethod()[pri:0, instance:TestCases.Customer_Register_Send_Otp@3bd323e9]" name="beforeMethod" is-config="true" duration-ms="1" started-at="2021-03-02T19:38:30Z" finished-at="2021-03-02T19:38:30Z">
          <reporter-output>
          </reporter-output>
        </test-method> <!-- beforeMethod -->
        <test-method status="PASS" signature="customer_regsiter_send_otp(java.util.Hashtable, org.testng.ITestContext)[pri:0, instance:TestCases.Customer_Register_Send_Otp@3bd323e9]" name="customer_regsiter_send_otp" duration-ms="1666" started-at="2021-03-02T19:38:30Z" data-provider="dp" finished-at="2021-03-02T19:38:32Z">
          <params>
            <param index="0">
              <value>
                <![CDATA[{mobile=1, expectedMessage=Otp sent successfully, expectedErrorCode=200, endpoint=qa/customer/api/v1/otp/register/send}]]>
              </value>
            </param>
            <param index="1">
              <value>
                <![CDATA[org.testng.TestRunner@4538856f]]>
              </value>
            </param>
          </params>
          <reporter-output>
          </reporter-output>
        </test-method> <!-- customer_regsiter_send_otp -->
        <test-method status="PASS" signature="afterMethod()[pri:0, instance:TestCases.Customer_Register_Send_Otp@3bd323e9]" name="afterMethod" is-config="true" duration-ms="38" started-at="2021-03-02T19:38:32Z" finished-at="2021-03-02T19:38:32Z">
          <reporter-output>
          </reporter-output>
        </test-method> <!-- afterMethod -->
        <test-method status="PASS" signature="invalid_mobile_send_otp(java.util.Hashtable, org.testng.ITestContext)[pri:0, instance:TestCases.Customer_Register_Send_Otp@3bd323e9]" name="invalid_mobile_send_otp" duration-ms="551" started-at="2021-03-02T19:38:32Z" data-provider="dp" finished-at="2021-03-02T19:38:33Z">
          <params>
            <param index="0">
              <value>
                <![CDATA[{mobile=, expectedMessage=Please provide valid mobile, expectedErrorCode=400, endpoint=qa/customer/api/v1/otp/register/send}]]>
              </value>
            </param>
            <param index="1">
              <value>
                <![CDATA[org.testng.TestRunner@4538856f]]>
              </value>
            </param>
          </params>
          <reporter-output>
          </reporter-output>
        </test-method> <!-- invalid_mobile_send_otp -->
        <test-method status="PASS" signature="beforeMethod()[pri:0, instance:TestCases.Customer_Register_Send_Otp@3bd323e9]" name="beforeMethod" is-config="true" duration-ms="0" started-at="2021-03-02T19:38:32Z" finished-at="2021-03-02T19:38:32Z">
          <reporter-output>
          </reporter-output>
        </test-method> <!-- beforeMethod -->
        <test-method status="PASS" signature="afterMethod()[pri:0, instance:TestCases.Customer_Register_Send_Otp@3bd323e9]" name="afterMethod" is-config="true" duration-ms="32" started-at="2021-03-02T19:38:33Z" finished-at="2021-03-02T19:38:33Z">
          <reporter-output>
          </reporter-output>
        </test-method> <!-- afterMethod -->
      </class> <!-- TestCases.Customer_Register_Send_Otp -->
      <class name="TestCases.Car_Model_Ranking">
        <test-method status="PASS" signature="beforeMethod()[pri:0, instance:TestCases.Car_Model_Ranking@c7ba306]" name="beforeMethod" is-config="true" duration-ms="0" started-at="2021-03-02T19:38:34Z" finished-at="2021-03-02T19:38:34Z">
          <reporter-output>
          </reporter-output>
        </test-method> <!-- beforeMethod -->
        <test-method status="PASS" signature="car_basison_ranking(java.util.Hashtable, org.testng.ITestContext)[pri:0, instance:TestCases.Car_Model_Ranking@c7ba306]" name="car_basison_ranking" duration-ms="148203" started-at="2021-03-02T19:38:34Z" data-provider="dp" finished-at="2021-03-02T19:41:02Z">
          <params>
            <param index="0">
              <value>
                <![CDATA[{expectedMessage=, expectedErrorCode=200.0, endpoint=qa/api/subscribe/vehicle/model/7?resolution=hdpi}]]>
              </value>
            </param>
            <param index="1">
              <value>
                <![CDATA[org.testng.TestRunner@4538856f]]>
              </value>
            </param>
          </params>
          <reporter-output>
          </reporter-output>
        </test-method> <!-- car_basison_ranking -->
        <test-method status="PASS" signature="beforClass()[pri:0, instance:TestCases.Car_Model_Ranking@c7ba306]" name="beforClass" is-config="true" duration-ms="0" started-at="2021-03-02T19:38:34Z" finished-at="2021-03-02T19:38:34Z">
          <reporter-output>
          </reporter-output>
        </test-method> <!-- beforClass -->
        <test-method status="PASS" signature="afterMethod()[pri:0, instance:TestCases.Car_Model_Ranking@c7ba306]" name="afterMethod" is-config="true" duration-ms="40" started-at="2021-03-02T19:41:02Z" finished-at="2021-03-02T19:41:02Z">
          <reporter-output>
          </reporter-output>
        </test-method> <!-- afterMethod -->
      </class> <!-- TestCases.Car_Model_Ranking -->
      <class name="TestCases.Common_Cust_Verify_Otp">
        <test-method status="PASS" signature="beforClass()[pri:0, instance:TestCases.Common_Cust_Verify_Otp@39ac0c0a]" name="beforClass" is-config="true" duration-ms="0" started-at="2021-03-02T19:38:33Z" finished-at="2021-03-02T19:38:33Z">
          <reporter-output>
          </reporter-output>
        </test-method> <!-- beforClass -->
        <test-method status="PASS" signature="beforeMethod()[pri:0, instance:TestCases.Common_Cust_Verify_Otp@39ac0c0a]" name="beforeMethod" is-config="true" duration-ms="0" started-at="2021-03-02T19:38:33Z" finished-at="2021-03-02T19:38:33Z">
          <reporter-output>
          </reporter-output>
        </test-method> <!-- beforeMethod -->
        <test-method status="PASS" signature="customer_verify_otp(java.util.Hashtable, org.testng.ITestContext)[pri:0, instance:TestCases.Common_Cust_Verify_Otp@39ac0c0a]" name="customer_verify_otp" duration-ms="855" started-at="2021-03-02T19:38:33Z" data-provider="dp" finished-at="2021-03-02T19:38:34Z">
          <params>
            <param index="0">
              <value>
                <![CDATA[{contactInfo=1, expectedMessage=null, otp=1, expectedErrorCode=200, endpoint=qa/customer/api/v1/otp/verify}]]>
              </value>
            </param>
            <param index="1">
              <value>
                <![CDATA[org.testng.TestRunner@4538856f]]>
              </value>
            </param>
          </params>
          <reporter-output>
          </reporter-output>
        </test-method> <!-- customer_verify_otp -->
        <test-method status="PASS" signature="afterMethod()[pri:0, instance:TestCases.Common_Cust_Verify_Otp@39ac0c0a]" name="afterMethod" is-config="true" duration-ms="46" started-at="2021-03-02T19:38:34Z" finished-at="2021-03-02T19:38:34Z">
          <reporter-output>
          </reporter-output>
        </test-method> <!-- afterMethod -->
      </class> <!-- TestCases.Common_Cust_Verify_Otp -->
    </test> <!-- API Test -->
  </suite> <!-- Suite -->
</testng-results>
