<?xml version="1.0" encoding="UTF-8"?>
<testng-results skipped="0" failed="0" ignored="0" total="2" passed="2">
  <reporter-output>
  </reporter-output>
  <suite name="Suite" duration-ms="5196" started-at="2021-11-22T04:22:27Z" finished-at="2021-11-22T04:22:33Z">
    <groups>
    </groups>
    <test name="API Test" duration-ms="5196" started-at="2021-11-22T04:22:27Z" finished-at="2021-11-22T04:22:33Z">
      <class name="TestCases.Registration_Price_Detail">
        <test-method status="PASS" signature="setup()[pri:0, instance:TestCases.Registration_Price_Detail@5fe94a96]" name="setup" is-config="true" duration-ms="120" started-at="2021-11-22T09:52:27Z" finished-at="2021-11-22T09:52:27Z">
          <reporter-output>
          </reporter-output>
        </test-method> <!-- setup -->
        <test-method status="PASS" signature="configure()[pri:0, instance:TestCases.Registration_Price_Detail@5fe94a96]" name="configure" is-config="true" duration-ms="411" started-at="2021-11-22T09:52:27Z" depends-on-methods="com.MSIL.Setup.BaseSetup.setup" finished-at="2021-11-22T09:52:27Z">
          <reporter-output>
          </reporter-output>
        </test-method> <!-- configure -->
        <test-method status="PASS" signature="beforeTest(java.lang.String)[pri:0, instance:TestCases.Registration_Price_Detail@5fe94a96]" name="beforeTest" is-config="true" duration-ms="1" started-at="2021-11-22T09:52:27Z" finished-at="2021-11-22T09:52:27Z">
          <params>
            <param index="0">
              <value>
                <![CDATA[PREPROD]]>
              </value>
            </param>
          </params>
          <reporter-output>
          </reporter-output>
        </test-method> <!-- beforeTest -->
        <test-method status="PASS" signature="beforClass()[pri:0, instance:TestCases.Registration_Price_Detail@5fe94a96]" name="beforClass" is-config="true" duration-ms="4" started-at="2021-11-22T09:52:27Z" finished-at="2021-11-22T09:52:27Z">
          <reporter-output>
          </reporter-output>
        </test-method> <!-- beforClass -->
        <test-method status="PASS" signature="registration_price(java.util.Hashtable, org.testng.ITestContext)[pri:0, instance:TestCases.Registration_Price_Detail@5fe94a96]" name="registration_price" duration-ms="2737" started-at="2021-11-22T09:52:28Z" data-provider="dp" finished-at="2021-11-22T09:52:30Z">
          <params>
            <param index="0">
              <value>
                <![CDATA[{buyerType=%, state=KT, shareCap=%, expectedErrorCode=, variant=CIA4EV1, taxTenure=15, model=CI, colorType=NM, forcode=02, acNac=Y, cutomerType=%, expectedMessage=, salesType=IND, endpoint=payment/registration-price?isCacheEnable=false}]]>
              </value>
            </param>
            <param index="1">
              <value>
                <![CDATA[org.testng.TestRunner@5674e1f2]]>
              </value>
            </param>
          </params>
          <reporter-output>
          </reporter-output>
        </test-method> <!-- registration_price -->
        <test-method status="PASS" signature="beforeMethod()[pri:0, instance:TestCases.Registration_Price_Detail@5fe94a96]" name="beforeMethod" is-config="true" duration-ms="0" started-at="2021-11-22T09:52:28Z" finished-at="2021-11-22T09:52:28Z">
          <reporter-output>
          </reporter-output>
        </test-method> <!-- beforeMethod -->
        <test-method status="PASS" signature="afterMethod()[pri:0, instance:TestCases.Registration_Price_Detail@5fe94a96]" name="afterMethod" is-config="true" duration-ms="241" started-at="2021-11-22T09:52:30Z" finished-at="2021-11-22T09:52:30Z">
          <reporter-output>
          </reporter-output>
        </test-method> <!-- afterMethod -->
        <test-method status="PASS" signature="afterSuite()[pri:0, instance:TestCases.Registration_Price_Detail@5fe94a96]" name="afterSuite" is-config="true" duration-ms="0" started-at="2021-11-22T09:52:33Z" finished-at="2021-11-22T09:52:33Z">
          <reporter-output>
          </reporter-output>
        </test-method> <!-- afterSuite -->
      </class> <!-- TestCases.Registration_Price_Detail -->
      <class name="TestCases.MSIL_Registration_price">
        <test-method status="PASS" signature="msil(java.util.Hashtable, org.testng.ITestContext)[pri:0, instance:TestCases.MSIL_Registration_price@765d7657]" name="msil" duration-ms="2175" started-at="2021-11-22T09:52:31Z" data-provider="dp" finished-at="2021-11-22T09:52:33Z">
          <params>
            <param index="0">
              <value>
                <![CDATA[{registration_tenure=15, sales_type=IND, customer_type=I, endpoint=price-summary, state_code=KT, dealer_code=11NC-11, model_code=CI, color_code=NM, expectedMessage=, exshowrrom_price=32000.0, warrnty_year=II, buyer_type=F, expectedErrorCode=, ac_type=B, share_capital=, variant_code=CIA4EV1, for_code=02, fuel_type=PET, company_id=0}]]>
              </value>
            </param>
            <param index="1">
              <value>
                <![CDATA[org.testng.TestRunner@5674e1f2]]>
              </value>
            </param>
          </params>
          <reporter-output>
          </reporter-output>
        </test-method> <!-- msil -->
      </class> <!-- TestCases.MSIL_Registration_price -->
    </test> <!-- API Test -->
  </suite> <!-- Suite -->
</testng-results>
