<?xml version="1.0" encoding="UTF-8"?>
<!-- Generated by org.testng.reporters.JUnitReportReporter -->
<testsuite hostname="nehajha" failures="1" tests="19" name="TestCases.Customer_Registartion" time="5.057" errors="4" timestamp="17 Mar 2021 08:34:22 GMT" skipped="2">
  <testcase classname="TestCases.Customer_Registartion" name="invalid_customer_registration" time="0.324"/>
  <testcase classname="TestCases.Customer_Registartion" name="invalid_customer_registration" time="0.288"/>
  <testcase classname="TestCases.Customer_Registartion" name="customer_registration" time="0.319"/>
  <testcase classname="TestCases.Customer_Registartion" name="invalid_customer_registration" time="0.375">
    <failure message="expected [JSON parse error: Cannot deserialize value of type `java.time.LocalDate` from String \&quot;1983/01/01&#039;\&quot;: Failed to deserialize java.time.LocalDate: (java.time.format.DateTimeParseException) Text &#039;1983/01/01&#039; could not be parsed at index 5; nested exception is com.fasterxml.jackson.databind.exc.InvalidFormatException: Cannot deserialize value of type `java.time.LocalDate` from String \&quot;1983/01/01\&quot;: Failed to deserialize java.time.LocalDate: (java.time.format.DateTimeParseException) Text &#039;1983/01/01&#039; could not be parsed at index 5\n at [Source: (PushbackInputStream); line: 8, column: 12] (through reference chain: com.marutisuzuki.customer.dto.request.CustomerRegisterReqDto[\&quot;dob\&quot;])] but found [JSON parse error: Cannot deserialize value of type `java.time.LocalDate` from String &quot;1983/01/01&quot;: Failed to deserialize java.time.LocalDate: (java.time.format.DateTimeParseException) Text &#039;1983/01/01&#039; could not be parsed at index 4; nested exception is com.fasterxml.jackson.databind.exc.InvalidFormatException: Cannot deserialize value of type `java.time.LocalDate` from String &quot;1983/01/01&quot;: Failed to deserialize java.time.LocalDate: (java.time.format.DateTimeParseException) Text &#039;1983/01/01&#039; could not be parsed at index 4
 at [Source: (PushbackInputStream); line: 1, column: 128] (through reference chain: com.marutisuzuki.customer.dto.request.CustomerRegisterReqDto[&quot;dob&quot;])]" type="java.lang.AssertionError">
      <![CDATA[java.lang.AssertionError: expected [JSON parse error: Cannot deserialize value of type `java.time.LocalDate` from String \"1983/01/01'\": Failed to deserialize java.time.LocalDate: (java.time.format.DateTimeParseException) Text '1983/01/01' could not be parsed at index 5; nested exception is com.fasterxml.jackson.databind.exc.InvalidFormatException: Cannot deserialize value of type `java.time.LocalDate` from String \"1983/01/01\": Failed to deserialize java.time.LocalDate: (java.time.format.DateTimeParseException) Text '1983/01/01' could not be parsed at index 5\n at [Source: (PushbackInputStream); line: 8, column: 12] (through reference chain: com.marutisuzuki.customer.dto.request.CustomerRegisterReqDto[\"dob\"])] but found [JSON parse error: Cannot deserialize value of type `java.time.LocalDate` from String "1983/01/01": Failed to deserialize java.time.LocalDate: (java.time.format.DateTimeParseException) Text '1983/01/01' could not be parsed at index 4; nested exception is com.fasterxml.jackson.databind.exc.InvalidFormatException: Cannot deserialize value of type `java.time.LocalDate` from String "1983/01/01": Failed to deserialize java.time.LocalDate: (java.time.format.DateTimeParseException) Text '1983/01/01' could not be parsed at index 4
 at [Source: (PushbackInputStream); line: 1, column: 128] (through reference chain: com.marutisuzuki.customer.dto.request.CustomerRegisterReqDto["dob"])]
	at org.testng.Assert.fail(Assert.java:93)
	at org.testng.Assert.failNotEquals(Assert.java:512)
	at org.testng.Assert.assertEqualsImpl(Assert.java:134)
	at org.testng.Assert.assertEquals(Assert.java:115)
	at org.testng.Assert.assertEquals(Assert.java:189)
	at org.testng.Assert.assertEquals(Assert.java:199)
	at com.MSIL.TestUtils.Verify_Response.verify_Response_1(Verify_Response.java:36)
	at com.MSIL.API_LISTS.Cust_Regsiration_API.customer_registration_API(Cust_Regsiration_API.java:39)
	at TestCases.Customer_Registartion.invalid_customer_registration(Customer_Registartion.java:33)
	at java.base/jdk.internal.reflect.NativeMethodAccessorImpl.invoke0(Native Method)
	at java.base/jdk.internal.reflect.NativeMethodAccessorImpl.invoke(NativeMethodAccessorImpl.java:64)
	at java.base/jdk.internal.reflect.DelegatingMethodAccessorImpl.invoke(DelegatingMethodAccessorImpl.java:43)
	at java.base/java.lang.reflect.Method.invoke(Method.java:564)
	at org.testng.internal.MethodInvocationHelper.invokeMethod(MethodInvocationHelper.java:108)
	at org.testng.internal.Invoker.invokeMethod(Invoker.java:661)
	at org.testng.internal.Invoker.invokeTestMethod(Invoker.java:869)
	at org.testng.internal.Invoker.invokeTestMethods(Invoker.java:1193)
	at org.testng.internal.TestMethodWorker.invokeTestMethods(TestMethodWorker.java:126)
	at org.testng.internal.TestMethodWorker.run(TestMethodWorker.java:109)
	at org.testng.TestRunner.privateRun(TestRunner.java:744)
	at org.testng.TestRunner.run(TestRunner.java:602)
	at org.testng.SuiteRunner.runTest(SuiteRunner.java:380)
	at org.testng.SuiteRunner.runSequentially(SuiteRunner.java:375)
	at org.testng.SuiteRunner.privateRun(SuiteRunner.java:340)
	at org.testng.SuiteRunner.run(SuiteRunner.java:289)
	at org.testng.SuiteRunnerWorker.runSuite(SuiteRunnerWorker.java:52)
	at org.testng.SuiteRunnerWorker.run(SuiteRunnerWorker.java:86)
	at org.testng.TestNG.runSuitesSequentially(TestNG.java:1301)
	at org.testng.TestNG.runSuitesLocally(TestNG.java:1226)
	at org.testng.TestNG.runSuites(TestNG.java:1144)
	at org.testng.TestNG.run(TestNG.java:1115)
	at org.testng.remote.AbstractRemoteTestNG.run(AbstractRemoteTestNG.java:115)
	at org.testng.remote.RemoteTestNG.initAndRun(RemoteTestNG.java:251)
	at org.testng.remote.RemoteTestNG.main(RemoteTestNG.java:77)
]]>
    </failure>
  </testcase> <!-- invalid_customer_registration -->
  <testcase classname="TestCases.Customer_Registartion" name="invalid_customer_registration" time="0.276"/>
  <testcase classname="TestCases.Customer_Registartion" name="customer_registration" time="0.378"/>
  <testcase classname="TestCases.Customer_Registartion" name="invalid_customer_registration" time="0.041">
    <error message="wrong number of arguments" type="java.lang.IllegalArgumentException">
      <![CDATA[java.lang.IllegalArgumentException: wrong number of arguments
	at java.base/jdk.internal.reflect.NativeMethodAccessorImpl.invoke0(Native Method)
	at java.base/jdk.internal.reflect.NativeMethodAccessorImpl.invoke(NativeMethodAccessorImpl.java:64)
	at java.base/jdk.internal.reflect.DelegatingMethodAccessorImpl.invoke(DelegatingMethodAccessorImpl.java:43)
	at java.base/java.lang.reflect.Method.invoke(Method.java:564)
	at org.testng.internal.MethodInvocationHelper.invokeMethod(MethodInvocationHelper.java:108)
	at org.testng.internal.Invoker.invokeMethod(Invoker.java:661)
	at org.testng.internal.Invoker.retryFailed(Invoker.java:1014)
	at org.testng.internal.Invoker.invokeTestMethods(Invoker.java:1215)
	at org.testng.internal.TestMethodWorker.invokeTestMethods(TestMethodWorker.java:126)
	at org.testng.internal.TestMethodWorker.run(TestMethodWorker.java:109)
	at org.testng.TestRunner.privateRun(TestRunner.java:744)
	at org.testng.TestRunner.run(TestRunner.java:602)
	at org.testng.SuiteRunner.runTest(SuiteRunner.java:380)
	at org.testng.SuiteRunner.runSequentially(SuiteRunner.java:375)
	at org.testng.SuiteRunner.privateRun(SuiteRunner.java:340)
	at org.testng.SuiteRunner.run(SuiteRunner.java:289)
	at org.testng.SuiteRunnerWorker.runSuite(SuiteRunnerWorker.java:52)
	at org.testng.SuiteRunnerWorker.run(SuiteRunnerWorker.java:86)
	at org.testng.TestNG.runSuitesSequentially(TestNG.java:1301)
	at org.testng.TestNG.runSuitesLocally(TestNG.java:1226)
	at org.testng.TestNG.runSuites(TestNG.java:1144)
	at org.testng.TestNG.run(TestNG.java:1115)
	at org.testng.remote.AbstractRemoteTestNG.run(AbstractRemoteTestNG.java:115)
	at org.testng.remote.RemoteTestNG.initAndRun(RemoteTestNG.java:251)
	at org.testng.remote.RemoteTestNG.main(RemoteTestNG.java:77)
]]>
    </error>
  </testcase> <!-- invalid_customer_registration -->
  <testcase classname="TestCases.Customer_Registartion" name="invalid_customer_registration" time="0.032">
    <error message="wrong number of arguments" type="java.lang.IllegalArgumentException">
      <![CDATA[java.lang.IllegalArgumentException: wrong number of arguments
	at java.base/jdk.internal.reflect.NativeMethodAccessorImpl.invoke0(Native Method)
	at java.base/jdk.internal.reflect.NativeMethodAccessorImpl.invoke(NativeMethodAccessorImpl.java:64)
	at java.base/jdk.internal.reflect.DelegatingMethodAccessorImpl.invoke(DelegatingMethodAccessorImpl.java:43)
	at java.base/java.lang.reflect.Method.invoke(Method.java:564)
	at org.testng.internal.MethodInvocationHelper.invokeMethod(MethodInvocationHelper.java:108)
	at org.testng.internal.Invoker.invokeMethod(Invoker.java:661)
	at org.testng.internal.Invoker.retryFailed(Invoker.java:1014)
	at org.testng.internal.Invoker.invokeTestMethods(Invoker.java:1215)
	at org.testng.internal.TestMethodWorker.invokeTestMethods(TestMethodWorker.java:126)
	at org.testng.internal.TestMethodWorker.run(TestMethodWorker.java:109)
	at org.testng.TestRunner.privateRun(TestRunner.java:744)
	at org.testng.TestRunner.run(TestRunner.java:602)
	at org.testng.SuiteRunner.runTest(SuiteRunner.java:380)
	at org.testng.SuiteRunner.runSequentially(SuiteRunner.java:375)
	at org.testng.SuiteRunner.privateRun(SuiteRunner.java:340)
	at org.testng.SuiteRunner.run(SuiteRunner.java:289)
	at org.testng.SuiteRunnerWorker.runSuite(SuiteRunnerWorker.java:52)
	at org.testng.SuiteRunnerWorker.run(SuiteRunnerWorker.java:86)
	at org.testng.TestNG.runSuitesSequentially(TestNG.java:1301)
	at org.testng.TestNG.runSuitesLocally(TestNG.java:1226)
	at org.testng.TestNG.runSuites(TestNG.java:1144)
	at org.testng.TestNG.run(TestNG.java:1115)
	at org.testng.remote.AbstractRemoteTestNG.run(AbstractRemoteTestNG.java:115)
	at org.testng.remote.RemoteTestNG.initAndRun(RemoteTestNG.java:251)
	at org.testng.remote.RemoteTestNG.main(RemoteTestNG.java:77)
]]>
    </error>
  </testcase> <!-- invalid_customer_registration -->
  <testcase classname="TestCases.Customer_Registartion" name="invalid_customer_registration" time="0.287">
    <skipped/>
  </testcase> <!-- invalid_customer_registration -->
  <testcase classname="TestCases.Customer_Registartion" name="invalid_customer_registration" time="0.297">
    <error message="Cannot invoke &quot;java.util.List.get(int)&quot; because &quot;lhmap&quot; is null" type="java.lang.NullPointerException">
      <![CDATA[java.lang.NullPointerException: Cannot invoke "java.util.List.get(int)" because "lhmap" is null
	at com.MSIL.TestUtils.Verify_Response.verify_Response_1(Verify_Response.java:35)
	at com.MSIL.API_LISTS.Cust_Regsiration_API.customer_registration_API(Cust_Regsiration_API.java:39)
	at TestCases.Customer_Registartion.invalid_customer_registration(Customer_Registartion.java:33)
	at java.base/jdk.internal.reflect.NativeMethodAccessorImpl.invoke0(Native Method)
	at java.base/jdk.internal.reflect.NativeMethodAccessorImpl.invoke(NativeMethodAccessorImpl.java:64)
	at java.base/jdk.internal.reflect.DelegatingMethodAccessorImpl.invoke(DelegatingMethodAccessorImpl.java:43)
	at java.base/java.lang.reflect.Method.invoke(Method.java:564)
	at org.testng.internal.MethodInvocationHelper.invokeMethod(MethodInvocationHelper.java:108)
	at org.testng.internal.Invoker.invokeMethod(Invoker.java:661)
	at org.testng.internal.Invoker.invokeTestMethod(Invoker.java:869)
	at org.testng.internal.Invoker.invokeTestMethods(Invoker.java:1193)
	at org.testng.internal.TestMethodWorker.invokeTestMethods(TestMethodWorker.java:126)
	at org.testng.internal.TestMethodWorker.run(TestMethodWorker.java:109)
	at org.testng.TestRunner.privateRun(TestRunner.java:744)
	at org.testng.TestRunner.run(TestRunner.java:602)
	at org.testng.SuiteRunner.runTest(SuiteRunner.java:380)
	at org.testng.SuiteRunner.runSequentially(SuiteRunner.java:375)
	at org.testng.SuiteRunner.privateRun(SuiteRunner.java:340)
	at org.testng.SuiteRunner.run(SuiteRunner.java:289)
	at org.testng.SuiteRunnerWorker.runSuite(SuiteRunnerWorker.java:52)
	at org.testng.SuiteRunnerWorker.run(SuiteRunnerWorker.java:86)
	at org.testng.TestNG.runSuitesSequentially(TestNG.java:1301)
	at org.testng.TestNG.runSuitesLocally(TestNG.java:1226)
	at org.testng.TestNG.runSuites(TestNG.java:1144)
	at org.testng.TestNG.run(TestNG.java:1115)
	at org.testng.remote.AbstractRemoteTestNG.run(AbstractRemoteTestNG.java:115)
	at org.testng.remote.RemoteTestNG.initAndRun(RemoteTestNG.java:251)
	at org.testng.remote.RemoteTestNG.main(RemoteTestNG.java:77)
]]>
    </error>
  </testcase> <!-- invalid_customer_registration -->
  <testcase classname="TestCases.Customer_Registartion" name="invalid_customer_registration" time="0.029">
    <skipped/>
  </testcase> <!-- invalid_customer_registration -->
  <testcase classname="TestCases.Customer_Registartion" name="customer_registration" time="0.377"/>
  <testcase classname="TestCases.Customer_Registartion" name="customer_registration" time="0.349"/>
  <testcase classname="TestCases.Customer_Registartion" name="customer_registration" time="0.339"/>
  <testcase classname="TestCases.Customer_Registartion" name="invalid_customer_registration" time="0.040">
    <error message="wrong number of arguments" type="java.lang.IllegalArgumentException">
      <![CDATA[java.lang.IllegalArgumentException: wrong number of arguments
	at java.base/jdk.internal.reflect.NativeMethodAccessorImpl.invoke0(Native Method)
	at java.base/jdk.internal.reflect.NativeMethodAccessorImpl.invoke(NativeMethodAccessorImpl.java:64)
	at java.base/jdk.internal.reflect.DelegatingMethodAccessorImpl.invoke(DelegatingMethodAccessorImpl.java:43)
	at java.base/java.lang.reflect.Method.invoke(Method.java:564)
	at org.testng.internal.MethodInvocationHelper.invokeMethod(MethodInvocationHelper.java:108)
	at org.testng.internal.Invoker.invokeMethod(Invoker.java:661)
	at org.testng.internal.Invoker.retryFailed(Invoker.java:1014)
	at org.testng.internal.Invoker.invokeTestMethods(Invoker.java:1215)
	at org.testng.internal.TestMethodWorker.invokeTestMethods(TestMethodWorker.java:126)
	at org.testng.internal.TestMethodWorker.run(TestMethodWorker.java:109)
	at org.testng.TestRunner.privateRun(TestRunner.java:744)
	at org.testng.TestRunner.run(TestRunner.java:602)
	at org.testng.SuiteRunner.runTest(SuiteRunner.java:380)
	at org.testng.SuiteRunner.runSequentially(SuiteRunner.java:375)
	at org.testng.SuiteRunner.privateRun(SuiteRunner.java:340)
	at org.testng.SuiteRunner.run(SuiteRunner.java:289)
	at org.testng.SuiteRunnerWorker.runSuite(SuiteRunnerWorker.java:52)
	at org.testng.SuiteRunnerWorker.run(SuiteRunnerWorker.java:86)
	at org.testng.TestNG.runSuitesSequentially(TestNG.java:1301)
	at org.testng.TestNG.runSuitesLocally(TestNG.java:1226)
	at org.testng.TestNG.runSuites(TestNG.java:1144)
	at org.testng.TestNG.run(TestNG.java:1115)
	at org.testng.remote.AbstractRemoteTestNG.run(AbstractRemoteTestNG.java:115)
	at org.testng.remote.RemoteTestNG.initAndRun(RemoteTestNG.java:251)
	at org.testng.remote.RemoteTestNG.main(RemoteTestNG.java:77)
]]>
    </error>
  </testcase> <!-- invalid_customer_registration -->
  <testcase classname="TestCases.Customer_Registartion" name="customer_registration" time="0.381"/>
  <testcase classname="TestCases.Customer_Registartion" name="invalid_customer_registration" time="0.298"/>
  <testcase classname="TestCases.Customer_Registartion" name="customer_registration" time="0.331"/>
  <testcase classname="TestCases.Customer_Registartion" name="invalid_customer_registration" time="0.296"/>
</testsuite> <!-- TestCases.Customer_Registartion -->
